Change Physical Footprint: Designator=C1 Old Footprint=1608[0603] New Footprint=1608[0603]
Change Physical Footprint: Designator=C2 Old Footprint=1608[0603] New Footprint=1608[0603]
Change Physical Footprint: Designator=C3 Old Footprint=1608[0603] New Footprint=1608[0603]
Change Physical Footprint: Designator=C4 Old Footprint=1608[0603] New Footprint=1608[0603]
Change Physical Footprint: Designator=C5 Old Footprint=1608[0603] New Footprint=1608[0603]
Change Physical Footprint: Designator=C6 Old Footprint=1608[0603] New Footprint=1608[0603]
Change Physical Footprint: Designator=C7 Old Footprint=1608[0603] New Footprint=1608[0603]
Change Physical Footprint: Designator=C7 Old Footprint=6-0805_M New Footprint=6-0805_M
Change Physical Footprint: Designator=C8 Old Footprint=1608[0603] New Footprint=1608[0603]
Change Physical Footprint: Designator=C8 Old Footprint=1608[0603] New Footprint=1608[0603]
Change Physical Footprint: Designator=C9 Old Footprint=1608[0603] New Footprint=1608[0603]
Change Physical Footprint: Designator=C9 Old Footprint=1608[0603] New Footprint=1608[0603]
Change Physical Footprint: Designator=C10_1 Old Footprint=0402-A New Footprint=0402-A
Change Physical Footprint: Designator=C10_2 Old Footprint=0402-A New Footprint=0402-A
Change Physical Footprint: Designator=C10_3 Old Footprint=0402-A New Footprint=0402-A
Change Physical Footprint: Designator=C11_1 Old Footprint=0402-A New Footprint=0402-A
Change Physical Footprint: Designator=C11_2 Old Footprint=0402-A New Footprint=0402-A
Change Physical Footprint: Designator=C11_3 Old Footprint=0402-A New Footprint=0402-A
Change Physical Footprint: Designator=C12_1 Old Footprint=0402-A New Footprint=0402-A
Change Physical Footprint: Designator=C12_2 Old Footprint=0402-A New Footprint=0402-A
Change Physical Footprint: Designator=C12_3 Old Footprint=0402-A New Footprint=0402-A
Change Physical Footprint: Designator=C13_1 Old Footprint=0402-A New Footprint=0402-A
Change Physical Footprint: Designator=C13_2 Old Footprint=0402-A New Footprint=0402-A
Change Physical Footprint: Designator=C13_3 Old Footprint=0402-A New Footprint=0402-A
Change Physical Footprint: Designator=C14_1 Old Footprint=0402-A New Footprint=0402-A
Change Physical Footprint: Designator=C14_2 Old Footprint=0402-A New Footprint=0402-A
Change Physical Footprint: Designator=C14_3 Old Footprint=0402-A New Footprint=0402-A
Change Physical Footprint: Designator=C15_1 Old Footprint=0402-A New Footprint=0402-A
Change Physical Footprint: Designator=C15_2 Old Footprint=0402-A New Footprint=0402-A
Change Physical Footprint: Designator=C15_3 Old Footprint=0402-A New Footprint=0402-A
Change Physical Footprint: Designator=C16_1 Old Footprint=0402-A New Footprint=0402-A
Change Physical Footprint: Designator=C16_2 Old Footprint=0402-A New Footprint=0402-A
Change Physical Footprint: Designator=C16_3 Old Footprint=0402-A New Footprint=0402-A
Change Physical Footprint: Designator=C17_1 Old Footprint=0402-A New Footprint=0402-A
Change Physical Footprint: Designator=C17_2 Old Footprint=0402-A New Footprint=0402-A
Change Physical Footprint: Designator=C17_3 Old Footprint=0402-A New Footprint=0402-A
Change Physical Footprint: Designator=C18_1 Old Footprint=0402-A New Footprint=0402-A
Change Physical Footprint: Designator=C18_2 Old Footprint=0402-A New Footprint=0402-A
Change Physical Footprint: Designator=C18_3 Old Footprint=0402-A New Footprint=0402-A
Change Physical Footprint: Designator=C19_1 Old Footprint=0402-A New Footprint=0402-A
Change Physical Footprint: Designator=C19_2 Old Footprint=0402-A New Footprint=0402-A
Change Physical Footprint: Designator=C19_3 Old Footprint=0402-A New Footprint=0402-A
Change Physical Footprint: Designator=C20_1 Old Footprint=0402-A New Footprint=0402-A
Change Physical Footprint: Designator=C20_2 Old Footprint=0402-A New Footprint=0402-A
Change Physical Footprint: Designator=C20_3 Old Footprint=0402-A New Footprint=0402-A
Change Physical Footprint: Designator=C21_1 Old Footprint=0402-A New Footprint=0402-A
Change Physical Footprint: Designator=C21_2 Old Footprint=0402-A New Footprint=0402-A
Change Physical Footprint: Designator=C21_3 Old Footprint=0402-A New Footprint=0402-A
Change Physical Footprint: Designator=C22_1 Old Footprint=0402-A New Footprint=0402-A
Change Physical Footprint: Designator=C22_2 Old Footprint=0402-A New Footprint=0402-A
Change Physical Footprint: Designator=C22_3 Old Footprint=0402-A New Footprint=0402-A
Change Physical Footprint: Designator=C23_1 Old Footprint=0402-A New Footprint=0402-A
Change Physical Footprint: Designator=C23_2 Old Footprint=0402-A New Footprint=0402-A
Change Physical Footprint: Designator=C23_3 Old Footprint=0402-A New Footprint=0402-A
Change Physical Footprint: Designator=C24_1 Old Footprint=0402-A New Footprint=0402-A
Change Physical Footprint: Designator=C24_2 Old Footprint=0402-A New Footprint=0402-A
Change Physical Footprint: Designator=C24_3 Old Footprint=0402-A New Footprint=0402-A
Change Physical Footprint: Designator=C24_4 Old Footprint=0402-A New Footprint=0402-A
Change Physical Footprint: Designator=C25_1 Old Footprint=0402-A New Footprint=0402-A
Change Physical Footprint: Designator=C25_2 Old Footprint=0402-A New Footprint=0402-A
Change Physical Footprint: Designator=C25_3 Old Footprint=0402-A New Footprint=0402-A
Change Physical Footprint: Designator=C25_4 Old Footprint=0402-A New Footprint=0402-A
Change Physical Footprint: Designator=C26_1 Old Footprint=0402-A New Footprint=0402-A
Change Physical Footprint: Designator=C26_2 Old Footprint=0402-A New Footprint=0402-A
Change Physical Footprint: Designator=C26_3 Old Footprint=0402-A New Footprint=0402-A
Change Physical Footprint: Designator=C26_4 Old Footprint=0402-A New Footprint=0402-A
Change Physical Footprint: Designator=C27_1 Old Footprint=0402-A New Footprint=0402-A
Change Physical Footprint: Designator=C27_2 Old Footprint=0402-A New Footprint=0402-A
Change Physical Footprint: Designator=C27_3 Old Footprint=0402-A New Footprint=0402-A
Change Physical Footprint: Designator=C27_4 Old Footprint=0402-A New Footprint=0402-A
Change Physical Footprint: Designator=C28 Old Footprint=1608[0603] New Footprint=1608[0603]
Change Physical Footprint: Designator=C29 Old Footprint=1608[0603] New Footprint=1608[0603]
Change Physical Footprint: Designator=C33_1 Old Footprint=0402-A New Footprint=0402-A
Change Physical Footprint: Designator=C33_2 Old Footprint=0402-A New Footprint=0402-A
Change Physical Footprint: Designator=C33_3 Old Footprint=0402-A New Footprint=0402-A
Change Physical Footprint: Designator=J1 Old Footprint=HSEC8-120-01-L-PV-4-1 New Footprint=HSEC8-120-01-L-PV-4-1
Change Physical Footprint: Designator=J2 Old Footprint=HSEC8-120-01-L-PV-4-1 New Footprint=HSEC8-120-01-L-PV-4-1
Change Physical Footprint: Designator=J3 Old Footprint=HSEC8-120-01-L-PV-4-1 New Footprint=HSEC8-120-01-L-PV-4-1
Change Physical Footprint: Designator=J4 Old Footprint=HSEC8-120-01-L-PV-4-1 New Footprint=HSEC8-120-01-L-PV-4-1
Change Physical Footprint: Designator=J5 Old Footprint=CONN_DX07S024WJ1R350_JAE New Footprint=CONN_DX07S024WJ1R350_JAE
Change Physical Footprint: Designator=J6 Old Footprint=CONN_B4B-XH-A (LF)(SN)_JST New Footprint=CONN_B4B-XH-A (LF)(SN)_JST
Change Physical Footprint: Designator=P1 Old Footprint=HDR1X5 New Footprint=HDR1X5
Change Physical Footprint: Designator=Q1_1 Old Footprint=SOT-23B_N New Footprint=SOT-23B_N
Change Physical Footprint: Designator=Q1_2 Old Footprint=SOT-23B_N New Footprint=SOT-23B_N
Change Physical Footprint: Designator=Q1_3 Old Footprint=SOT-23B_N New Footprint=SOT-23B_N
Change Physical Footprint: Designator=Q2_1 Old Footprint=SOT-23B_N New Footprint=SOT-23B_N
Change Physical Footprint: Designator=Q2_2 Old Footprint=SOT-23B_N New Footprint=SOT-23B_N
Change Physical Footprint: Designator=Q2_3 Old Footprint=SOT-23B_N New Footprint=SOT-23B_N
Change Physical Footprint: Designator=Q3_1 Old Footprint=SOT-23B_N New Footprint=SOT-23B_N
Change Physical Footprint: Designator=Q3_2 Old Footprint=SOT-23B_N New Footprint=SOT-23B_N
Change Physical Footprint: Designator=Q3_3 Old Footprint=SOT-23B_N New Footprint=SOT-23B_N
Change Physical Footprint: Designator=R1_1 Old Footprint=0402-A New Footprint=0402-A
Change Physical Footprint: Designator=R1_2 Old Footprint=0402-A New Footprint=0402-A
Change Physical Footprint: Designator=R1_3 Old Footprint=0402-A New Footprint=0402-A
Change Physical Footprint: Designator=R2 Old Footprint=0402-A New Footprint=0402-A
Change Physical Footprint: Designator=R3_1 Old Footprint=0402-A New Footprint=0402-A
Change Physical Footprint: Designator=R3_2 Old Footprint=0402-A New Footprint=0402-A
Change Physical Footprint: Designator=R3_3 Old Footprint=0402-A New Footprint=0402-A
Change Physical Footprint: Designator=R4 Old Footprint=0402-A New Footprint=0402-A
Change Physical Footprint: Designator=R5_1 Old Footprint=0402-A New Footprint=0402-A
Change Physical Footprint: Designator=R5_2 Old Footprint=0402-A New Footprint=0402-A
Change Physical Footprint: Designator=R5_3 Old Footprint=0402-A New Footprint=0402-A
Change Physical Footprint: Designator=R6_1 Old Footprint=0402-A New Footprint=0402-A
Change Physical Footprint: Designator=R6_2 Old Footprint=0402-A New Footprint=0402-A
Change Physical Footprint: Designator=R6_3 Old Footprint=0402-A New Footprint=0402-A
Change Physical Footprint: Designator=R7 Old Footprint=0402-A New Footprint=0402-A
Change Physical Footprint: Designator=R8_1 Old Footprint=0402-A New Footprint=0402-A
Change Physical Footprint: Designator=R8_2 Old Footprint=0402-A New Footprint=0402-A
Change Physical Footprint: Designator=R8_3 Old Footprint=0402-A New Footprint=0402-A
Change Physical Footprint: Designator=R9_1 Old Footprint=0402-A New Footprint=0402-A
Change Physical Footprint: Designator=R9_2 Old Footprint=0402-A New Footprint=0402-A
Change Physical Footprint: Designator=R9_3 Old Footprint=0402-A New Footprint=0402-A
Change Physical Footprint: Designator=R10_1 Old Footprint=0402-A New Footprint=0402-A
Change Physical Footprint: Designator=R10_2 Old Footprint=0402-A New Footprint=0402-A
Change Physical Footprint: Designator=R10_3 Old Footprint=0402-A New Footprint=0402-A
Change Physical Footprint: Designator=R11_1 Old Footprint=0402-A New Footprint=0402-A
Change Physical Footprint: Designator=R11_2 Old Footprint=0402-A New Footprint=0402-A
Change Physical Footprint: Designator=R11_3 Old Footprint=0402-A New Footprint=0402-A
Change Physical Footprint: Designator=R12_1 Old Footprint=0402-A New Footprint=0402-A
Change Physical Footprint: Designator=R12_2 Old Footprint=0402-A New Footprint=0402-A
Change Physical Footprint: Designator=R12_3 Old Footprint=0402-A New Footprint=0402-A
Change Physical Footprint: Designator=R13_1 Old Footprint=0402-A New Footprint=0402-A
Change Physical Footprint: Designator=R13_2 Old Footprint=0402-A New Footprint=0402-A
Change Physical Footprint: Designator=R13_3 Old Footprint=0402-A New Footprint=0402-A
Change Physical Footprint: Designator=R14_1 Old Footprint=0402-A New Footprint=0402-A
Change Physical Footprint: Designator=R14_2 Old Footprint=0402-A New Footprint=0402-A
Change Physical Footprint: Designator=R14_3 Old Footprint=0402-A New Footprint=0402-A
Change Physical Footprint: Designator=R15_1 Old Footprint=0402-A New Footprint=0402-A
Change Physical Footprint: Designator=R15_2 Old Footprint=0402-A New Footprint=0402-A
Change Physical Footprint: Designator=R15_3 Old Footprint=0402-A New Footprint=0402-A
Change Physical Footprint: Designator=R16_1 Old Footprint=0402-A New Footprint=0402-A
Change Physical Footprint: Designator=R16_2 Old Footprint=0402-A New Footprint=0402-A
Change Physical Footprint: Designator=R16_3 Old Footprint=0402-A New Footprint=0402-A
Change Physical Footprint: Designator=R17_1 Old Footprint=0402-A New Footprint=0402-A
Change Physical Footprint: Designator=R17_2 Old Footprint=0402-A New Footprint=0402-A
Change Physical Footprint: Designator=R17_3 Old Footprint=0402-A New Footprint=0402-A
Change Physical Footprint: Designator=R18_1 Old Footprint=0402-A New Footprint=0402-A
Change Physical Footprint: Designator=R18_2 Old Footprint=0402-A New Footprint=0402-A
Change Physical Footprint: Designator=R18_3 Old Footprint=0402-A New Footprint=0402-A
Change Physical Footprint: Designator=R18_4 Old Footprint=0402-A New Footprint=0402-A
Change Physical Footprint: Designator=R19 Old Footprint=0402-A New Footprint=0402-A
Change Physical Footprint: Designator=R20 Old Footprint=0402-A New Footprint=0402-A
Change Physical Footprint: Designator=R21 Old Footprint=0402-A New Footprint=0402-A
Change Physical Footprint: Designator=R22 Old Footprint=0402-A New Footprint=0402-A
Change Physical Footprint: Designator=R23_1 Old Footprint=0402-A New Footprint=0402-A
Change Physical Footprint: Designator=R23_2 Old Footprint=0402-A New Footprint=0402-A
Change Physical Footprint: Designator=R23_3 Old Footprint=0402-A New Footprint=0402-A
Change Physical Footprint: Designator=U1 Old Footprint=FP-DBZ0003A-MFG New Footprint=FP-DBZ0003A-MFG
Change Physical Footprint: Designator=U2 Old Footprint=FP-LGA-14L-DM00249496-MFG New Footprint=FP-LGA-14L-DM00249496-MFG
Change Physical Footprint: Designator=U2_1 Old Footprint=MP5087GG-Z New Footprint=MP5087GG-Z
Change Physical Footprint: Designator=U2_2 Old Footprint=MP5087GG-Z New Footprint=MP5087GG-Z
Change Physical Footprint: Designator=U2_3 Old Footprint=MP5087GG-Z New Footprint=MP5087GG-Z
Change Physical Footprint: Designator=U3_1 Old Footprint=MP5087GG-Z New Footprint=MP5087GG-Z
Change Physical Footprint: Designator=U3_2 Old Footprint=MP5087GG-Z New Footprint=MP5087GG-Z
Change Physical Footprint: Designator=U3_3 Old Footprint=MP5087GG-Z New Footprint=MP5087GG-Z
Change Physical Footprint: Designator=U4 Old Footprint=SOT-323_DIO New Footprint=SOT-323_DIO
Change Physical Footprint: Designator=U5 Old Footprint=SOIC-SO18_L New Footprint=SOIC-SO18_L
Change Physical Footprint: Designator=U6 Old Footprint=D0008A_N New Footprint=D0008A_N
Change Physical Footprint: Designator=U7 Old Footprint=PIC16F15375-I/MV New Footprint=PIC16F15375-I/MV
Change Physical Footprint: Designator=U8_1 Old Footprint=MP5087GG-Z New Footprint=MP5087GG-Z
Change Physical Footprint: Designator=U8_2 Old Footprint=MP5087GG-Z New Footprint=MP5087GG-Z
Change Physical Footprint: Designator=U8_3 Old Footprint=MP5087GG-Z New Footprint=MP5087GG-Z
Change Physical Footprint: Designator=U9_1 Old Footprint=MP5087GG-Z New Footprint=MP5087GG-Z
Change Physical Footprint: Designator=U9_2 Old Footprint=MP5087GG-Z New Footprint=MP5087GG-Z
Change Physical Footprint: Designator=U9_3 Old Footprint=MP5087GG-Z New Footprint=MP5087GG-Z
Change Physical Footprint: Designator=U9_4 Old Footprint=MP5087GG-Z New Footprint=MP5087GG-Z
