Change Physical Footprint: Designator=C1 Old Footprint=1608[0603] New Footprint=1608[0603]
Change Physical Footprint: Designator=C2 Old Footprint=1608[0603] New Footprint=1608[0603]
Change Physical Footprint: Designator=C3 Old Footprint=1608[0603] New Footprint=1608[0603]
Change Physical Footprint: Designator=C4 Old Footprint=1608[0603] New Footprint=1608[0603]
Change Physical Footprint: Designator=C5 Old Footprint=C1210 New Footprint=C1210
Change Physical Footprint: Designator=C6 Old Footprint=C1210 New Footprint=C1210
Change Physical Footprint: Designator=C7 Old Footprint=1608[0603] New Footprint=1608[0603]
Change Physical Footprint: Designator=C8 Old Footprint=1608[0603] New Footprint=1608[0603]
Change Physical Footprint: Designator=C9 Old Footprint=1608[0603] New Footprint=1608[0603]
Change Physical Footprint: Designator=C10 Old Footprint=1608[0603] New Footprint=1608[0603]
Change Physical Footprint: Designator=C11 Old Footprint=1608[0603] New Footprint=1608[0603]
Change Physical Footprint: Designator=C12 Old Footprint=1608[0603] New Footprint=1608[0603]
Change Physical Footprint: Designator=C13 Old Footprint=1608[0603] New Footprint=1608[0603]
Change Physical Footprint: Designator=C14 Old Footprint=1608[0603] New Footprint=1608[0603]
Change Physical Footprint: Designator=C15 Old Footprint=6-0805_M New Footprint=6-0805_M
Change Physical Footprint: Designator=C16 Old Footprint=6-0805_M New Footprint=6-0805_M
Change Physical Footprint: Designator=C17 Old Footprint=6-0805_M New Footprint=6-0805_M
Change Physical Footprint: Designator=C18 Old Footprint=1608[0603] New Footprint=1608[0603]
Change Physical Footprint: Designator=C19 Old Footprint=1608[0603] New Footprint=1608[0603]
Change Physical Footprint: Designator=C20 Old Footprint=1608[0603] New Footprint=1608[0603]
Change Physical Footprint: Designator=C21 Old Footprint=6-0805_M New Footprint=6-0805_M
Change Physical Footprint: Designator=C22 Old Footprint=1608[0603] New Footprint=1608[0603]
Change Physical Footprint: Designator=C23 Old Footprint=6-0805_M New Footprint=6-0805_M
Change Physical Footprint: Designator=C24 Old Footprint=6-0805_M New Footprint=6-0805_M
Change Physical Footprint: Designator=C25 Old Footprint=6-0805_M New Footprint=6-0805_M
Change Physical Footprint: Designator=C26 Old Footprint=1608[0603] New Footprint=1608[0603]
Change Physical Footprint: Designator=C27 Old Footprint=1608[0603] New Footprint=1608[0603]
Change Physical Footprint: Designator=C28 Old Footprint=6-0805_M New Footprint=6-0805_M
Change Physical Footprint: Designator=C29 Old Footprint=1608[0603] New Footprint=1608[0603]
Change Physical Footprint: Designator=C30 Old Footprint=1608[0603] New Footprint=1608[0603]
Change Physical Footprint: Designator=C31 Old Footprint=1608[0603] New Footprint=1608[0603]
Change Physical Footprint: Designator=C32 Old Footprint=6-0805_M New Footprint=6-0805_M
Change Physical Footprint: Designator=C33 Old Footprint=1608[0603] New Footprint=1608[0603]
Change Physical Footprint: Designator=C34 Old Footprint=1608[0603] New Footprint=1608[0603]
Change Physical Footprint: Designator=C35 Old Footprint=6-0805_M New Footprint=6-0805_M
Change Physical Footprint: Designator=C36 Old Footprint=6-0805_M New Footprint=6-0805_M
Change Physical Footprint: Designator=C37 Old Footprint=1608[0603] New Footprint=1608[0603]
Change Physical Footprint: Designator=C38 Old Footprint=1608[0603] New Footprint=1608[0603]
Change Physical Footprint: Designator=D1 Old Footprint=X3-WLB1608-2 New Footprint=X3-WLB1608-2
Change Physical Footprint: Designator=D2 Old Footprint=X3-WLB1608-2 New Footprint=X3-WLB1608-2
Change Physical Footprint: Designator=D3 Old Footprint=1608[0603] New Footprint=1608[0603]
Change Physical Footprint: Designator=D4 Old Footprint=1608[0603] New Footprint=1608[0603]
Change Physical Footprint: Designator=L1 Old Footprint=0402-A New Footprint=0402-A
Change Physical Footprint: Designator=LS1 Old Footprint=ABSM-1574 New Footprint=ABSM-1574
Change Physical Footprint: Designator=P1 Old Footprint=1SH-A-02-TS-SMT New Footprint=1SH-A-02-TS-SMT
Change Physical Footprint: Designator=P2 Old Footprint=1SH-A-02-TS-SMT New Footprint=1SH-A-02-TS-SMT
Change Physical Footprint: Designator=Q1 Old Footprint=SOT23_M New Footprint=SOT23_M
Change Physical Footprint: Designator=Q2 Old Footprint=DMG7430LFG-7 New Footprint=DMG7430LFG-7
Change Physical Footprint: Designator=Q3 Old Footprint=DMG7430LFG-7 New Footprint=DMG7430LFG-7
Change Physical Footprint: Designator=Q4 Old Footprint=TRANS_AONR21321 New Footprint=TRANS_AONR21321
Change Physical Footprint: Designator=Q5 Old Footprint=SOT23_M New Footprint=SOT23_M
Change Physical Footprint: Designator=Q6 Old Footprint=SOT23_M New Footprint=SOT23_M
Change Physical Footprint: Designator=Q7 Old Footprint=DMG7430LFG-7 New Footprint=DMG7430LFG-7
Change Physical Footprint: Designator=Q8 Old Footprint=DMG7430LFG-7 New Footprint=DMG7430LFG-7
Change Physical Footprint: Designator=R1 Old Footprint=1608[0603] New Footprint=1608[0603]
Change Physical Footprint: Designator=R2 Old Footprint=6-0805_M New Footprint=6-0805_M
Change Physical Footprint: Designator=R3 Old Footprint=6-0805_M New Footprint=6-0805_M
Change Physical Footprint: Designator=R4 Old Footprint=6-0805_M New Footprint=6-0805_M
Change Physical Footprint: Designator=R5 Old Footprint=6-0805_M New Footprint=6-0805_M
Change Physical Footprint: Designator=R6 Old Footprint=1608[0603] New Footprint=1608[0603]
Change Physical Footprint: Designator=R7 Old Footprint=6-0805_M New Footprint=6-0805_M
Change Physical Footprint: Designator=R8 Old Footprint=6-0805_M New Footprint=6-0805_M
Change Physical Footprint: Designator=R9 Old Footprint=1608[0603] New Footprint=1608[0603]
Change Physical Footprint: Designator=R10 Old Footprint=1608[0603] New Footprint=1608[0603]
Change Physical Footprint: Designator=R11 Old Footprint=1608[0603] New Footprint=1608[0603]
Change Physical Footprint: Designator=R12 Old Footprint=1608[0603] New Footprint=1608[0603]
Change Physical Footprint: Designator=R13 Old Footprint=1608[0603] New Footprint=1608[0603]
Change Physical Footprint: Designator=R14 Old Footprint=6-0805_M New Footprint=6-0805_M
Change Physical Footprint: Designator=R15 Old Footprint=1608[0603] New Footprint=1608[0603]
Change Physical Footprint: Designator=R16 Old Footprint=1608[0603] New Footprint=1608[0603]
Change Physical Footprint: Designator=R17 Old Footprint=6-0805_M New Footprint=6-0805_M
Change Physical Footprint: Designator=R18 Old Footprint=1608[0603] New Footprint=1608[0603]
Change Physical Footprint: Designator=R19 Old Footprint=6-0805_M New Footprint=6-0805_M
Change Physical Footprint: Designator=R20 Old Footprint=1608[0603] New Footprint=1608[0603]
Change Physical Footprint: Designator=R21 Old Footprint=1608[0603] New Footprint=1608[0603]
Change Physical Footprint: Designator=R22 Old Footprint=1608[0603] New Footprint=1608[0603]
Change Physical Footprint: Designator=R23 Old Footprint=1608[0603] New Footprint=1608[0603]
Change Physical Footprint: Designator=R24 Old Footprint=6-0805_M New Footprint=6-0805_M
Change Physical Footprint: Designator=R25 Old Footprint=6-0805_M New Footprint=6-0805_M
Change Physical Footprint: Designator=R26 Old Footprint=1608[0603] New Footprint=1608[0603]
Change Physical Footprint: Designator=R27 Old Footprint=1608[0603] New Footprint=1608[0603]
Change Physical Footprint: Designator=R28 Old Footprint=6-0805_M New Footprint=6-0805_M
Change Physical Footprint: Designator=R29 Old Footprint=6-0805_M New Footprint=6-0805_M
Change Physical Footprint: Designator=R30 Old Footprint=6-0805_M New Footprint=6-0805_M
Change Physical Footprint: Designator=R31 Old Footprint=6-0805_M New Footprint=6-0805_M
Change Physical Footprint: Designator=R32 Old Footprint=1608[0603] New Footprint=1608[0603]
Change Physical Footprint: Designator=R33 Old Footprint=1608[0603] New Footprint=1608[0603]
Change Physical Footprint: Designator=R34 Old Footprint=1608[0603] New Footprint=1608[0603]
Change Physical Footprint: Designator=R35 Old Footprint=1608[0603] New Footprint=1608[0603]
Change Physical Footprint: Designator=R36 Old Footprint=6-0805_M New Footprint=6-0805_M
Change Physical Footprint: Designator=R37 Old Footprint=1608[0603] New Footprint=1608[0603]
Change Physical Footprint: Designator=R38 Old Footprint=6-0805_M New Footprint=6-0805_M
Change Physical Footprint: Designator=U1 Old Footprint=QFN40P600X600X100-49N New Footprint=QFN40P600X600X100-49N
