Removed Pin From Net: NetName=NetC26_2 Pin=Q1-2
Removed Pin From Net: NetName=BTSTOUT Pin=Q1-3
Removed Pin From Net: NetName=BTSTOUT Pin=Q2-2
Removed Pin From Net: NetName=GND Pin=Q2-3
Added Component: Designator=Q1(POWERPAK_1212-8)
Add component (AddParameter): Name = "Built_By"; Value = "EMA_Cory"; VariantName = "[No Variations]"
Add component (AddParameter): Name = "Copyright"; Value = "Copyright (C) 2018 Accelerated Designs. All rights reserved"; VariantName = "[No Variations]"
Add component (AddParameter): Name = "Datasheet"; Value = "https://www.vishay.com/docs/69006/sis412dn.pdf"; VariantName = "[No Variations]"
Add component (AddParameter): Name = "Manufacturer_Part_Number"; Value = "SIS412DN-T1-GE3"; VariantName = "[No Variations]"
Add component (AddParameter): Name = "RefDes"; Value = "RefDes"; VariantName = "[No Variations]"
Add component (AddParameter): Name = "Type"; Value = "DEV"; VariantName = "[No Variations]"
Add component (AddParameter): Name = "Vendor"; Value = "Vishay"; VariantName = "[No Variations]"
Added Component: Designator=Q2(POWERPAK_1212-8)
Add component (AddParameter): Name = "Built_By"; Value = "EMA_Cory"; VariantName = "[No Variations]"
Add component (AddParameter): Name = "Copyright"; Value = "Copyright (C) 2018 Accelerated Designs. All rights reserved"; VariantName = "[No Variations]"
Add component (AddParameter): Name = "Datasheet"; Value = "https://www.vishay.com/docs/69006/sis412dn.pdf"; VariantName = "[No Variations]"
Add component (AddParameter): Name = "Manufacturer_Part_Number"; Value = "SIS412DN-T1-GE3"; VariantName = "[No Variations]"
Add component (AddParameter): Name = "RefDes"; Value = "RefDes"; VariantName = "[No Variations]"
Add component (AddParameter): Name = "Type"; Value = "DEV"; VariantName = "[No Variations]"
Add component (AddParameter): Name = "Vendor"; Value = "Vishay"; VariantName = "[No Variations]"
Added Pin To Net: NetName=BTSTOUT Pin=Q1-1
Added Pin To Net: NetName=BTSTOUT Pin=Q1-2
Added Pin To Net: NetName=BTSTOUT Pin=Q1-3
Added Pin To Net: NetName=NetC26_2 Pin=Q1-5
Added Pin To Net: NetName=NetC26_2 Pin=Q1-6
Added Pin To Net: NetName=NetC26_2 Pin=Q1-7
Added Pin To Net: NetName=NetC26_2 Pin=Q1-8
Added Pin To Net: NetName=GND Pin=Q2-1
Added Pin To Net: NetName=GND Pin=Q2-2
Added Pin To Net: NetName=GND Pin=Q2-3
Added Pin To Net: NetName=BTSTOUT Pin=Q2-5
Added Pin To Net: NetName=BTSTOUT Pin=Q2-6
Added Pin To Net: NetName=BTSTOUT Pin=Q2-7
Added Pin To Net: NetName=BTSTOUT Pin=Q2-8
Added Pin To Net: NetName=MCLR2 Pin=P2-1
Added Pin To Net: NetName=MCLR2 Pin=U1-3
Added Net: Name=MCLR2
Added Pin To Net: NetName=NetQ1_4 Pin=Q1-4
Added Pin To Net: NetName=NetQ1_4 Pin=U2-21
Added Net: Name=NetQ1_4
Added Pin To Net: NetName=NetQ2_4 Pin=Q2-4
Added Pin To Net: NetName=NetQ2_4 Pin=U2-19
Added Net: Name=NetQ2_4
Added Member To Class: ClassName=Designator Member=Component F1 3557-2
