Removed Pin From Net: NetName=GND Pin=Q3-2
Removed Pin From Net: NetName=NetC11_1 Pin=Q3-3
Removed Member From Class: ClassName=Designator Member=C1
Removed Member From Class: ClassName=Designator Member=C2
Removed Member From Class: ClassName=Designator Member=C3
Removed Member From Class: ClassName=Designator Member=C4
Removed Member From Class: ClassName=Designator Member=C5
Removed Member From Class: ClassName=Designator Member=C6
Removed Member From Class: ClassName=Designator Member=C7
Removed Member From Class: ClassName=Designator Member=C8
Removed Member From Class: ClassName=Designator Member=C9
Removed Member From Class: ClassName=Designator Member=C10
Removed Member From Class: ClassName=Designator Member=C11
Removed Member From Class: ClassName=Designator Member=C12
Removed Member From Class: ClassName=Designator Member=C13
Removed Member From Class: ClassName=Designator Member=C14
Removed Member From Class: ClassName=Designator Member=C15
Removed Member From Class: ClassName=Designator Member=C16
Removed Member From Class: ClassName=Designator Member=C17
Removed Member From Class: ClassName=Designator Member=C37
Removed Member From Class: ClassName=Designator Member=C38
Removed Member From Class: ClassName=Designator Member=C39
Removed Member From Class: ClassName=Designator Member=C40
Removed Member From Class: ClassName=Designator Member=C41
Removed Member From Class: ClassName=Designator Member=C42
Removed Member From Class: ClassName=Designator Member=C43
Removed Member From Class: ClassName=Designator Member=C44
Removed Member From Class: ClassName=Designator Member=C45
Removed Member From Class: ClassName=Designator Member=C46
Removed Member From Class: ClassName=Designator Member=C47
Removed Member From Class: ClassName=Designator Member=C48
Removed Member From Class: ClassName=Designator Member=C49
Removed Member From Class: ClassName=Designator Member=C50
Removed Member From Class: ClassName=Designator Member=C51
Removed Member From Class: ClassName=Designator Member=C52
Removed Member From Class: ClassName=Designator Member=C53
Removed Member From Class: ClassName=Designator Member=C54
Removed Member From Class: ClassName=Designator Member=C55
Removed Member From Class: ClassName=Designator Member=C56
Removed Member From Class: ClassName=Designator Member=C57
Removed Member From Class: ClassName=Designator Member=C58
Removed Member From Class: ClassName=Designator Member=C59
Removed Member From Class: ClassName=Designator Member=C60
Removed Member From Class: ClassName=Designator Member=C61
Removed Member From Class: ClassName=Designator Member=C62
Removed Member From Class: ClassName=Designator Member=C63
Removed Member From Class: ClassName=Designator Member=C64
Removed Member From Class: ClassName=Designator Member=C65
Removed Member From Class: ClassName=Designator Member=C66
Removed Member From Class: ClassName=Designator Member=C67
Removed Member From Class: ClassName=Designator Member=C70
Removed Member From Class: ClassName=Designator Member=C71
Removed Member From Class: ClassName=Designator Member=C72
Removed Member From Class: ClassName=Designator Member=C76
Removed Member From Class: ClassName=Designator Member=C165
Removed Member From Class: ClassName=Designator Member=C166
Removed Member From Class: ClassName=Designator Member=C167
Removed Member From Class: ClassName=Designator Member=C168
Removed Member From Class: ClassName=Designator Member=D1
Removed Member From Class: ClassName=Designator Member=D2
Removed Member From Class: ClassName=Designator Member=D3
Removed Member From Class: ClassName=Designator Member=D4
Removed Member From Class: ClassName=Designator Member=D11
Removed Member From Class: ClassName=Designator Member=D12
Removed Member From Class: ClassName=Designator Member=D13
Removed Member From Class: ClassName=Designator Member=D14
Removed Member From Class: ClassName=Designator Member=L2
Removed Member From Class: ClassName=Designator Member=L3
Removed Member From Class: ClassName=Designator Member=L4
Removed Member From Class: ClassName=Designator Member=P1
Removed Member From Class: ClassName=Designator Member=P2
Removed Member From Class: ClassName=Designator Member=P5
Removed Member From Class: ClassName=Designator Member=P6
Removed Member From Class: ClassName=Designator Member=Q3
Removed Member From Class: ClassName=Designator Member=Q4
Removed Member From Class: ClassName=Designator Member=R1
Removed Member From Class: ClassName=Designator Member=R2
Removed Member From Class: ClassName=Designator Member=R3
Removed Member From Class: ClassName=Designator Member=R4
Removed Member From Class: ClassName=Designator Member=R5
Removed Member From Class: ClassName=Designator Member=R6
Removed Member From Class: ClassName=Designator Member=R7
Removed Member From Class: ClassName=Designator Member=R8
Removed Member From Class: ClassName=Designator Member=R9
Removed Member From Class: ClassName=Designator Member=R10
Removed Member From Class: ClassName=Designator Member=R11
Removed Member From Class: ClassName=Designator Member=R12
Removed Member From Class: ClassName=Designator Member=R13
Removed Member From Class: ClassName=Designator Member=R14
Removed Member From Class: ClassName=Designator Member=R15
Removed Member From Class: ClassName=Designator Member=R33
Removed Member From Class: ClassName=Designator Member=R34
Removed Member From Class: ClassName=Designator Member=R35
Removed Member From Class: ClassName=Designator Member=R36
Removed Member From Class: ClassName=Designator Member=R37
Removed Member From Class: ClassName=Designator Member=R38
Removed Member From Class: ClassName=Designator Member=R39
Removed Member From Class: ClassName=Designator Member=R40
Removed Member From Class: ClassName=Designator Member=R41
Removed Member From Class: ClassName=Designator Member=R42
Removed Member From Class: ClassName=Designator Member=R43
Removed Member From Class: ClassName=Designator Member=R44
Removed Member From Class: ClassName=Designator Member=R45
Removed Member From Class: ClassName=Designator Member=R46
Removed Member From Class: ClassName=Designator Member=R47
Removed Member From Class: ClassName=Designator Member=R48
Removed Member From Class: ClassName=Designator Member=R50
Removed Member From Class: ClassName=Designator Member=R51
Removed Member From Class: ClassName=Designator Member=R52
Removed Member From Class: ClassName=Designator Member=R53
Removed Member From Class: ClassName=Designator Member=R54
Removed Member From Class: ClassName=Designator Member=R55
Removed Member From Class: ClassName=Designator Member=R56
Removed Member From Class: ClassName=Designator Member=U1
Removed Member From Class: ClassName=Designator Member=U3
Removed Member From Class: ClassName=Designator Member=U4
Removed Member From Class: ClassName=Designator Member=U5
Removed Member From Class: ClassName=Designator Member=U6
Removed Member From Class: ClassName=Designator Member=U7
Removed Member From Class: ClassName=Designator Member=U8
Removed Member From Class: ClassName=Designator Member=U9
Removed Member From Class: ClassName=Designator Member=U10
Removed Member From Class: ClassName=Designator Member=U11
Removed Member From Class: ClassName=Designator Member=U24
Removed Member From Class: ClassName=Designator Member=U25
Added Pin To Net: NetName=NetC11_1 Pin=Q3-2
Added Pin To Net: NetName=GND Pin=Q3-3
