Change Physical Footprint: Designator=C1 Old Footprint=1608[0603] New Footprint=1608[0603]
Change Physical Footprint: Designator=C2 Old Footprint=1608[0603] New Footprint=1608[0603]
Change Physical Footprint: Designator=C3 Old Footprint=C1206 New Footprint=C1206
Change Physical Footprint: Designator=C4 Old Footprint=6-0805_M New Footprint=6-0805_M
Change Physical Footprint: Designator=C5 Old Footprint=C1210 New Footprint=C1210
Change Physical Footprint: Designator=C6 Old Footprint=C1210 New Footprint=C1210
Change Physical Footprint: Designator=C7 Old Footprint=C1210 New Footprint=C1210
Change Physical Footprint: Designator=C8 Old Footprint=C1210 New Footprint=C1210
Change Physical Footprint: Designator=C9 Old Footprint=1608[0603] New Footprint=1608[0603]
Change Physical Footprint: Designator=C10 Old Footprint=C1206 New Footprint=C1206
Change Physical Footprint: Designator=C11 Old Footprint=6-0805_M New Footprint=6-0805_M
Change Physical Footprint: Designator=C12 Old Footprint=6-0805_M New Footprint=6-0805_M
Change Physical Footprint: Designator=C13 Old Footprint=1608[0603] New Footprint=1608[0603]
Change Physical Footprint: Designator=C14 Old Footprint=1608[0603] New Footprint=1608[0603]
Change Physical Footprint: Designator=C15 Old Footprint=1608[0603] New Footprint=1608[0603]
Change Physical Footprint: Designator=C16 Old Footprint=1608[0603] New Footprint=1608[0603]
Change Physical Footprint: Designator=C17 Old Footprint=1608[0603] New Footprint=1608[0603]
Change Physical Footprint: Designator=C23 Old Footprint=0402-A New Footprint=0402-A
Change Physical Footprint: Designator=C24 Old Footprint=0402-A New Footprint=0402-A
Change Physical Footprint: Designator=C25 Old Footprint=0402-A New Footprint=0402-A
Change Physical Footprint: Designator=C26 Old Footprint=6-0805_M New Footprint=6-0805_M
Change Physical Footprint: Designator=C27 Old Footprint=6-0805_M New Footprint=6-0805_M
Change Physical Footprint: Designator=C28 Old Footprint=1608[0603] New Footprint=1608[0603]
Change Physical Footprint: Designator=C29 Old Footprint=0402-A New Footprint=0402-A
Change Physical Footprint: Designator=C30 Old Footprint=0402-A New Footprint=0402-A
Change Physical Footprint: Designator=C31 Old Footprint=0402-A New Footprint=0402-A
Change Physical Footprint: Designator=C32 Old Footprint=6-0805_M New Footprint=6-0805_M
Change Physical Footprint: Designator=C33 Old Footprint=6-0805_M New Footprint=6-0805_M
Change Physical Footprint: Designator=C34 Old Footprint=0402-A New Footprint=0402-A
Change Physical Footprint: Designator=C35 Old Footprint=0402-A New Footprint=0402-A
Change Physical Footprint: Designator=C36 Old Footprint=0402-A New Footprint=0402-A
Change Physical Footprint: Designator=C37 Old Footprint=0402-A New Footprint=0402-A
Change Physical Footprint: Designator=C38 Old Footprint=C1210 New Footprint=C1210
Change Physical Footprint: Designator=C39 Old Footprint=0402-A New Footprint=0402-A
Change Physical Footprint: Designator=C40 Old Footprint=1608[0603] New Footprint=1608[0603]
Change Physical Footprint: Designator=C41 Old Footprint=6-0805_M New Footprint=6-0805_M
Change Physical Footprint: Designator=C42 Old Footprint=6-0805_M New Footprint=6-0805_M
Change Physical Footprint: Designator=C43 Old Footprint=0402-A New Footprint=0402-A
Change Physical Footprint: Designator=C44 Old Footprint=0402-A New Footprint=0402-A
Change Physical Footprint: Designator=C45 Old Footprint=C1210 New Footprint=C1210
Change Physical Footprint: Designator=C46 Old Footprint=0402-A New Footprint=0402-A
Change Physical Footprint: Designator=C47 Old Footprint=1608[0603] New Footprint=1608[0603]
Change Physical Footprint: Designator=C48 Old Footprint=6-0805_M New Footprint=6-0805_M
Change Physical Footprint: Designator=C49 Old Footprint=6-0805_M New Footprint=6-0805_M
Change Physical Footprint: Designator=C50 Old Footprint=0402-A New Footprint=0402-A
Change Physical Footprint: Designator=C51 Old Footprint=0402-A New Footprint=0402-A
Change Physical Footprint: Designator=C52 Old Footprint=C1210 New Footprint=C1210
Change Physical Footprint: Designator=C53 Old Footprint=0402-A New Footprint=0402-A
Change Physical Footprint: Designator=C54 Old Footprint=1608[0603] New Footprint=1608[0603]
Change Physical Footprint: Designator=C55 Old Footprint=6-0805_M New Footprint=6-0805_M
Change Physical Footprint: Designator=C56 Old Footprint=6-0805_M New Footprint=6-0805_M
Change Physical Footprint: Designator=C57 Old Footprint=0402-A New Footprint=0402-A
Change Physical Footprint: Designator=C58 Old Footprint=1608[0603] New Footprint=1608[0603]
Change Physical Footprint: Designator=C59 Old Footprint=0402-A New Footprint=0402-A
Change Physical Footprint: Designator=C60 Old Footprint=0402-A New Footprint=0402-A
Change Physical Footprint: Designator=C61 Old Footprint=0402-A New Footprint=0402-A
Change Physical Footprint: Designator=C62 Old Footprint=6-0805_M New Footprint=6-0805_M
Change Physical Footprint: Designator=C63 Old Footprint=0402-A New Footprint=0402-A
Change Physical Footprint: Designator=C64 Old Footprint=0402-A New Footprint=0402-A
Change Physical Footprint: Designator=C65 Old Footprint=0402-A New Footprint=0402-A
Change Physical Footprint: Designator=C66 Old Footprint=0402-A New Footprint=0402-A
Change Physical Footprint: Designator=C67 Old Footprint=1608[0603] New Footprint=1608[0603]
Change Physical Footprint: Designator=C70 Old Footprint=0402-A New Footprint=0402-A
Change Physical Footprint: Designator=C71 Old Footprint=1608[0603] New Footprint=1608[0603]
Change Physical Footprint: Designator=C72 Old Footprint=1608[0603] New Footprint=1608[0603]
Change Physical Footprint: Designator=C76 Old Footprint=1608[0603] New Footprint=1608[0603]
Change Physical Footprint: Designator=C165 Old Footprint=0402-A New Footprint=0402-A
Change Physical Footprint: Designator=C166 Old Footprint=0402-A New Footprint=0402-A
Change Physical Footprint: Designator=C167 Old Footprint=0402-A New Footprint=0402-A
Change Physical Footprint: Designator=C168 Old Footprint=0402-A New Footprint=0402-A
Change Physical Footprint: Designator=D1 Old Footprint=1608[0603] New Footprint=1608[0603]
Change Physical Footprint: Designator=D2 Old Footprint=1608[0603] New Footprint=1608[0603]
Change Physical Footprint: Designator=D3 Old Footprint=1608[0603] New Footprint=1608[0603]
Change Physical Footprint: Designator=D5 Old Footprint=1608[0603] New Footprint=1608[0603]
Change Physical Footprint: Designator=D6 Old Footprint=1608[0603] New Footprint=1608[0603]
Change Physical Footprint: Designator=D7 Old Footprint=1608[0603] New Footprint=1608[0603]
Change Physical Footprint: Designator=D8 Old Footprint=425 New Footprint=425
Change Physical Footprint: Designator=D9 Old Footprint=425 New Footprint=425
Change Physical Footprint: Designator=D10 Old Footprint=X3-WLB1608-2 New Footprint=X3-WLB1608-2
Change Physical Footprint: Designator=D14 Old Footprint=1608[0603] New Footprint=1608[0603]
Change Physical Footprint: Designator=F1 Old Footprint=CONN_3557-2_KEY New Footprint=CONN_3557-2_KEY
Change Physical Footprint: Designator=J1 Old Footprint=HSEC8-120-01-L-PV-4-1 Gold Fingers New Footprint=HSEC8-120-01-L-PV-4-1 Gold Fingers
Change Physical Footprint: Designator=L1 Old Footprint=IHLP2525CZER6R8MA1 New Footprint=IHLP2525CZER6R8MA1
Change Physical Footprint: Designator=L2 Old Footprint=IND_BOURNS_SRR1260 New Footprint=IND_BOURNS_SRR1260
Change Physical Footprint: Designator=L3 Old Footprint=744771008 New Footprint=744771008
Change Physical Footprint: Designator=L4 Old Footprint=IND_BOURNS_SRR1260 New Footprint=IND_BOURNS_SRR1260
Change Physical Footprint: Designator=P1 Old Footprint=2-1445096-2 New Footprint=2-1445096-2
Change Physical Footprint: Designator=P2 Old Footprint=HDR1X5 New Footprint=HDR1X5
Change Physical Footprint: Designator=P3 Old Footprint=2-1445096-2 New Footprint=2-1445096-2
Change Physical Footprint: Designator=P4 Old Footprint=2-1445096-2 New Footprint=2-1445096-2
Change Physical Footprint: Designator=P5 Old Footprint=conn3_2-1445050-3_TEC New Footprint=conn3_2-1445050-3_TEC
Change Physical Footprint: Designator=P6 Old Footprint=HDR1X5 New Footprint=HDR1X5
Change Physical Footprint: Designator=Q1 Old Footprint=POWERPAK_1212-8 New Footprint=POWERPAK_1212-8
Change Physical Footprint: Designator=Q2 Old Footprint=POWERPAK_1212-8 New Footprint=POWERPAK_1212-8
Change Physical Footprint: Designator=Q3 Old Footprint=SOT-23_M New Footprint=SOT-23_M
Change Physical Footprint: Designator=Q4 Old Footprint=SOT-23_M New Footprint=SOT-23_M
Change Physical Footprint: Designator=R1 Old Footprint=1608[0603] New Footprint=1608[0603]
Change Physical Footprint: Designator=R2 Old Footprint=1608[0603] New Footprint=1608[0603]
Change Physical Footprint: Designator=R3 Old Footprint=1608[0603] New Footprint=1608[0603]
Change Physical Footprint: Designator=R4 Old Footprint=1608[0603] New Footprint=1608[0603]
Change Physical Footprint: Designator=R5 Old Footprint=C1206 New Footprint=C1206
Change Physical Footprint: Designator=R6 Old Footprint=1608[0603] New Footprint=1608[0603]
Change Physical Footprint: Designator=R7 Old Footprint=C1206 New Footprint=C1206
Change Physical Footprint: Designator=R8 Old Footprint=1608[0603] New Footprint=1608[0603]
Change Physical Footprint: Designator=R9 Old Footprint=1608[0603] New Footprint=1608[0603]
Change Physical Footprint: Designator=R10 Old Footprint=1608[0603] New Footprint=1608[0603]
Change Physical Footprint: Designator=R11 Old Footprint=1608[0603] New Footprint=1608[0603]
Change Physical Footprint: Designator=R12 Old Footprint=1608[0603] New Footprint=1608[0603]
Change Physical Footprint: Designator=R13 Old Footprint=1608[0603] New Footprint=1608[0603]
Change Physical Footprint: Designator=R14 Old Footprint=1608[0603] New Footprint=1608[0603]
Change Physical Footprint: Designator=R15 Old Footprint=1608[0603] New Footprint=1608[0603]
Change Physical Footprint: Designator=R17 Old Footprint=0402-A New Footprint=0402-A
Change Physical Footprint: Designator=R18 Old Footprint=0402-A New Footprint=0402-A
Change Physical Footprint: Designator=R19 Old Footprint=0402-A New Footprint=0402-A
Change Physical Footprint: Designator=R20 Old Footprint=0402-A New Footprint=0402-A
Change Physical Footprint: Designator=R21 Old Footprint=0402-A New Footprint=0402-A
Change Physical Footprint: Designator=R22 Old Footprint=0402-A New Footprint=0402-A
Change Physical Footprint: Designator=R23 Old Footprint=0402-A New Footprint=0402-A
Change Physical Footprint: Designator=R24 Old Footprint=0402-A New Footprint=0402-A
Change Physical Footprint: Designator=R25 Old Footprint=0402-A New Footprint=0402-A
Change Physical Footprint: Designator=R26 Old Footprint=0402-A New Footprint=0402-A
Change Physical Footprint: Designator=R27 Old Footprint=0402-A New Footprint=0402-A
Change Physical Footprint: Designator=R28 Old Footprint=6-0805_M New Footprint=6-0805_M
Change Physical Footprint: Designator=R29 Old Footprint=0402-A New Footprint=0402-A
Change Physical Footprint: Designator=R30 Old Footprint=6-0805_M New Footprint=6-0805_M
Change Physical Footprint: Designator=R31 Old Footprint=0402-A New Footprint=0402-A
Change Physical Footprint: Designator=R32 Old Footprint=0402-A New Footprint=0402-A
Change Physical Footprint: Designator=R33 Old Footprint=0402-A New Footprint=0402-A
Change Physical Footprint: Designator=R34 Old Footprint=0402-A New Footprint=0402-A
Change Physical Footprint: Designator=R35 Old Footprint=0402-A New Footprint=0402-A
Change Physical Footprint: Designator=R36 Old Footprint=0402-A New Footprint=0402-A
Change Physical Footprint: Designator=R37 Old Footprint=0402-A New Footprint=0402-A
Change Physical Footprint: Designator=R38 Old Footprint=0402-A New Footprint=0402-A
Change Physical Footprint: Designator=R39 Old Footprint=0402-A New Footprint=0402-A
Change Physical Footprint: Designator=R40 Old Footprint=0402-A New Footprint=0402-A
Change Physical Footprint: Designator=R41 Old Footprint=0402-A New Footprint=0402-A
Change Physical Footprint: Designator=R42 Old Footprint=0402-A New Footprint=0402-A
Change Physical Footprint: Designator=R43 Old Footprint=0402-A New Footprint=0402-A
Change Physical Footprint: Designator=R44 Old Footprint=0402-A New Footprint=0402-A
Change Physical Footprint: Designator=R45 Old Footprint=0402-A New Footprint=0402-A
Change Physical Footprint: Designator=R46 Old Footprint=0402-A New Footprint=0402-A
Change Physical Footprint: Designator=R47 Old Footprint=0402-A New Footprint=0402-A
Change Physical Footprint: Designator=R48 Old Footprint=0402-A New Footprint=0402-A
Change Physical Footprint: Designator=R50 Old Footprint=0402-A New Footprint=0402-A
Change Physical Footprint: Designator=R51 Old Footprint=0402-A New Footprint=0402-A
Change Physical Footprint: Designator=R52 Old Footprint=0402-A New Footprint=0402-A
Change Physical Footprint: Designator=R53 Old Footprint=0402-A New Footprint=0402-A
Change Physical Footprint: Designator=R54 Old Footprint=0402-A New Footprint=0402-A
Change Physical Footprint: Designator=R55 Old Footprint=0402-A New Footprint=0402-A
Change Physical Footprint: Designator=R56 Old Footprint=0402-A New Footprint=0402-A
Change Physical Footprint: Designator=RT1 Old Footprint=1608[0603] New Footprint=1608[0603]
Change Physical Footprint: Designator=U2 Old Footprint=RGE24_2P45X2P45 New Footprint=RGE24_2P45X2P45
Change Physical Footprint: Designator=U3 Old Footprint=RHL0014A New Footprint=RHL0014A
Change Physical Footprint: Designator=U4 Old Footprint=RHL0014A New Footprint=RHL0014A
Change Physical Footprint: Designator=U5 Old Footprint=RHL0014A New Footprint=RHL0014A
Change Physical Footprint: Designator=U6 Old Footprint=DRB8_1P6X2P4 New Footprint=DRB8_1P6X2P4
Change Physical Footprint: Designator=U7 Old Footprint=QFN28_6X6MC_MCH New Footprint=QFN28_6X6MC_MCH
Change Physical Footprint: Designator=U8 Old Footprint=D0008A_N New Footprint=D0008A_N
Change Physical Footprint: Designator=U9 Old Footprint=SOT-323_DIO New Footprint=SOT-323_DIO
Change Physical Footprint: Designator=U10 Old Footprint=SOIC-SO18_L New Footprint=SOIC-SO18_L
Change Physical Footprint: Designator=U11 Old Footprint=SOT-23-OT5_N New Footprint=SOT-23-OT5_N
Change Physical Footprint: Designator=U24 Old Footprint=FP-LGA-14L-DM00249496-MFG New Footprint=FP-LGA-14L-DM00249496-MFG
Change Physical Footprint: Designator=U25 Old Footprint=FP-DBZ0003A-MFG New Footprint=FP-DBZ0003A-MFG
