Removed Pin From Net: NetName=NetD3_3 Pin=D3-2
Added Component: Designator=C17(1608[0603])
Add component (AddParameter): Name = "LatestRevisionDate"; Value = "17-Jul-2002"; VariantName = "[No Variations]"
Add component (AddParameter): Name = "LatestRevisionNote"; Value = "Re-released for DXP Platform."; VariantName = "[No Variations]"
Add component (AddParameter): Name = "PackageDescription"; Value = "Radial Cap, Thru-Hole; 2 Leads; 0.3 in Pin Spacing"; VariantName = "[No Variations]"
Add component (AddParameter): Name = "PackageReference"; Value = "RAD-0.3"; VariantName = "[No Variations]"
Add component (AddParameter): Name = "Published"; Value = "8-Jun-2000"; VariantName = "[No Variations]"
Add component (AddParameter): Name = "Publisher"; Value = "Altium Limited"; VariantName = "[No Variations]"
Add component (AddParameter): Name = "Value"; Value = "680pF"; VariantName = "[No Variations]"
Added Component: Designator=C18(1608[0603])
Add component (AddParameter): Name = "LatestRevisionDate"; Value = "17-Jul-2002"; VariantName = "[No Variations]"
Add component (AddParameter): Name = "LatestRevisionNote"; Value = "Re-released for DXP Platform."; VariantName = "[No Variations]"
Add component (AddParameter): Name = "PackageDescription"; Value = "Radial Cap, Thru-Hole; 2 Leads; 0.3 in Pin Spacing"; VariantName = "[No Variations]"
Add component (AddParameter): Name = "PackageReference"; Value = "RAD-0.3"; VariantName = "[No Variations]"
Add component (AddParameter): Name = "Published"; Value = "8-Jun-2000"; VariantName = "[No Variations]"
Add component (AddParameter): Name = "Publisher"; Value = "Altium Limited"; VariantName = "[No Variations]"
Add component (AddParameter): Name = "Value"; Value = "100nF"; VariantName = "[No Variations]"
Added Component: Designator=R10(0402-A)
Add component (AddParameter): Name = "LatestRevisionDate"; Value = "17-Jul-2002"; VariantName = "[No Variations]"
Add component (AddParameter): Name = "LatestRevisionNote"; Value = "Re-released for DXP Platform."; VariantName = "[No Variations]"
Add component (AddParameter): Name = "PackageDescription"; Value = "Axial Device, Thru-Hole; 2 Leads; 0.3 in Pin Spacing"; VariantName = "[No Variations]"
Add component (AddParameter): Name = "PackageReference"; Value = "AXIAL-0.3"; VariantName = "[No Variations]"
Add component (AddParameter): Name = "Published"; Value = "8-Jun-2000"; VariantName = "[No Variations]"
Add component (AddParameter): Name = "Publisher"; Value = "Altium Limited"; VariantName = "[No Variations]"
Add component (AddParameter): Name = "Value"; Value = "0"; VariantName = "[No Variations]"
Added Component: Designator=U2(FP-DBZ0003A-MFG)
Add component (AddParameter): Name = "Accuracy"; Value = "0.5%"; VariantName = "[No Variations]"
Add component (AddParameter): Name = "Ambient Temperature Range High"; Value = "+150°C"; VariantName = "[No Variations]"
Add component (AddParameter): Name = "Ambient Temperature Range Low"; Value = "-40°C"; VariantName = "[No Variations]"
Add component (AddParameter): Name = "Automotive"; Value = "No"; VariantName = "[No Variations]"
Add component (AddParameter): Name = "Category"; Value = "IC"; VariantName = "[No Variations]"
Add component (AddParameter): Name = "ComponentLink2Description"; Value = "Datasheet"; VariantName = "[No Variations]"
Add component (AddParameter): Name = "ComponentLink2URL"; Value = "http://www.ti.com/lit/ds/symlink/tmp235.pdf"; VariantName = "[No Variations]"
Add component (AddParameter): Name = "Device Class L1"; Value = "Sensors"; VariantName = "[No Variations]"
Add component (AddParameter): Name = "Device Class L2"; Value = "Temperature and Humidity Sensors"; VariantName = "[No Variations]"
Add component (AddParameter): Name = "Device Class L3"; Value = "unset"; VariantName = "[No Variations]"
Add component (AddParameter): Name = "Digikey Description"; Value = "LOW-POWER HIGH-ACCURACY ANALOG O"; VariantName = "[No Variations]"
Add component (AddParameter): Name = "Height"; Value = "1.12mm"; VariantName = "[No Variations]"
Add component (AddParameter): Name = "Lead Free"; Value = "Yes"; VariantName = "[No Variations]"
Add component (AddParameter): Name = "Manufacturer"; Value = "Texas Instruments"; VariantName = "[No Variations]"
Add component (AddParameter): Name = "Manufacturer Part Number"; Value = "TMP235A2DBZR"; VariantName = "[No Variations]"
Add component (AddParameter): Name = "Max Junction Temp"; Value = "+150°C"; VariantName = "[No Variations]"
Add component (AddParameter): Name = "Max Supply Voltage"; Value = "5.5V"; VariantName = "[No Variations]"
Add component (AddParameter): Name = "Min Supply Voltage"; Value = "2.3V"; VariantName = "[No Variations]"
Add component (AddParameter): Name = "Mouser Description"; Value = "±2°C Analog output temperature sensor, with 10mV /°C gain 3-SOT-23 -40 to 150"; VariantName = "[No Variations]"
Add component (AddParameter): Name = "Octopart"; Value = "https://octopart.com/tmp235a2dbzr-texas+instruments-94966376"; VariantName = "[No Variations]"
Add component (AddParameter): Name = "Operating Supply Current"; Value = "9uA"; VariantName = "[No Variations]"
Add component (AddParameter): Name = "Output Current"; Value = "500uA"; VariantName = "[No Variations]"
Add component (AddParameter): Name = "Package"; Value = "DBZ0003A"; VariantName = "[No Variations]"
Add component (AddParameter): Name = "RoHS"; Value = "TRUE"; VariantName = "[No Variations]"
Add component (AddParameter): Name = "Sensor Output"; Value = "Analog Voltage"; VariantName = "[No Variations]"
Add component (AddParameter): Name = "Standoff Height"; Value = "0.01mm"; VariantName = "[No Variations]"
Add component (AddParameter): Name = "Temperature"; Value = "-40°C to +150°C"; VariantName = "[No Variations]"
Add component (AddParameter): Name = "Temperature Range High"; Value = "+150°C"; VariantName = "[No Variations]"
Add component (AddParameter): Name = "Temperature Range Low"; Value = "-40°C"; VariantName = "[No Variations]"
Added Pin To Net: NetName=NetC17_1 Pin=C17-1
Added Pin To Net: NetName=GND Pin=C17-2
Added Pin To Net: NetName=3V3 Pin=C18-1
Added Pin To Net: NetName=GND Pin=C18-2
Added Pin To Net: NetName=NetR10_1 Pin=R10-1
Added Pin To Net: NetName=NetC17_1 Pin=R10-2
Added Pin To Net: NetName=3V3 Pin=U2-1
Added Pin To Net: NetName=NetR10_1 Pin=U2-2
Added Pin To Net: NetName=GND Pin=U2-3
Added Member To Class: ClassName=Designator Member=Component ANT1 AMCA31-2R450G-S1F-T3
Added Member To Class: ClassName=Designator Member=Component C1 Cap
Added Member To Class: ClassName=Designator Member=Component C2 Cap
Added Member To Class: ClassName=Designator Member=Component C3 Cap
Added Member To Class: ClassName=Designator Member=Component C4 Cap
Added Member To Class: ClassName=Designator Member=Component C5 Cap
Added Member To Class: ClassName=Designator Member=Component C6 Cap
Added Member To Class: ClassName=Designator Member=Component C7 Cap
Added Member To Class: ClassName=Designator Member=Component C8 Cap
Added Member To Class: ClassName=Designator Member=Component C9 Cap
Added Member To Class: ClassName=Designator Member=Component C10 Cap
Added Member To Class: ClassName=Designator Member=Component C11 Cap
Added Member To Class: ClassName=Designator Member=Component C12 Cap
Added Member To Class: ClassName=Designator Member=Component C13 Cap
Added Member To Class: ClassName=Designator Member=Component C14 Cap
Added Member To Class: ClassName=Designator Member=Component C15 Cap
Added Member To Class: ClassName=Designator Member=Component C16 Cap
Added Member To Class: ClassName=Designator Member=Component C17 Cap
Added Member To Class: ClassName=Designator Member=Component C18 Cap
Added Member To Class: ClassName=Designator Member=Component C19 Cap
Added Member To Class: ClassName=Designator Member=Component C20 Cap
Added Member To Class: ClassName=Designator Member=Component C21 Cap
Added Member To Class: ClassName=Designator Member=Component C22 Cap
Added Member To Class: ClassName=Designator Member=Component C23 Cap
Added Member To Class: ClassName=Designator Member=Component C24 Cap
Added Member To Class: ClassName=Designator Member=Component C25 Cap
Added Member To Class: ClassName=Designator Member=Component C26 Cap
Added Member To Class: ClassName=Designator Member=Component C27 Cap
Added Member To Class: ClassName=Designator Member=Component C28 Cap
Added Member To Class: ClassName=Designator Member=Component C29 Cap
Added Member To Class: ClassName=Designator Member=Component C30 Cap
Added Member To Class: ClassName=Designator Member=Component C31 Cap
Added Member To Class: ClassName=Designator Member=Component C32 Cap
Added Member To Class: ClassName=Designator Member=Component C33 Cap
Added Member To Class: ClassName=Designator Member=Component C34 Cap
Added Member To Class: ClassName=Designator Member=Component C35 Cap
Added Member To Class: ClassName=Designator Member=Component C36 Cap
Added Member To Class: ClassName=Designator Member=Component C37 Cap
Added Member To Class: ClassName=Designator Member=Component C38 Cap
Added Member To Class: ClassName=Designator Member=Component C39 Cap
Added Member To Class: ClassName=Designator Member=Component C40 Cap2
Added Member To Class: ClassName=Designator Member=Component C41 Cap
Added Member To Class: ClassName=Designator Member=Component C42 Cap
Added Member To Class: ClassName=Designator Member=Component C43 Cap
Added Member To Class: ClassName=Designator Member=Component C44 Cap
Added Member To Class: ClassName=Designator Member=Component C45 Cap
Added Member To Class: ClassName=Designator Member=Component D1 LED1
Added Member To Class: ClassName=Designator Member=Component D2 Diode 10TQ035
Added Member To Class: ClassName=Designator Member=Component D3 Diode 10TQ035
Added Member To Class: ClassName=Designator Member=Component D4 LED1
Added Member To Class: ClassName=Designator Member=Component D5 LED1
Added Member To Class: ClassName=Designator Member=Component D? BAT54-7-F
Added Member To Class: ClassName=Designator Member=Component J1 Thermistor Connector
Added Member To Class: ClassName=Designator Member=Component J2 Encoder Connector
Added Member To Class: ClassName=Designator Member=Component J3 B4B-XH-A (LF)(SN)
Added Member To Class: ClassName=Designator Member=Component J4 Limit Switch Connector
Added Member To Class: ClassName=Designator Member=Component L1 Inductor
Added Member To Class: ClassName=Designator Member=Component L2 Inductor
Added Member To Class: ClassName=Designator Member=Component L3 Inductor
Added Member To Class: ClassName=Designator Member=Component L4 Inductor
Added Member To Class: ClassName=Designator Member=Component L5 4.7uH
Added Member To Class: ClassName=Designator Member=Component L6 10uH
Added Member To Class: ClassName=Designator Member=Component P1 SWD
Added Member To Class: ClassName=Designator Member=Component P? Header 3
Added Member To Class: ClassName=Designator Member=Component R1 Res1
Added Member To Class: ClassName=Designator Member=Component R2 Res1
Added Member To Class: ClassName=Designator Member=Component R3 Res1
Added Member To Class: ClassName=Designator Member=Component R4 Res1
Added Member To Class: ClassName=Designator Member=Component R5 Res1
Added Member To Class: ClassName=Designator Member=Component R6 Res1
Added Member To Class: ClassName=Designator Member=Component R7 Res1
Added Member To Class: ClassName=Designator Member=Component R8 Res1
Added Member To Class: ClassName=Designator Member=Component R9 Res1
Added Member To Class: ClassName=Designator Member=Component R10 Res1
Added Member To Class: ClassName=Designator Member=Component R11 Res1
Added Member To Class: ClassName=Designator Member=Component R12 Res1
Added Member To Class: ClassName=Designator Member=Component R13 Res1
Added Member To Class: ClassName=Designator Member=Component R14 Res1
Added Member To Class: ClassName=Designator Member=Component R15 Res1
Added Member To Class: ClassName=Designator Member=Component R16 Res1
Added Member To Class: ClassName=Designator Member=Component R17 Res1
Added Member To Class: ClassName=Designator Member=Component R18 Res1
Added Member To Class: ClassName=Designator Member=Component R19 Res1
Added Member To Class: ClassName=Designator Member=Component R20 Res1
Added Member To Class: ClassName=Designator Member=Component R21 Res1
Added Member To Class: ClassName=Designator Member=Component R22 Res1
Added Member To Class: ClassName=Designator Member=Component R23 Res1
Added Member To Class: ClassName=Designator Member=Component R24 Res1
Added Member To Class: ClassName=Designator Member=Component R25 Res1
Added Member To Class: ClassName=Designator Member=Component R26 Res1
Added Member To Class: ClassName=Designator Member=Component R27 Res1
Added Member To Class: ClassName=Designator Member=Component R28 Res1
Added Member To Class: ClassName=Designator Member=Component R29 Res1
Added Member To Class: ClassName=Designator Member=Component R30 Res1
Added Member To Class: ClassName=Designator Member=Component U1 NRF52832-QFAA-R
Added Member To Class: ClassName=Designator Member=Component U2 TMP235AQDBZTQ1
Added Member To Class: ClassName=Designator Member=Component U3 LSM6DSMTR
Added Member To Class: ClassName=Designator Member=Component U4 LM2736XMK/NOPB
Added Member To Class: ClassName=Designator Member=Component U5 MP5087GG
Added Member To Class: ClassName=Designator Member=Component U6 TPS55340QRTERQ1
Added Member To Class: ClassName=Designator Member=Component U7 AP2204K-5.0TRG1
Added Member To Class: ClassName=Designator Member=Component U8 ACS70331EESATR-005U3
Added Member To Class: ClassName=Designator Member=Component U9 DRV8825PWP
Added Member To Class: ClassName=Designator Member=Component X1 FC-135 32.7680KA-AC
Added Member To Class: ClassName=Designator Member=Component X2 XRCGB32M000F1H00R0
Added Member To Class: ClassName=Designator Member=Component X3 Battery Connector
