Removed Pin From Net: NetName=RX Pin=U1-12
Removed Pin From Net: NetName=TX Pin=U1-14
Removed Pin From Net: NetName=NetR30_2 Pin=U1-17
Removed Pin From Net: NetName=NetR29_2 Pin=U1-29
Removed Pin From Net: NetName=NetU1_16 Pin=U9-17
Removed Pin From Net: NetName=NetU1_18 Pin=U9-19
Removed Pin From Net: NetName=NetU1_19 Pin=U9-20
Removed Pin From Net: NetName=NetU1_20 Pin=U9-21
Removed Pin From Net: NetName=NetU1_22 Pin=U9-22
Removed Pin From Net: NetName=NetU1_23 Pin=U9-24
Added Component: Designator=C10(1608[0603])
Add component (AddParameter): Name = "LatestRevisionDate"; Value = "17-Jul-2002"; VariantName = "[No Variations]"
Add component (AddParameter): Name = "LatestRevisionNote"; Value = "Re-released for DXP Platform."; VariantName = "[No Variations]"
Add component (AddParameter): Name = "PackageDescription"; Value = "Radial Cap, Thru-Hole; 2 Leads; 0.3 in Pin Spacing"; VariantName = "[No Variations]"
Add component (AddParameter): Name = "PackageReference"; Value = "RAD-0.3"; VariantName = "[No Variations]"
Add component (AddParameter): Name = "Published"; Value = "8-Jun-2000"; VariantName = "[No Variations]"
Add component (AddParameter): Name = "Publisher"; Value = "Altium Limited"; VariantName = "[No Variations]"
Add component (AddParameter): Name = "Value"; Value = "100nF"; VariantName = "[No Variations]"
Added Pin To Net: NetName=3V3 Pin=C10-1
Added Pin To Net: NetName=GND Pin=C10-2
Added Pin To Net: NetName=NetR30_2 Pin=U1-15
Added Pin To Net: NetName=NetR29_2 Pin=U1-27
Added Pin To Net: NetName=RX Pin=U1-28
Added Pin To Net: NetName=TX Pin=U1-29
Added Pin To Net: NetName=NetU1_16 Pin=U9-19
Added Pin To Net: NetName=NetU1_18 Pin=U9-21
Added Pin To Net: NetName=NetU1_19 Pin=U9-22
Added Pin To Net: NetName=NetU1_20 Pin=U9-24
Added Pin To Net: NetName=NetU1_22 Pin=U9-25
Added Pin To Net: NetName=NetU1_23 Pin=U9-26
Added Pin To Net: NetName=NetU1_12 Pin=U1-12
Added Pin To Net: NetName=NetU1_12 Pin=U9-16
Added Net: Name=NetU1_12
Added Pin To Net: NetName=NetU1_14 Pin=U1-14
Added Pin To Net: NetName=NetU1_14 Pin=U9-17
Added Net: Name=NetU1_14
Added Pin To Net: NetName=NetU1_17 Pin=U1-17
Added Pin To Net: NetName=NetU1_17 Pin=U9-20
Added Net: Name=NetU1_17
