Removed Pin From Net: NetName=GND Pin=D2-2
Removed Pin From Net: NetName=NetD3_3 Pin=D3-2
Removed Pin From Net: NetName=GND Pin=P?-1
Removed Pin From Net: NetName=EA+ Pin=R2-2
Removed Pin From Net: NetName=NetU1_14 Pin=U3-1
Removed Pin From Net: NetName=NetU1_10 Pin=U3-12
Removed Pin From Net: NetName=NetU1_11 Pin=U3-13
Removed Pin From Net: NetName=NetU1_12 Pin=U3-14
Added Component: Designator=C?(0402-A)
Add component (AddParameter): Name = "LatestRevisionDate"; Value = "17-Jul-2002"; VariantName = "[No Variations]"
Add component (AddParameter): Name = "LatestRevisionNote"; Value = "Re-released for DXP Platform."; VariantName = "[No Variations]"
Add component (AddParameter): Name = "PackageDescription"; Value = "Radial Cap, Thru-Hole; 2 Leads; 0.3 in Pin Spacing"; VariantName = "[No Variations]"
Add component (AddParameter): Name = "PackageReference"; Value = "RAD-0.3"; VariantName = "[No Variations]"
Add component (AddParameter): Name = "Published"; Value = "8-Jun-2000"; VariantName = "[No Variations]"
Add component (AddParameter): Name = "Publisher"; Value = "Altium Limited"; VariantName = "[No Variations]"
Add component (AddParameter): Name = "Value"; Value = "470pf"; VariantName = "[No Variations]"
Added Pin To Net: NetName=GND Pin=C?-1
Added Pin To Net: NetName=NetR14_2 Pin=C?-2
Added Pin To Net: NetName=NetU1_10 Pin=U3-1
Added Pin To Net: NetName=NetU1_14 Pin=U3-12
Added Pin To Net: NetName=NetU1_12 Pin=U3-13
Added Pin To Net: NetName=NetU1_11 Pin=U3-14
Change Net Name : Old Net Name=NetC23_1 New Net Name=Buck Out
Change Net Name : Old Net Name=NetR14_2 New Net Name=NetC?_2
