Removed Pin From Net: NetName=NetD3_3 Pin=U6-1
Removed Pin From Net: NetName=7V4 Pin=U6-2
Removed Pin From Net: NetName=7V4 Pin=U6-3
Removed Pin From Net: NetName=NetC30_1 Pin=U6-4
Removed Pin From Net: NetName=GND Pin=U6-5
Removed Pin From Net: NetName=GND Pin=U6-6
Removed Pin From Net: NetName=NetR18_1 Pin=U6-7
Removed Pin From Net: NetName=NetR19_1 Pin=U6-8
Removed Pin From Net: NetName=NetR17_1 Pin=U6-9
Removed Pin From Net: NetName=GND Pin=U6-10
Removed Pin From Net: NetName=GND Pin=U6-11
Removed Pin From Net: NetName=GND Pin=U6-12
Removed Pin From Net: NetName=GND Pin=U6-13
Removed Pin From Net: NetName=GND Pin=U6-14
Removed Pin From Net: NetName=NetD3_3 Pin=U6-15
Removed Pin From Net: NetName=NetD3_3 Pin=U6-16
Change component parameters: Designator = "C35" ("C35"); Footprint = "6-0805_M"; UniqueID = "\OSFTHBEZ\OBIWBNOS" ("\OSFTHBEZ\OBIWBNOS")
Change component parameters (AddParameter): Name = "LatestRevisionDate"; Value = "17-Jul-2002"; VariantName = "[No Variations]"
Change component parameters (AddParameter): Name = "LatestRevisionNote"; Value = "Re-released for DXP Platform."; VariantName = "[No Variations]"
Change component parameters (AddParameter): Name = "PackageDescription"; Value = "Radial Cap, Thru-Hole; 2 Leads; 0.3 in Pin Spacing"; VariantName = "[No Variations]"
Change component parameters (AddParameter): Name = "PackageReference"; Value = "RAD-0.3"; VariantName = "[No Variations]"
Change component parameters (AddParameter): Name = "Published"; Value = "8-Jun-2000"; VariantName = "[No Variations]"
Change component parameters (AddParameter): Name = "Publisher"; Value = "Altium Limited"; VariantName = "[No Variations]"
Change component parameters (AddParameter): Name = "Value"; Value = "10uF"; VariantName = "[No Variations]"
Added Component: Designator=C43(6-0805_M)
Add component (AddParameter): Name = "LatestRevisionDate"; Value = "17-Jul-2002"; VariantName = "[No Variations]"
Add component (AddParameter): Name = "LatestRevisionNote"; Value = "Re-released for DXP Platform."; VariantName = "[No Variations]"
Add component (AddParameter): Name = "PackageDescription"; Value = "Radial Cap, Thru-Hole; 2 Leads; 0.3 in Pin Spacing"; VariantName = "[No Variations]"
Add component (AddParameter): Name = "PackageReference"; Value = "RAD-0.3"; VariantName = "[No Variations]"
Add component (AddParameter): Name = "Published"; Value = "8-Jun-2000"; VariantName = "[No Variations]"
Add component (AddParameter): Name = "Publisher"; Value = "Altium Limited"; VariantName = "[No Variations]"
Add component (AddParameter): Name = "Value"; Value = "10uF"; VariantName = "[No Variations]"
Added Component: Designator=C44(6-0805_M)
Add component (AddParameter): Name = "LatestRevisionDate"; Value = "17-Jul-2002"; VariantName = "[No Variations]"
Add component (AddParameter): Name = "LatestRevisionNote"; Value = "Re-released for DXP Platform."; VariantName = "[No Variations]"
Add component (AddParameter): Name = "PackageDescription"; Value = "Radial Cap, Thru-Hole; 2 Leads; 0.3 in Pin Spacing"; VariantName = "[No Variations]"
Add component (AddParameter): Name = "PackageReference"; Value = "RAD-0.3"; VariantName = "[No Variations]"
Add component (AddParameter): Name = "Published"; Value = "8-Jun-2000"; VariantName = "[No Variations]"
Add component (AddParameter): Name = "Publisher"; Value = "Altium Limited"; VariantName = "[No Variations]"
Add component (AddParameter): Name = "Value"; Value = "10uF"; VariantName = "[No Variations]"
Added Component: Designator=U6(TPS55340QRTERQ1)
Added Pin To Net: NetName=NetC35_1 Pin=C43-1
Added Pin To Net: NetName=GND Pin=C43-2
Added Pin To Net: NetName=NetC35_1 Pin=C44-1
Added Pin To Net: NetName=GND Pin=C44-2
Added Pin To Net: NetName=NetD3_3 Pin=U6-1
Added Pin To Net: NetName=7V4 Pin=U6-2
Added Pin To Net: NetName=7V4 Pin=U6-3
Added Pin To Net: NetName=NetC30_1 Pin=U6-4
Added Pin To Net: NetName=GND Pin=U6-5
Added Pin To Net: NetName=GND Pin=U6-6
Added Pin To Net: NetName=NetR18_1 Pin=U6-7
Added Pin To Net: NetName=NetR19_1 Pin=U6-8
Added Pin To Net: NetName=NetR17_1 Pin=U6-9
Added Pin To Net: NetName=GND Pin=U6-10
Added Pin To Net: NetName=GND Pin=U6-11
Added Pin To Net: NetName=GND Pin=U6-12
Added Pin To Net: NetName=GND Pin=U6-13
Added Pin To Net: NetName=GND Pin=U6-14
Added Pin To Net: NetName=NetD3_3 Pin=U6-15
Added Pin To Net: NetName=NetD3_3 Pin=U6-16
Change Room Name: Old Name=Designator_8 New Name=Designator
Change Room Name: Old Name=Designator_7 New Name=Designator
Change Room Name: Old Name=Designator_9 New Name=Designator
Added Room: Name=Designator
Added Room: Name=Designator
Added Room: Name=Designator
