Added Component: Designator=U?(LM-QFN-261_V)
Add component (AddParameter): Name = "Category"; Value = "RF/IFandRFID"; VariantName = "[No Variations]"
Add component (AddParameter): Name = "Current - Receiving"; Value = "420mA"; VariantName = "[No Variations]"
Add component (AddParameter): Name = "Current - Transmitting"; Value = "350mA"; VariantName = "[No Variations]"
Add component (AddParameter): Name = "Data Rate (Max)"; Value = "-"; VariantName = "[No Variations]"
Add component (AddParameter): Name = "Datasheet URL"; Value = "http://www.richardsonrfpd.com/resources/RellDocuments/SYS_31/LMS7002M.pdf"; VariantName = "[No Variations]"
Add component (AddParameter): Name = "Datasheet Version"; Value = "Rev. 2.8.0, 09/2015"; VariantName = "[No Variations]"
Add component (AddParameter): Name = "Family"; Value = "RFTransceiverICs"; VariantName = "[No Variations]"
Add component (AddParameter): Name = "Frequency"; Value = "100kHz~3.8GHz"; VariantName = "[No Variations]"
Add component (AddParameter): Name = "GPIO"; Value = "-"; VariantName = "[No Variations]"
Add component (AddParameter): Name = "Manufacturer"; Value = "LimeMicrosystemsLtd"; VariantName = "[No Variations]"
Add component (AddParameter): Name = "Manufacturer URL"; Value = "http://www.limemicro.com/"; VariantName = "[No Variations]"
Add component (AddParameter): Name = "Memory Size"; Value = "10kBSRAM"; VariantName = "[No Variations]"
Add component (AddParameter): Name = "Modulation"; Value = "-"; VariantName = "[No Variations]"
Add component (AddParameter): Name = "Mounting Technology"; Value = "SurfaceMount"; VariantName = "[No Variations]"
Add component (AddParameter): Name = "Operating Temperature"; Value = "-40°C~85°C"; VariantName = "[No Variations]"
Add component (AddParameter): Name = "Package / Case"; Value = "261-SMDModule"; VariantName = "[No Variations]"
Add component (AddParameter): Name = "Package Description"; Value = "261-Pin Quad Flat No-lead Package, Body 11.5 x 11.5 mm, Pitch 0.666 mm"; VariantName = "[No Variations]"
Add component (AddParameter): Name = "Package Reference"; Value = "QFN-261"; VariantName = "[No Variations]"
Add component (AddParameter): Name = "Package URL"; Value = "http://cdn.limemicro.com/wp-content/uploads/2015/08/LMS7002M-PCB-Layout-Recommendations-1.0r5.pdf"; VariantName = "[No Variations]"
Add component (AddParameter): Name = "Packaging"; Value = "Tray"; VariantName = "[No Variations]"
Add component (AddParameter): Name = "Power - Output"; Value = "0dBm"; VariantName = "[No Variations]"
Add component (AddParameter): Name = "Protocol"; Value = "CDMA,GSM,HSPA,LTE,TD-SCDMA,WCDMA"; VariantName = "[No Variations]"
Add component (AddParameter): Name = "RF Family/Standard"; Value = "Cellular"; VariantName = "[No Variations]"
Add component (AddParameter): Name = "Sensitivity"; Value = "-"; VariantName = "[No Variations]"
Add component (AddParameter): Name = "Serial Interfaces"; Value = "SPI"; VariantName = "[No Variations]"
Add component (AddParameter): Name = "Series"; Value = "-"; VariantName = "[No Variations]"
Add component (AddParameter): Name = "Type"; Value = "TxRx+MCU"; VariantName = "[No Variations]"
Add component (AddParameter): Name = "Voltage - Supply"; Value = "1.1V~1.89V"; VariantName = "[No Variations]"
Added Component: Designator=U?(LM-QFN-261_V)
Add component (AddParameter): Name = "Category"; Value = "RF/IFandRFID"; VariantName = "[No Variations]"
Add component (AddParameter): Name = "Current - Receiving"; Value = "420mA"; VariantName = "[No Variations]"
Add component (AddParameter): Name = "Current - Transmitting"; Value = "350mA"; VariantName = "[No Variations]"
Add component (AddParameter): Name = "Data Rate (Max)"; Value = "-"; VariantName = "[No Variations]"
Add component (AddParameter): Name = "Datasheet URL"; Value = "http://www.richardsonrfpd.com/resources/RellDocuments/SYS_31/LMS7002M.pdf"; VariantName = "[No Variations]"
Add component (AddParameter): Name = "Datasheet Version"; Value = "Rev. 2.8.0, 09/2015"; VariantName = "[No Variations]"
Add component (AddParameter): Name = "Family"; Value = "RFTransceiverICs"; VariantName = "[No Variations]"
Add component (AddParameter): Name = "Frequency"; Value = "100kHz~3.8GHz"; VariantName = "[No Variations]"
Add component (AddParameter): Name = "GPIO"; Value = "-"; VariantName = "[No Variations]"
Add component (AddParameter): Name = "Manufacturer"; Value = "LimeMicrosystemsLtd"; VariantName = "[No Variations]"
Add component (AddParameter): Name = "Manufacturer URL"; Value = "http://www.limemicro.com/"; VariantName = "[No Variations]"
Add component (AddParameter): Name = "Memory Size"; Value = "10kBSRAM"; VariantName = "[No Variations]"
Add component (AddParameter): Name = "Modulation"; Value = "-"; VariantName = "[No Variations]"
Add component (AddParameter): Name = "Mounting Technology"; Value = "SurfaceMount"; VariantName = "[No Variations]"
Add component (AddParameter): Name = "Operating Temperature"; Value = "-40°C~85°C"; VariantName = "[No Variations]"
Add component (AddParameter): Name = "Package / Case"; Value = "261-SMDModule"; VariantName = "[No Variations]"
Add component (AddParameter): Name = "Package Description"; Value = "261-Pin Quad Flat No-lead Package, Body 11.5 x 11.5 mm, Pitch 0.666 mm"; VariantName = "[No Variations]"
Add component (AddParameter): Name = "Package Reference"; Value = "QFN-261"; VariantName = "[No Variations]"
Add component (AddParameter): Name = "Package URL"; Value = "http://cdn.limemicro.com/wp-content/uploads/2015/08/LMS7002M-PCB-Layout-Recommendations-1.0r5.pdf"; VariantName = "[No Variations]"
Add component (AddParameter): Name = "Packaging"; Value = "Tray"; VariantName = "[No Variations]"
Add component (AddParameter): Name = "Power - Output"; Value = "0dBm"; VariantName = "[No Variations]"
Add component (AddParameter): Name = "Protocol"; Value = "CDMA,GSM,HSPA,LTE,TD-SCDMA,WCDMA"; VariantName = "[No Variations]"
Add component (AddParameter): Name = "RF Family/Standard"; Value = "Cellular"; VariantName = "[No Variations]"
Add component (AddParameter): Name = "Sensitivity"; Value = "-"; VariantName = "[No Variations]"
Add component (AddParameter): Name = "Serial Interfaces"; Value = "SPI"; VariantName = "[No Variations]"
Add component (AddParameter): Name = "Series"; Value = "-"; VariantName = "[No Variations]"
Add component (AddParameter): Name = "Type"; Value = "TxRx+MCU"; VariantName = "[No Variations]"
Add component (AddParameter): Name = "Voltage - Supply"; Value = "1.1V~1.89V"; VariantName = "[No Variations]"
Added Component: Designator=U?(LM-QFN-261_V)
Add component (AddParameter): Name = "Category"; Value = "RF/IFandRFID"; VariantName = "[No Variations]"
Add component (AddParameter): Name = "Current - Receiving"; Value = "420mA"; VariantName = "[No Variations]"
Add component (AddParameter): Name = "Current - Transmitting"; Value = "350mA"; VariantName = "[No Variations]"
Add component (AddParameter): Name = "Data Rate (Max)"; Value = "-"; VariantName = "[No Variations]"
Add component (AddParameter): Name = "Datasheet URL"; Value = "http://www.richardsonrfpd.com/resources/RellDocuments/SYS_31/LMS7002M.pdf"; VariantName = "[No Variations]"
Add component (AddParameter): Name = "Datasheet Version"; Value = "Rev. 2.8.0, 09/2015"; VariantName = "[No Variations]"
Add component (AddParameter): Name = "Family"; Value = "RFTransceiverICs"; VariantName = "[No Variations]"
Add component (AddParameter): Name = "Frequency"; Value = "100kHz~3.8GHz"; VariantName = "[No Variations]"
Add component (AddParameter): Name = "GPIO"; Value = "-"; VariantName = "[No Variations]"
Add component (AddParameter): Name = "Manufacturer"; Value = "LimeMicrosystemsLtd"; VariantName = "[No Variations]"
Add component (AddParameter): Name = "Manufacturer URL"; Value = "http://www.limemicro.com/"; VariantName = "[No Variations]"
Add component (AddParameter): Name = "Memory Size"; Value = "10kBSRAM"; VariantName = "[No Variations]"
Add component (AddParameter): Name = "Modulation"; Value = "-"; VariantName = "[No Variations]"
Add component (AddParameter): Name = "Mounting Technology"; Value = "SurfaceMount"; VariantName = "[No Variations]"
Add component (AddParameter): Name = "Operating Temperature"; Value = "-40°C~85°C"; VariantName = "[No Variations]"
Add component (AddParameter): Name = "Package / Case"; Value = "261-SMDModule"; VariantName = "[No Variations]"
Add component (AddParameter): Name = "Package Description"; Value = "261-Pin Quad Flat No-lead Package, Body 11.5 x 11.5 mm, Pitch 0.666 mm"; VariantName = "[No Variations]"
Add component (AddParameter): Name = "Package Reference"; Value = "QFN-261"; VariantName = "[No Variations]"
Add component (AddParameter): Name = "Package URL"; Value = "http://cdn.limemicro.com/wp-content/uploads/2015/08/LMS7002M-PCB-Layout-Recommendations-1.0r5.pdf"; VariantName = "[No Variations]"
Add component (AddParameter): Name = "Packaging"; Value = "Tray"; VariantName = "[No Variations]"
Add component (AddParameter): Name = "Power - Output"; Value = "0dBm"; VariantName = "[No Variations]"
Add component (AddParameter): Name = "Protocol"; Value = "CDMA,GSM,HSPA,LTE,TD-SCDMA,WCDMA"; VariantName = "[No Variations]"
Add component (AddParameter): Name = "RF Family/Standard"; Value = "Cellular"; VariantName = "[No Variations]"
Add component (AddParameter): Name = "Sensitivity"; Value = "-"; VariantName = "[No Variations]"
Add component (AddParameter): Name = "Serial Interfaces"; Value = "SPI"; VariantName = "[No Variations]"
Add component (AddParameter): Name = "Series"; Value = "-"; VariantName = "[No Variations]"
Add component (AddParameter): Name = "Type"; Value = "TxRx+MCU"; VariantName = "[No Variations]"
Add component (AddParameter): Name = "Voltage - Supply"; Value = "1.1V~1.89V"; VariantName = "[No Variations]"
Added Component: Designator=U?(LM-QFN-261_V)
Add component (AddParameter): Name = "Category"; Value = "RF/IFandRFID"; VariantName = "[No Variations]"
Add component (AddParameter): Name = "Current - Receiving"; Value = "420mA"; VariantName = "[No Variations]"
Add component (AddParameter): Name = "Current - Transmitting"; Value = "350mA"; VariantName = "[No Variations]"
Add component (AddParameter): Name = "Data Rate (Max)"; Value = "-"; VariantName = "[No Variations]"
Add component (AddParameter): Name = "Datasheet URL"; Value = "http://www.richardsonrfpd.com/resources/RellDocuments/SYS_31/LMS7002M.pdf"; VariantName = "[No Variations]"
Add component (AddParameter): Name = "Datasheet Version"; Value = "Rev. 2.8.0, 09/2015"; VariantName = "[No Variations]"
Add component (AddParameter): Name = "Family"; Value = "RFTransceiverICs"; VariantName = "[No Variations]"
Add component (AddParameter): Name = "Frequency"; Value = "100kHz~3.8GHz"; VariantName = "[No Variations]"
Add component (AddParameter): Name = "GPIO"; Value = "-"; VariantName = "[No Variations]"
Add component (AddParameter): Name = "Manufacturer"; Value = "LimeMicrosystemsLtd"; VariantName = "[No Variations]"
Add component (AddParameter): Name = "Manufacturer URL"; Value = "http://www.limemicro.com/"; VariantName = "[No Variations]"
Add component (AddParameter): Name = "Memory Size"; Value = "10kBSRAM"; VariantName = "[No Variations]"
Add component (AddParameter): Name = "Modulation"; Value = "-"; VariantName = "[No Variations]"
Add component (AddParameter): Name = "Mounting Technology"; Value = "SurfaceMount"; VariantName = "[No Variations]"
Add component (AddParameter): Name = "Operating Temperature"; Value = "-40°C~85°C"; VariantName = "[No Variations]"
Add component (AddParameter): Name = "Package / Case"; Value = "261-SMDModule"; VariantName = "[No Variations]"
Add component (AddParameter): Name = "Package Description"; Value = "261-Pin Quad Flat No-lead Package, Body 11.5 x 11.5 mm, Pitch 0.666 mm"; VariantName = "[No Variations]"
Add component (AddParameter): Name = "Package Reference"; Value = "QFN-261"; VariantName = "[No Variations]"
Add component (AddParameter): Name = "Package URL"; Value = "http://cdn.limemicro.com/wp-content/uploads/2015/08/LMS7002M-PCB-Layout-Recommendations-1.0r5.pdf"; VariantName = "[No Variations]"
Add component (AddParameter): Name = "Packaging"; Value = "Tray"; VariantName = "[No Variations]"
Add component (AddParameter): Name = "Power - Output"; Value = "0dBm"; VariantName = "[No Variations]"
Add component (AddParameter): Name = "Protocol"; Value = "CDMA,GSM,HSPA,LTE,TD-SCDMA,WCDMA"; VariantName = "[No Variations]"
Add component (AddParameter): Name = "RF Family/Standard"; Value = "Cellular"; VariantName = "[No Variations]"
Add component (AddParameter): Name = "Sensitivity"; Value = "-"; VariantName = "[No Variations]"
Add component (AddParameter): Name = "Serial Interfaces"; Value = "SPI"; VariantName = "[No Variations]"
Add component (AddParameter): Name = "Series"; Value = "-"; VariantName = "[No Variations]"
Add component (AddParameter): Name = "Type"; Value = "TxRx+MCU"; VariantName = "[No Variations]"
Add component (AddParameter): Name = "Voltage - Supply"; Value = "1.1V~1.89V"; VariantName = "[No Variations]"
Added Member To Class: ClassName=Daughter Board Member=Component U? LMS7002M
Added Member To Class: ClassName=Daughter Board Member=Component U? LMS7002M
Added Member To Class: ClassName=Daughter Board Member=Component U? LMS7002M
Added Member To Class: ClassName=Daughter Board Member=Component U? LMS7002M
