Change Physical Footprint: Designator=C1 Old Footprint=1608[0603] New Footprint=1608[0603]
Change Physical Footprint: Designator=C2 Old Footprint=1608[0603] New Footprint=1608[0603]
Change Physical Footprint: Designator=C3 Old Footprint=1608[0603] New Footprint=1608[0603]
Change Physical Footprint: Designator=C4 Old Footprint=1608[0603] New Footprint=1608[0603]
Change Physical Footprint: Designator=C5 Old Footprint=1608[0603] New Footprint=1608[0603]
Change Physical Footprint: Designator=C6 Old Footprint=1608[0603] New Footprint=1608[0603]
Change Physical Footprint: Designator=C7 Old Footprint=1608[0603] New Footprint=1608[0603]
Change Physical Footprint: Designator=C8 Old Footprint=1608[0603] New Footprint=1608[0603]
Change Physical Footprint: Designator=C9 Old Footprint=1608[0603] New Footprint=1608[0603]
Change Physical Footprint: Designator=C10 Old Footprint=C1206 New Footprint=C1206
Change Physical Footprint: Designator=C11 Old Footprint=0402-A New Footprint=0402-A
Change Physical Footprint: Designator=C12 Old Footprint=0402-A New Footprint=0402-A
Change Physical Footprint: Designator=C13 Old Footprint=0402-A New Footprint=0402-A
Change Physical Footprint: Designator=C14 Old Footprint=0402-A New Footprint=0402-A
Change Physical Footprint: Designator=C15 Old Footprint=0402-A New Footprint=0402-A
Change Physical Footprint: Designator=C16 Old Footprint=C1206 New Footprint=C1206
Change Physical Footprint: Designator=C17 Old Footprint=0402-A New Footprint=0402-A
Change Physical Footprint: Designator=C18 Old Footprint=0402-A New Footprint=0402-A
Change Physical Footprint: Designator=C19 Old Footprint=0402-A New Footprint=0402-A
Change Physical Footprint: Designator=C20 Old Footprint=0402-A New Footprint=0402-A
Change Physical Footprint: Designator=C21 Old Footprint=0402-A New Footprint=0402-A
Change Physical Footprint: Designator=C22 Old Footprint=0402-A New Footprint=0402-A
Change Physical Footprint: Designator=C23 Old Footprint=0402-A New Footprint=0402-A
Change Physical Footprint: Designator=C24 Old Footprint=C1206 New Footprint=C1206
Change Physical Footprint: Designator=C25 Old Footprint=0402-A New Footprint=0402-A
Change Physical Footprint: Designator=C26 Old Footprint=0402-A New Footprint=0402-A
Change Physical Footprint: Designator=C27 Old Footprint=0402-A New Footprint=0402-A
Change Physical Footprint: Designator=C28 Old Footprint=0402-A New Footprint=0402-A
Change Physical Footprint: Designator=C29 Old Footprint=0402-A New Footprint=0402-A
Change Physical Footprint: Designator=C30 Old Footprint=0402-A New Footprint=0402-A
Change Physical Footprint: Designator=C31 Old Footprint=0402-A New Footprint=0402-A
Change Physical Footprint: Designator=C32 Old Footprint=0402-A New Footprint=0402-A
Change Physical Footprint: Designator=C33 Old Footprint=0402-A New Footprint=0402-A
Change Physical Footprint: Designator=C34 Old Footprint=1608[0603] New Footprint=1608[0603]
Change Physical Footprint: Designator=C35 Old Footprint=0402-A New Footprint=0402-A
Change Physical Footprint: Designator=C36 Old Footprint=0402-A New Footprint=0402-A
Change Physical Footprint: Designator=C37 Old Footprint=0402-A New Footprint=0402-A
Change Physical Footprint: Designator=C38 Old Footprint=0402-A New Footprint=0402-A
Change Physical Footprint: Designator=C39 Old Footprint=0402-A New Footprint=0402-A
Change Physical Footprint: Designator=C40 Old Footprint=6-0805_M New Footprint=6-0805_M
Change Physical Footprint: Designator=C41 Old Footprint=0402-A New Footprint=0402-A
Change Physical Footprint: Designator=C42 Old Footprint=0402-A New Footprint=0402-A
Change Physical Footprint: Designator=C43 Old Footprint=0402-A New Footprint=0402-A
Change Physical Footprint: Designator=C44 Old Footprint=0402-A New Footprint=0402-A
Change Physical Footprint: Designator=C45 Old Footprint=0402-A New Footprint=0402-A
Change Physical Footprint: Designator=C46 Old Footprint=0402-A New Footprint=0402-A
Change Physical Footprint: Designator=C47 Old Footprint=0402-A New Footprint=0402-A
Change Physical Footprint: Designator=C48 Old Footprint=0402-A New Footprint=0402-A
Change Physical Footprint: Designator=C49 Old Footprint=0402-A New Footprint=0402-A
Change Physical Footprint: Designator=C50 Old Footprint=0402-A New Footprint=0402-A
Change Physical Footprint: Designator=C51 Old Footprint=0402-A New Footprint=0402-A
Change Physical Footprint: Designator=C52 Old Footprint=1608[0603] New Footprint=1608[0603]
Change Physical Footprint: Designator=C53 Old Footprint=0402-A New Footprint=0402-A
Change Physical Footprint: Designator=C54 Old Footprint=0402-A New Footprint=0402-A
Change Physical Footprint: Designator=C55 Old Footprint=1608[0603] New Footprint=1608[0603]
Change Physical Footprint: Designator=C56 Old Footprint=0402-A New Footprint=0402-A
Change Physical Footprint: Designator=C57 Old Footprint=1608[0603] New Footprint=1608[0603]
Change Physical Footprint: Designator=C58 Old Footprint=0402-A New Footprint=0402-A
Change Physical Footprint: Designator=C59 Old Footprint=0402-A New Footprint=0402-A
Change Physical Footprint: Designator=C60 Old Footprint=0402-A New Footprint=0402-A
Change Physical Footprint: Designator=C61 Old Footprint=0402-A New Footprint=0402-A
Change Physical Footprint: Designator=C62 Old Footprint=0402-A New Footprint=0402-A
Change Physical Footprint: Designator=C63 Old Footprint=1608[0603] New Footprint=1608[0603]
Change Physical Footprint: Designator=C64 Old Footprint=0402-A New Footprint=0402-A
Change Physical Footprint: Designator=C65 Old Footprint=0402-A New Footprint=0402-A
Change Physical Footprint: Designator=C66 Old Footprint=0402-A New Footprint=0402-A
Change Physical Footprint: Designator=C67 Old Footprint=6-0805_M New Footprint=6-0805_M
Change Physical Footprint: Designator=C68 Old Footprint=0402-A New Footprint=0402-A
Change Physical Footprint: Designator=C69 Old Footprint=0402-A New Footprint=0402-A
Change Physical Footprint: Designator=C70 Old Footprint=0402-A New Footprint=0402-A
Change Physical Footprint: Designator=C71 Old Footprint=C1206 New Footprint=C1206
Change Physical Footprint: Designator=C72 Old Footprint=0402-A New Footprint=0402-A
Change Physical Footprint: Designator=C73 Old Footprint=0402-A New Footprint=0402-A
Change Physical Footprint: Designator=C74 Old Footprint=0402-A New Footprint=0402-A
Change Physical Footprint: Designator=C75 Old Footprint=0402-A New Footprint=0402-A
Change Physical Footprint: Designator=C76 Old Footprint=1608[0603] New Footprint=1608[0603]
Change Physical Footprint: Designator=C77 Old Footprint=1608[0603] New Footprint=1608[0603]
Change Physical Footprint: Designator=C78 Old Footprint=1608[0603] New Footprint=1608[0603]
Change Physical Footprint: Designator=C79 Old Footprint=1608[0603] New Footprint=1608[0603]
Change Physical Footprint: Designator=C80 Old Footprint=1608[0603] New Footprint=1608[0603]
Change Physical Footprint: Designator=C81 Old Footprint=1608[0603] New Footprint=1608[0603]
Change Physical Footprint: Designator=C100 Old Footprint=C1210 New Footprint=C1210
Change Physical Footprint: Designator=C101 Old Footprint=6-0805_M New Footprint=6-0805_M
Change Physical Footprint: Designator=C102 Old Footprint=6-0805_M New Footprint=6-0805_M
Change Physical Footprint: Designator=C103 Old Footprint=6-0805_M New Footprint=6-0805_M
Change Physical Footprint: Designator=C104 Old Footprint=1608[0603] New Footprint=1608[0603]
Change Physical Footprint: Designator=C105 Old Footprint=1608[0603] New Footprint=1608[0603]
Change Physical Footprint: Designator=C106 Old Footprint=1608[0603] New Footprint=1608[0603]
Change Physical Footprint: Designator=C107 Old Footprint=1608[0603] New Footprint=1608[0603]
Change Physical Footprint: Designator=C108 Old Footprint=1608[0603] New Footprint=1608[0603]
Change Physical Footprint: Designator=C109 Old Footprint=1608[0603] New Footprint=1608[0603]
Change Physical Footprint: Designator=C110 Old Footprint=1608[0603] New Footprint=1608[0603]
Change Physical Footprint: Designator=C111 Old Footprint=1608[0603] New Footprint=1608[0603]
Change Physical Footprint: Designator=C112 Old Footprint=6-0805_M New Footprint=6-0805_M
Change Physical Footprint: Designator=C113 Old Footprint=C1210 New Footprint=C1210
Change Physical Footprint: Designator=C114 Old Footprint=C1210 New Footprint=C1210
Change Physical Footprint: Designator=C115 Old Footprint=C1210 New Footprint=C1210
Change Physical Footprint: Designator=C116 Old Footprint=6-0805_M New Footprint=6-0805_M
Change Physical Footprint: Designator=C117 Old Footprint=1608[0603] New Footprint=1608[0603]
Change Physical Footprint: Designator=C118 Old Footprint=C1210 New Footprint=C1210
Change Physical Footprint: Designator=C119 Old Footprint=6-0805_M New Footprint=6-0805_M
Change Physical Footprint: Designator=C120 Old Footprint=6-0805_M New Footprint=6-0805_M
Change Physical Footprint: Designator=C121 Old Footprint=1608[0603] New Footprint=1608[0603]
Change Physical Footprint: Designator=C122 Old Footprint=1608[0603] New Footprint=1608[0603]
Change Physical Footprint: Designator=C123 Old Footprint=1608[0603] New Footprint=1608[0603]
Change Physical Footprint: Designator=C124 Old Footprint=1608[0603] New Footprint=1608[0603]
Change Physical Footprint: Designator=C125 Old Footprint=1608[0603] New Footprint=1608[0603]
Change Physical Footprint: Designator=C126 Old Footprint=1608[0603] New Footprint=1608[0603]
Change Physical Footprint: Designator=C127 Old Footprint=1608[0603] New Footprint=1608[0603]
Change Physical Footprint: Designator=C128 Old Footprint=1608[0603] New Footprint=1608[0603]
Change Physical Footprint: Designator=C129 Old Footprint=6-0805_M New Footprint=6-0805_M
Change Physical Footprint: Designator=C130 Old Footprint=6-0805_M New Footprint=6-0805_M
Change Physical Footprint: Designator=C131 Old Footprint=0402-A New Footprint=0402-A
Change Physical Footprint: Designator=C132 Old Footprint=C1206 New Footprint=C1206
Change Physical Footprint: Designator=C133 Old Footprint=0402-A New Footprint=0402-A
Change Physical Footprint: Designator=C134 Old Footprint=0402-A New Footprint=0402-A
Change Physical Footprint: Designator=C138 Old Footprint=0402-A New Footprint=0402-A
Change Physical Footprint: Designator=C139 Old Footprint=0402-A New Footprint=0402-A
Change Physical Footprint: Designator=C140 Old Footprint=1608[0603] New Footprint=1608[0603]
Change Physical Footprint: Designator=C141 Old Footprint=0402-A New Footprint=0402-A
Change Physical Footprint: Designator=C142 Old Footprint=0402-A New Footprint=0402-A
Change Physical Footprint: Designator=C143 Old Footprint=1608[0603] New Footprint=1608[0603]
Change Physical Footprint: Designator=C144 Old Footprint=0402-A New Footprint=0402-A
Change Physical Footprint: Designator=C145 Old Footprint=0402-A New Footprint=0402-A
Change Physical Footprint: Designator=C146 Old Footprint=C1206 New Footprint=C1206
Change Physical Footprint: Designator=C147 Old Footprint=C1206 New Footprint=C1206
Change Physical Footprint: Designator=C148 Old Footprint=1608[0603] New Footprint=1608[0603]
Change Physical Footprint: Designator=C149 Old Footprint=0402-A New Footprint=0402-A
Change Physical Footprint: Designator=C150 Old Footprint=0402-A New Footprint=0402-A
Change Physical Footprint: Designator=C151 Old Footprint=C1206 New Footprint=C1206
Change Physical Footprint: Designator=C152 Old Footprint=1608[0603] New Footprint=1608[0603]
Change Physical Footprint: Designator=C153 Old Footprint=0402-A New Footprint=0402-A
Change Physical Footprint: Designator=C154 Old Footprint=0402-A New Footprint=0402-A
Change Physical Footprint: Designator=C155 Old Footprint=0402-A New Footprint=0402-A
Change Physical Footprint: Designator=C165 Old Footprint=0402-A New Footprint=0402-A
Change Physical Footprint: Designator=C166 Old Footprint=0402-A New Footprint=0402-A
Change Physical Footprint: Designator=C167 Old Footprint=0402-A New Footprint=0402-A
Change Physical Footprint: Designator=C168 Old Footprint=0402-A New Footprint=0402-A
Change Physical Footprint: Designator=C169 Old Footprint=1608[0603] New Footprint=1608[0603]
Change Physical Footprint: Designator=C170 Old Footprint=1608[0603] New Footprint=1608[0603]
Change Physical Footprint: Designator=C171 Old Footprint=1608[0603] New Footprint=1608[0603]
Change Physical Footprint: Designator=C172 Old Footprint=6-0805_M New Footprint=6-0805_M
Change Physical Footprint: Designator=C173 Old Footprint=6-0805_M New Footprint=6-0805_M
Change Physical Footprint: Designator=CLK Old Footprint=EXPOSED PAD 0.02X0.02 New Footprint=EXPOSED PAD 0.02X0.02
Change Physical Footprint: Designator=D1 Old Footprint=1608[0603] New Footprint=1608[0603]
Change Physical Footprint: Designator=D2 Old Footprint=1608[0603] New Footprint=1608[0603]
Change Physical Footprint: Designator=D3 Old Footprint=1608[0603] New Footprint=1608[0603]
Change Physical Footprint: Designator=D4 Old Footprint=1608[0603] New Footprint=1608[0603]
Change Physical Footprint: Designator=D5 Old Footprint=1608[0603] New Footprint=1608[0603]
Change Physical Footprint: Designator=D6 Old Footprint=1608[0603] New Footprint=1608[0603]
Change Physical Footprint: Designator=D7 Old Footprint=1608[0603] New Footprint=1608[0603]
Change Physical Footprint: Designator=D8 Old Footprint=1608[0603] New Footprint=1608[0603]
Change Physical Footprint: Designator=D9 Old Footprint=1608[0603] New Footprint=1608[0603]
Change Physical Footprint: Designator=D10 Old Footprint=1608[0603] New Footprint=1608[0603]
Change Physical Footprint: Designator=D11 Old Footprint=1608[0603] New Footprint=1608[0603]
Change Physical Footprint: Designator=DB0 Old Footprint=EXPOSED PAD 0.02X0.02 New Footprint=EXPOSED PAD 0.02X0.02
Change Physical Footprint: Designator=DB1 Old Footprint=EXPOSED PAD 0.02X0.02 New Footprint=EXPOSED PAD 0.02X0.02
Change Physical Footprint: Designator=DB2 Old Footprint=EXPOSED PAD 0.02X0.02 New Footprint=EXPOSED PAD 0.02X0.02
Change Physical Footprint: Designator=DB3 Old Footprint=EXPOSED PAD 0.02X0.02 New Footprint=EXPOSED PAD 0.02X0.02
Change Physical Footprint: Designator=DB4 Old Footprint=EXPOSED PAD 0.02X0.02 New Footprint=EXPOSED PAD 0.02X0.02
Change Physical Footprint: Designator=DB5 Old Footprint=EXPOSED PAD 0.02X0.02 New Footprint=EXPOSED PAD 0.02X0.02
Change Physical Footprint: Designator=DB6 Old Footprint=EXPOSED PAD 0.02X0.02 New Footprint=EXPOSED PAD 0.02X0.02
Change Physical Footprint: Designator=DB7 Old Footprint=EXPOSED PAD 0.02X0.02 New Footprint=EXPOSED PAD 0.02X0.02
Change Physical Footprint: Designator=DB8 Old Footprint=EXPOSED PAD 0.02X0.02 New Footprint=EXPOSED PAD 0.02X0.02
Change Physical Footprint: Designator=DB9 Old Footprint=EXPOSED PAD 0.02X0.02 New Footprint=EXPOSED PAD 0.02X0.02
Change Physical Footprint: Designator=DB10 Old Footprint=EXPOSED PAD 0.02X0.02 New Footprint=EXPOSED PAD 0.02X0.02
Change Physical Footprint: Designator=DB11 Old Footprint=EXPOSED PAD 0.02X0.02 New Footprint=EXPOSED PAD 0.02X0.02
Change Physical Footprint: Designator=DB12 Old Footprint=EXPOSED PAD 0.02X0.02 New Footprint=EXPOSED PAD 0.02X0.02
Change Physical Footprint: Designator=DB13 Old Footprint=EXPOSED PAD 0.02X0.02 New Footprint=EXPOSED PAD 0.02X0.02
Change Physical Footprint: Designator=FR1 Old Footprint=1608[0603] New Footprint=1608[0603]
Change Physical Footprint: Designator=J1 Old Footprint=HSEC8-120-01-L-PV-4-1 Gold Fingers New Footprint=HSEC8-120-01-L-PV-4-1 Gold Fingers
Change Physical Footprint: Designator=J2 Old Footprint=FP-EMPCB_SMAFSTJ_B_HT-MFG New Footprint=FP-EMPCB_SMAFSTJ_B_HT-MFG
Change Physical Footprint: Designator=J3 Old Footprint=FP-EMPCB_SMAFSTJ_B_HT-MFG New Footprint=FP-EMPCB_SMAFSTJ_B_HT-MFG
Change Physical Footprint: Designator=J4 Old Footprint=RJULE4218201 New Footprint=RJULE4218201
Change Physical Footprint: Designator=J5 Old Footprint=FP-U_FL-R-SMT-1_10-MFG New Footprint=FP-U_FL-R-SMT-1_10-MFG
Change Physical Footprint: Designator=J6 Old Footprint=MOLX-67503-1020_V New Footprint=MOLX-67503-1020_V
Change Physical Footprint: Designator=J21 Old Footprint=FP-U_FL-R-SMT-1_10-MFG New Footprint=FP-U_FL-R-SMT-1_10-MFG
Change Physical Footprint: Designator=J22 Old Footprint=EXPOSED PAD 0.02X0.02 New Footprint=EXPOSED PAD 0.02X0.02
Change Physical Footprint: Designator=J25 Old Footprint=EXPOSED PAD 0.02X0.02 New Footprint=EXPOSED PAD 0.02X0.02
Change Physical Footprint: Designator=J26 Old Footprint=EXPOSED PAD 0.02X0.02 New Footprint=EXPOSED PAD 0.02X0.02
Change Physical Footprint: Designator=J29 Old Footprint=EXPOSED PAD 0.02X0.02 New Footprint=EXPOSED PAD 0.02X0.02
Change Physical Footprint: Designator=L1 Old Footprint=0402-A New Footprint=0402-A
Change Physical Footprint: Designator=L2 Old Footprint=0402-A New Footprint=0402-A
Change Physical Footprint: Designator=L3 Old Footprint=0402-A New Footprint=0402-A
Change Physical Footprint: Designator=L4 Old Footprint=0402-A New Footprint=0402-A
Change Physical Footprint: Designator=L5 Old Footprint=1608[0603] New Footprint=1608[0603]
Change Physical Footprint: Designator=L6 Old Footprint=0402-A New Footprint=0402-A
Change Physical Footprint: Designator=L7 Old Footprint=1608[0603] New Footprint=1608[0603]
Change Physical Footprint: Designator=L8 Old Footprint=1608[0603] New Footprint=1608[0603]
Change Physical Footprint: Designator=L9 Old Footprint=0402-A New Footprint=0402-A
Change Physical Footprint: Designator=L10 Old Footprint=1608[0603] New Footprint=1608[0603]
Change Physical Footprint: Designator=L11 Old Footprint=0402-A New Footprint=0402-A
Change Physical Footprint: Designator=L12 Old Footprint=1608[0603] New Footprint=1608[0603]
Change Physical Footprint: Designator=L13 Old Footprint=1608[0603] New Footprint=1608[0603]
Change Physical Footprint: Designator=L14 Old Footprint=0402-A New Footprint=0402-A
Change Physical Footprint: Designator=L15 Old Footprint=1608[0603] New Footprint=1608[0603]
Change Physical Footprint: Designator=NP1 Old Footprint=0402-A New Footprint=0402-A
Change Physical Footprint: Designator=NP2 Old Footprint=0402-A New Footprint=0402-A
Change Physical Footprint: Designator=NP3 Old Footprint=0402-A New Footprint=0402-A
Change Physical Footprint: Designator=NP4 Old Footprint=0402-A New Footprint=0402-A
Change Physical Footprint: Designator=NP5 Old Footprint=0402-A New Footprint=0402-A
Change Physical Footprint: Designator=NP6 Old Footprint=0402-A New Footprint=0402-A
Change Physical Footprint: Designator=NP7 Old Footprint=0402-A New Footprint=0402-A
Change Physical Footprint: Designator=P2 Old Footprint=SMTC-FTSH-105-01-L-DV-K_V New Footprint=SMTC-FTSH-105-01-L-DV-K_V
Change Physical Footprint: Designator=Q1 Old Footprint=SOT23_M New Footprint=SOT23_M
Change Physical Footprint: Designator=Q2 Old Footprint=SOT23_M New Footprint=SOT23_M
Change Physical Footprint: Designator=R1 Old Footprint=1608[0603] New Footprint=1608[0603]
Change Physical Footprint: Designator=R2 Old Footprint=1608[0603] New Footprint=1608[0603]
Change Physical Footprint: Designator=R3 Old Footprint=1608[0603] New Footprint=1608[0603]
Change Physical Footprint: Designator=R4 Old Footprint=0402-A New Footprint=0402-A
Change Physical Footprint: Designator=R5 Old Footprint=0402-A New Footprint=0402-A
Change Physical Footprint: Designator=R6 Old Footprint=0402-A New Footprint=0402-A
Change Physical Footprint: Designator=R7 Old Footprint=0402-A New Footprint=0402-A
Change Physical Footprint: Designator=R8 Old Footprint=0402-A New Footprint=0402-A
Change Physical Footprint: Designator=R9 Old Footprint=0402-A New Footprint=0402-A
Change Physical Footprint: Designator=R10 Old Footprint=0402-A New Footprint=0402-A
Change Physical Footprint: Designator=R11 Old Footprint=BOUR-TC33X-2_V New Footprint=BOUR-TC33X-2_V
Change Physical Footprint: Designator=R12 Old Footprint=0402-A New Footprint=0402-A
Change Physical Footprint: Designator=R13 Old Footprint=0402-A New Footprint=0402-A
Change Physical Footprint: Designator=R14 Old Footprint=0402-A New Footprint=0402-A
Change Physical Footprint: Designator=R15 Old Footprint=0402-A New Footprint=0402-A
Change Physical Footprint: Designator=R16 Old Footprint=0402-A New Footprint=0402-A
Change Physical Footprint: Designator=R17 Old Footprint=0402-A New Footprint=0402-A
Change Physical Footprint: Designator=R18 Old Footprint=0402-A New Footprint=0402-A
Change Physical Footprint: Designator=R20 Old Footprint=0402-A New Footprint=0402-A
Change Physical Footprint: Designator=R21 Old Footprint=0402-A New Footprint=0402-A
Change Physical Footprint: Designator=R22 Old Footprint=0402-A New Footprint=0402-A
Change Physical Footprint: Designator=R23 Old Footprint=0402-A New Footprint=0402-A
Change Physical Footprint: Designator=R24 Old Footprint=0402-A New Footprint=0402-A
Change Physical Footprint: Designator=R25 Old Footprint=0402-A New Footprint=0402-A
Change Physical Footprint: Designator=R26 Old Footprint=0402-A New Footprint=0402-A
Change Physical Footprint: Designator=R27 Old Footprint=0402-A New Footprint=0402-A
Change Physical Footprint: Designator=R28 Old Footprint=0402-A New Footprint=0402-A
Change Physical Footprint: Designator=R29 Old Footprint=0402-A New Footprint=0402-A
Change Physical Footprint: Designator=R30 Old Footprint=0402-A New Footprint=0402-A
Change Physical Footprint: Designator=R31 Old Footprint=0402-A New Footprint=0402-A
Change Physical Footprint: Designator=R32 Old Footprint=0402-A New Footprint=0402-A
Change Physical Footprint: Designator=R33 Old Footprint=0402-A New Footprint=0402-A
Change Physical Footprint: Designator=R34 Old Footprint=0402-A New Footprint=0402-A
Change Physical Footprint: Designator=R35 Old Footprint=0402-A New Footprint=0402-A
Change Physical Footprint: Designator=R36 Old Footprint=0402-A New Footprint=0402-A
Change Physical Footprint: Designator=R37 Old Footprint=0402-A New Footprint=0402-A
Change Physical Footprint: Designator=R38 Old Footprint=0402-A New Footprint=0402-A
Change Physical Footprint: Designator=R39 Old Footprint=0402-A New Footprint=0402-A
Change Physical Footprint: Designator=R40 Old Footprint=0402-A New Footprint=0402-A
Change Physical Footprint: Designator=R41 Old Footprint=0402-A New Footprint=0402-A
Change Physical Footprint: Designator=R42 Old Footprint=0402-A New Footprint=0402-A
Change Physical Footprint: Designator=R43 Old Footprint=0402-A New Footprint=0402-A
Change Physical Footprint: Designator=R44 Old Footprint=0402-A New Footprint=0402-A
Change Physical Footprint: Designator=R45 Old Footprint=0402-A New Footprint=0402-A
Change Physical Footprint: Designator=R46 Old Footprint=0402-A New Footprint=0402-A
Change Physical Footprint: Designator=R47 Old Footprint=0402-A New Footprint=0402-A
Change Physical Footprint: Designator=R48 Old Footprint=0402-A New Footprint=0402-A
Change Physical Footprint: Designator=R49 Old Footprint=0402-A New Footprint=0402-A
Change Physical Footprint: Designator=R50 Old Footprint=0402-A New Footprint=0402-A
Change Physical Footprint: Designator=R51 Old Footprint=C1206 New Footprint=C1206
Change Physical Footprint: Designator=R52 Old Footprint=0402-A New Footprint=0402-A
Change Physical Footprint: Designator=R53 Old Footprint=0402-A New Footprint=0402-A
Change Physical Footprint: Designator=R54 Old Footprint=0402-A New Footprint=0402-A
Change Physical Footprint: Designator=R55 Old Footprint=0402-A New Footprint=0402-A
Change Physical Footprint: Designator=R56 Old Footprint=0402-A New Footprint=0402-A
Change Physical Footprint: Designator=R57 Old Footprint=0402-A New Footprint=0402-A
Change Physical Footprint: Designator=R58 Old Footprint=0402-A New Footprint=0402-A
Change Physical Footprint: Designator=R59 Old Footprint=0402-A New Footprint=0402-A
Change Physical Footprint: Designator=R60 Old Footprint=0402-A New Footprint=0402-A
Change Physical Footprint: Designator=R61 Old Footprint=0402-A New Footprint=0402-A
Change Physical Footprint: Designator=R62 Old Footprint=0402-A New Footprint=0402-A
Change Physical Footprint: Designator=R63 Old Footprint=0402-A New Footprint=0402-A
Change Physical Footprint: Designator=R64 Old Footprint=0402-A New Footprint=0402-A
Change Physical Footprint: Designator=R65 Old Footprint=0402-A New Footprint=0402-A
Change Physical Footprint: Designator=R66 Old Footprint=0402-A New Footprint=0402-A
Change Physical Footprint: Designator=R67 Old Footprint=0402-A New Footprint=0402-A
Change Physical Footprint: Designator=R68 Old Footprint=0402-A New Footprint=0402-A
Change Physical Footprint: Designator=R69 Old Footprint=0402-A New Footprint=0402-A
Change Physical Footprint: Designator=R70 Old Footprint=0402-A New Footprint=0402-A
Change Physical Footprint: Designator=R71 Old Footprint=0402-A New Footprint=0402-A
Change Physical Footprint: Designator=R72 Old Footprint=0402-A New Footprint=0402-A
Change Physical Footprint: Designator=R73 Old Footprint=0402-A New Footprint=0402-A
Change Physical Footprint: Designator=R74 Old Footprint=0402-A New Footprint=0402-A
Change Physical Footprint: Designator=U1 Old Footprint=FP-DBZ0003A-MFG New Footprint=FP-DBZ0003A-MFG
Change Physical Footprint: Designator=U2 Old Footprint=FP-LGA-14L-DM00249496-MFG New Footprint=FP-LGA-14L-DM00249496-MFG
Change Physical Footprint: Designator=U3 Old Footprint=ADI-CP-24-2_N New Footprint=ADI-CP-24-2_N
Change Physical Footprint: Designator=U5 Old Footprint=SOIC-SO18_L New Footprint=SOIC-SO18_L
Change Physical Footprint: Designator=U7 Old Footprint=CP-40-1_N New Footprint=CP-40-1_N
Change Physical Footprint: Designator=U12 Old Footprint=TPS7A9101DSKT New Footprint=TPS7A9101DSKT
Change Physical Footprint: Designator=U15 Old Footprint=PULS-HX1188FNL-SMT-16_V New Footprint=PULS-HX1188FNL-SMT-16_V
Change Physical Footprint: Designator=U16 Old Footprint=RMQ24_3P1X3P1_TEX New Footprint=RMQ24_3P1X3P1_TEX
Change Physical Footprint: Designator=U17 Old Footprint=AT25SL641_113 New Footprint=AT25SL641_113
Change Physical Footprint: Designator=U18 Old Footprint=74LVC1T45GF,132 New Footprint=74LVC1T45GF,132
Change Physical Footprint: Designator=U19 Old Footprint=74LVC1T45GF,132 New Footprint=74LVC1T45GF,132
Change Physical Footprint: Designator=U20 Old Footprint=FA-20H 12.0000MD30Z-K3 New Footprint=FA-20H 12.0000MD30Z-K3
Change Physical Footprint: Designator=U22 Old Footprint=74LVC1T45GF,132 New Footprint=74LVC1T45GF,132
Change Physical Footprint: Designator=X1 Old Footprint=XRCGB32M000F1H00R0 New Footprint=XRCGB32M000F1H00R0
Change Physical Footprint: Designator=X2 Old Footprint=FC-13532.7680KA-AC New Footprint=FC-13532.7680KA-AC
Change Physical Footprint: Designator=X4 Old Footprint=TSX-3225 25.0000MF20P-C0 New Footprint=TSX-3225 25.0000MF20P-C0
Change Physical Footprint: Designator=Y1 Old Footprint=CRYSTAL_TXC_7B New Footprint=CRYSTAL_TXC_7B
