Added Component: Designator=P1(SMTC-FTSH-105-01-L-DV-K_V)
Add component (AddParameter): Name = "Category"; Value = "Connectors,Interconnects"; VariantName = "[No Variations]"
Add component (AddParameter): Name = "Color"; Value = "Black"; VariantName = "[No Variations]"
Add component (AddParameter): Name = "Connector Type"; Value = "Header,Unshrouded"; VariantName = "[No Variations]"
Add component (AddParameter): Name = "Contact Finish"; Value = "Gold"; VariantName = "[No Variations]"
Add component (AddParameter): Name = "Contact Finish Thickness"; Value = "10µin(0.25µm)"; VariantName = "[No Variations]"
Add component (AddParameter): Name = "Contact Mating Length"; Value = "0.120"(3.05mm)"; VariantName = "[No Variations]"
Add component (AddParameter): Name = "Contact Type"; Value = "MalePin"; VariantName = "[No Variations]"
Add component (AddParameter): Name = "Datasheet URL"; Value = "http://suddendocs.samtec.com/prints/ftsh-1xx-xx-xxx-dv-xxx-mkt.pdf"; VariantName = "[No Variations]"
Add component (AddParameter): Name = "Datasheet Version"; Value = "Rev. ET, 10/1995"; VariantName = "[No Variations]"
Add component (AddParameter): Name = "Family"; Value = "RectangularConnectors-Headers,MalePins"; VariantName = "[No Variations]"
Add component (AddParameter): Name = "Manufacturer"; Value = "Samtec"; VariantName = "[No Variations]"
Add component (AddParameter): Name = "Manufacturer URL"; Value = "http://www.samtec.com/"; VariantName = "[No Variations]"
Add component (AddParameter): Name = "Mating Products"; Value = "SFMC-105-L2-S-D-TR-ND
-CONN.05"SURFACE10POSSMT
FLE-105-01-G-DV-TR-ND
-CONNSKT1.27MM10POSDUALSMD
FLE-105-01-G-DV-A-P-ND
-CONNSKT1.27MM10POSDUALSMD
FLE-105-01-G-DV-A-ND
-CONNSKT1.27MM10POSDUALSMD
CLP-105-02-G-D-P-TR-ND
-CONNRCPT10POSDUAL.05"SMD
SAM1155-05-ND
-CONNRCPT10POSDUAL.05"SMD
SAM1154-05-ND
-CONNRCPT10POSDUAL.05"SMD
SAM1153-05-ND
-CONNRCPT10POSDUAL.05"SMD
SAM1226-05-ND
-CONNRCPT.05"10POSDUALSMD"; VariantName = "[No Variations]"
Add component (AddParameter): Name = "Mounting Type"; Value = "SurfaceMount"; VariantName = "[No Variations]"
Add component (AddParameter): Name = "Number of Positions"; Value = "10"; VariantName = "[No Variations]"
Add component (AddParameter): Name = "Number of Positions Loaded"; Value = "All"; VariantName = "[No Variations]"
Add component (AddParameter): Name = "Number of Rows"; Value = "2"; VariantName = "[No Variations]"
Add component (AddParameter): Name = "Other Names"; Value = "Q3937619"; VariantName = "[No Variations]"
Add component (AddParameter): Name = "Package Description"; Value = "Male Header, Pitch 1.27 mm, 2 x 5 Position, Height 5.97 mm, Tail Length 4.32 mm"; VariantName = "[No Variations]"
Add component (AddParameter): Name = "Package Reference"; Value = "FTSH-105-01-L-DV-K"; VariantName = "[No Variations]"
Add component (AddParameter): Name = "Package URL"; Value = "http://suddendocs.samtec.com/prints/ftsh-1xx-xx-xxx-dv-xxx-footprint.pdf"; VariantName = "[No Variations]"
Add component (AddParameter): Name = "Packaging"; Value = "Tube"; VariantName = "[No Variations]"
Add component (AddParameter): Name = "Pitch"; Value = "0.050"(1.27mm)"; VariantName = "[No Variations]"
Add component (AddParameter): Name = "Product Training Modules"; Value = "Board-to-BoardConnectors"; VariantName = "[No Variations]"
Add component (AddParameter): Name = "Row Spacing"; Value = "0.050"(1.27mm)"; VariantName = "[No Variations]"
Add component (AddParameter): Name = "Series"; Value = "FTSH"; VariantName = "[No Variations]"
Add component (AddParameter): Name = "Standard Package"; Value = "1"; VariantName = "[No Variations]"
Add component (AddParameter): Name = "Termination"; Value = "Solder"; VariantName = "[No Variations]"
Added Component: Designator=R19(0402-A)
Add component (AddParameter): Name = "LatestRevisionDate"; Value = "17-Jul-2002"; VariantName = "[No Variations]"
Add component (AddParameter): Name = "LatestRevisionNote"; Value = "Re-released for DXP Platform."; VariantName = "[No Variations]"
Add component (AddParameter): Name = "PackageDescription"; Value = "Axial Device, Thru-Hole; 2 Leads; 0.3 in Pin Spacing"; VariantName = "[No Variations]"
Add component (AddParameter): Name = "PackageReference"; Value = "AXIAL-0.3"; VariantName = "[No Variations]"
Add component (AddParameter): Name = "Published"; Value = "8-Jun-2000"; VariantName = "[No Variations]"
Add component (AddParameter): Name = "Publisher"; Value = "Altium Limited"; VariantName = "[No Variations]"
Add component (AddParameter): Name = "Value"; Value = "5k"; VariantName = "[No Variations]"
Added Component: Designator=R75(0402-A)
Add component (AddParameter): Name = "LatestRevisionDate"; Value = "17-Jul-2002"; VariantName = "[No Variations]"
Add component (AddParameter): Name = "LatestRevisionNote"; Value = "Re-released for DXP Platform."; VariantName = "[No Variations]"
Add component (AddParameter): Name = "PackageDescription"; Value = "Axial Device, Thru-Hole; 2 Leads; 0.3 in Pin Spacing"; VariantName = "[No Variations]"
Add component (AddParameter): Name = "PackageReference"; Value = "AXIAL-0.3"; VariantName = "[No Variations]"
Add component (AddParameter): Name = "Published"; Value = "8-Jun-2000"; VariantName = "[No Variations]"
Add component (AddParameter): Name = "Publisher"; Value = "Altium Limited"; VariantName = "[No Variations]"
Add component (AddParameter): Name = "Value"; Value = "0"; VariantName = "[No Variations]"
Added Component: Designator=SW1(PTS647SK38SMTR2LFS_CNK)
Add component (AddParameter): Name = "Built_By"; Value = "EMA_Cory"; VariantName = "[No Variations]"
Add component (AddParameter): Name = "Copyright"; Value = "Copyright (C) 2018 Accelerated Designs. All rights reserved"; VariantName = "[No Variations]"
Add component (AddParameter): Name = "Datasheet"; Value = "https://www.ckswitches.com/media/2567/pts647.pdf"; VariantName = "[No Variations]"
Add component (AddParameter): Name = "Manufacturer_Part_Number"; Value = "PTS647SK38SMTR2LFS"; VariantName = "[No Variations]"
Add component (AddParameter): Name = "RefDes"; Value = "RefDes"; VariantName = "[No Variations]"
Add component (AddParameter): Name = "SourceLibrary"; Value = "C&K_2020-05-06"; VariantName = "[No Variations]"
Add component (AddParameter): Name = "Supplier 1"; Value = "Digi-Key"; VariantName = "[No Variations]"
Add component (AddParameter): Name = "Supplier Part Number 1"; Value = "PTS647SK38SMTR2LFSCT-ND"; VariantName = "[No Variations]"
Add component (AddParameter): Name = "Type"; Value = "DEV"; VariantName = "[No Variations]"
Add component (AddParameter): Name = "Vendor"; Value = "C&K"; VariantName = "[No Variations]"
Added Component: Designator=U4(SOT-323_DIO)
Add component (AddParameter): Name = "Built_By"; Value = "EMA_UL_Team"; VariantName = "[No Variations]"
Add component (AddParameter): Name = "Copyright"; Value = "Copyright (C) 2018 Accelerated Designs. All rights reserved"; VariantName = "[No Variations]"
Add component (AddParameter): Name = "Manufacturer_Part_Number"; Value = "D5V0L2B3W-7"; VariantName = "[No Variations]"
Add component (AddParameter): Name = "RefDes"; Value = "RefDes"; VariantName = "[No Variations]"
Add component (AddParameter): Name = "SourceLibrary"; Value = "DIODESINC_2_2015-08-18"; VariantName = "[No Variations]"
Add component (AddParameter): Name = "Type"; Value = "DEV"; VariantName = "[No Variations]"
Add component (AddParameter): Name = "Vendor"; Value = "Diodes Inc"; VariantName = "[No Variations]"
Added Component: Designator=U6(D0008A_N)
Add component (AddParameter): Name = "Copyright"; Value = "Copyright (C) 2018 Accelerated Designs. All rights reserved"; VariantName = "[No Variations]"
Add component (AddParameter): Name = "Manufacturer"; Value = "Texas Instruments"; VariantName = "[No Variations]"
Add component (AddParameter): Name = "PartNumber"; Value = "TCAN334DR"; VariantName = "[No Variations]"
Add component (AddParameter): Name = "RefDes"; Value = "RefDes"; VariantName = "[No Variations]"
Add component (AddParameter): Name = "Type"; Value = "DEV"; VariantName = "[No Variations]"
Add component (AddParameter): Name = "Value"; Value = "Value"; VariantName = "[No Variations]"
Added Component: Designator=U9(NRSC-QF-48_M)
Add component (AddParameter): Name = "Datasheet URL"; Value = "http://infocenter.nordicsemi.com/pdf/nRF52832_PS_v1.0.pdf"; VariantName = "[No Variations]"
Add component (AddParameter): Name = "Datasheet Version"; Value = "Rev. 1.0, 02/2016"; VariantName = "[No Variations]"
Add component (AddParameter): Name = "Frequency"; Value = "2.4GHz"; VariantName = "[No Variations]"
Add component (AddParameter): Name = "Lead Free"; Value = "LeadFree"; VariantName = "[No Variations]"
Add component (AddParameter): Name = "Manufacturer"; Value = "Nordic Semiconductor"; VariantName = "[No Variations]"
Add component (AddParameter): Name = "Manufacturer URL"; Value = "http://www.nordicsemi.com/eng/Products/"; VariantName = "[No Variations]"
Add component (AddParameter): Name = "Max Frequency"; Value = "2.4GHz"; VariantName = "[No Variations]"
Add component (AddParameter): Name = "Max Operating Temperature"; Value = "85degC"; VariantName = "[No Variations]"
Add component (AddParameter): Name = "Min Operating Temperature"; Value = "-40degC"; VariantName = "[No Variations]"
Add component (AddParameter): Name = "Mount"; Value = "SurfaceMount"; VariantName = "[No Variations]"
Add component (AddParameter): Name = "Package Description"; Value = "48-Pin Quad Flat No-lead Package, Body 6 x 6 mm, Pitch 0.4 mm, Thermal Pad 4.6 x 4.6 mm"; VariantName = "[No Variations]"
Add component (AddParameter): Name = "Package Reference"; Value = "QF-48"; VariantName = "[No Variations]"
Add component (AddParameter): Name = "Packaging"; Value = "TapeandReel"; VariantName = "[No Variations]"
Add component (AddParameter): Name = "RoHSCompliant"; Value = "true"; VariantName = "[No Variations]"
Added Component: Designator=U10(NJG0036A_V)
Add component (AddParameter): Name = "Code_IPC"; Value = ""; VariantName = "[No Variations]"
Add component (AddParameter): Name = "Code_JEDEC"; Value = ""; VariantName = "[No Variations]"
Add component (AddParameter): Name = "ComponentLink1Description"; Value = "Datasheet URL"; VariantName = "[No Variations]"
Add component (AddParameter): Name = "ComponentLink1URL"; Value = "http://www.ti.com/general/docs/lit/getliterature.tsp?genericPartNumber=LMX2531&fileType=pdf"; VariantName = "[No Variations]"
Add component (AddParameter): Name = "CompType"; Value = "Interface IC"; VariantName = "[No Variations]"
Add component (AddParameter): Name = "High-Reliability"; Value = ""; VariantName = "[No Variations]"
Add component (AddParameter): Name = "Manufacturer"; Value = "Texas Instruments"; VariantName = "[No Variations]"
Add component (AddParameter): Name = "PackageDescription"; Value = "LLP, Plastic, Quad, 6 x 6 x 0.8mm Body, 36 Lead, 0.5mm Pitch, Custom"; VariantName = "[No Variations]"
Add component (AddParameter): Name = "PackageReference"; Value = "NJG0036A"; VariantName = "[No Variations]"
Add component (AddParameter): Name = "PackageTopMarking"; Value = "NS*UZXYTTE#*311742A"; VariantName = "[No Variations]"
Add component (AddParameter): Name = "PartNumber"; Value = ""; VariantName = "[No Variations]"
Add component (AddParameter): Name = "PinCount"; Value = "36"; VariantName = "[No Variations]"
Add component (AddParameter): Name = "PowerWise"; Value = "Y"; VariantName = "[No Variations]"
Add component (AddParameter): Name = "RoHS"; Value = "Y"; VariantName = "[No Variations]"
Added Component: Designator=U11(FTGB196 Package)
Add component (AddParameter): Name = "Supplier 1"; Value = "Digi-Key"; VariantName = "[No Variations]"
Add component (AddParameter): Name = "Supplier Part Number 1"; Value = "122-2122-ND"; VariantName = "[No Variations]"
Added Component: Designator=U13(TDFN4_1P2X1P6_MCH)
Add component (AddParameter): Name = "Built_By"; Value = "EMA_Jessica"; VariantName = "[No Variations]"
Add component (AddParameter): Name = "Copyright"; Value = "Copyright (C) 2018 Accelerated Designs. All rights reserved"; VariantName = "[No Variations]"
Add component (AddParameter): Name = "Manufacturer_Part_Number"; Value = "MIC94310-PYMT-TR"; VariantName = "[No Variations]"
Add component (AddParameter): Name = "RefDes"; Value = "RefDes"; VariantName = "[No Variations]"
Add component (AddParameter): Name = "SourceLibrary"; Value = "Microchip_2019-08-23_18"; VariantName = "[No Variations]"
Add component (AddParameter): Name = "Type"; Value = "DEV"; VariantName = "[No Variations]"
Add component (AddParameter): Name = "Vendor"; Value = "Microchip"; VariantName = "[No Variations]"
Added Component: Designator=U21(74LVC1T45GF,132)
Added Component: Designator=U23(QFN-MQ20_L)
Add component (AddParameter): Name = "ComponentLink1Description"; Value = "Manufacturer URL"; VariantName = "[No Variations]"
Add component (AddParameter): Name = "ComponentLink1URL"; Value = "http://www.microchip.com/"; VariantName = "[No Variations]"
Add component (AddParameter): Name = "ComponentLink2Description"; Value = "Datasheet"; VariantName = "[No Variations]"
Add component (AddParameter): Name = "ComponentLink2URL"; Value = "http://ww1.microchip.com/downloads/en/DeviceDoc/22288A.pdf"; VariantName = "[No Variations]"
Add component (AddParameter): Name = "ComponentLink3Description"; Value = "Package Specification"; VariantName = "[No Variations]"
Add component (AddParameter): Name = "ComponentLink3URL"; Value = "http://www.microchip.com/stellent/groups/techpub_sg/documents/packagingspec/en012702.pdf"; VariantName = "[No Variations]"
Add component (AddParameter): Name = "DatasheetVersion"; Value = "revA, Dec-2011"; VariantName = "[No Variations]"
Add component (AddParameter): Name = "PackageDescription"; Value = "20-Lead Plastic Quad Flat, No Lead Package (MQ) - 5x5x0.9 mm Body [QFN]"; VariantName = "[No Variations]"
Add component (AddParameter): Name = "PackageReference"; Value = "QFN-MQ20"; VariantName = "[No Variations]"
Add component (AddParameter): Name = "PackageVersion"; Value = "revBB, Aug-2009"; VariantName = "[No Variations]"
Added Pin To Net: NetName=3V3 Pin=P1-1
Added Pin To Net: NetName=SDWIO Pin=P1-2
Added Pin To Net: NetName=GND Pin=P1-3
Added Pin To Net: NetName=SWDCLK Pin=P1-4
Added Pin To Net: NetName=GND Pin=P1-5
Added Pin To Net: NetName=SWO Pin=P1-6
Added Pin To Net: NetName=GND Pin=P1-7
Added Pin To Net: NetName=GND Pin=P1-9
Added Pin To Net: NetName=nRESET Pin=P1-10
Added Pin To Net: NetName=AUXI Pin=R19-1
Added Pin To Net: NetName=I0 Pin=R19-2
Added Pin To Net: NetName=NetC44_1 Pin=R75-1
Added Pin To Net: NetName=NetR75_2 Pin=R75-2
Added Pin To Net: NetName=GND Pin=SW1-2
Added Pin To Net: NetName=NetQ1_1 Pin=SW1-4
Added Pin To Net: NetName=NetC5_2 Pin=U4-1
Added Pin To Net: NetName=NetC7_2 Pin=U4-2
Added Pin To Net: NetName=GND Pin=U4-3
Added Pin To Net: NetName=NetU5_1 Pin=U6-1
Added Pin To Net: NetName=GND Pin=U6-2
Added Pin To Net: NetName=3V3 Pin=U6-3
Added Pin To Net: NetName=RXD Pin=U6-4
Added Pin To Net: NetName=NetU6_5 Pin=U6-5
Added Pin To Net: NetName=NetC7_2 Pin=U6-6
Added Pin To Net: NetName=NetC5_2 Pin=U6-7
Added Pin To Net: NetName=GND Pin=U6-8
Added Pin To Net: NetName=NetC30_2 Pin=U9-1
Added Pin To Net: NetName=XL1 Pin=U9-2
Added Pin To Net: NetName=XL2 Pin=U9-3
Added Pin To Net: NetName=NetC1_1 Pin=U9-4
Added Pin To Net: NetName=NetU2_12 Pin=U9-5
Added Pin To Net: NetName=NetU5_10 Pin=U9-11
Added Pin To Net: NetName=NetU5_11 Pin=U9-12
Added Pin To Net: NetName=3V3 Pin=U9-13
Added Pin To Net: NetName=NetU5_12 Pin=U9-14
Added Pin To Net: NetName=NetU2_13 Pin=U9-15
Added Pin To Net: NetName=NetU2_14 Pin=U9-16
Added Pin To Net: NetName=NetU2_1 Pin=U9-17
Added Pin To Net: NetName=NetU5_16 Pin=U9-18
Added Pin To Net: NetName=NetU5_17 Pin=U9-19
Added Pin To Net: NetName=NetU5_4 Pin=U9-20
Added Pin To Net: NetName=SWO Pin=U9-21
Added Pin To Net: NetName=NetU5_5 Pin=U9-22
Added Pin To Net: NetName=NetU5_6 Pin=U9-23
Added Pin To Net: NetName=nRESET Pin=U9-24
Added Pin To Net: NetName=SWDCLK Pin=U9-25
Added Pin To Net: NetName=SDWIO Pin=U9-26
Added Pin To Net: NetName=NetJ1_19 Pin=U9-27
Added Pin To Net: NetName=NetJ1_18 Pin=U9-28
Added Pin To Net: NetName=NetC29_2 Pin=U9-30
Added Pin To Net: NetName=GND Pin=U9-31
Added Pin To Net: NetName=DEC2 Pin=U9-32
Added Pin To Net: NetName=DEC3 Pin=U9-33
Added Pin To Net: NetName=XC1 Pin=U9-34
Added Pin To Net: NetName=XC2 Pin=U9-35
Added Pin To Net: NetName=3V3 Pin=U9-36
Added Pin To Net: NetName=NetC33_1 Pin=U9-37
Added Pin To Net: NetName=NetC35_1 Pin=U9-38
Added Pin To Net: NetName=GND Pin=U9-45
Added Pin To Net: NetName=NetC34_2 Pin=U9-46
Added Pin To Net: NetName=DCC Pin=U9-47
Added Pin To Net: NetName=3V3 Pin=U9-48
Added Pin To Net: NetName=GND Pin=U9-49
Added Pin To Net: NetName=NetC77_1 Pin=U10-1
Added Pin To Net: NetName=NetC77_1 Pin=U10-1
Added Pin To Net: NetName=GND Pin=U10-3
Added Pin To Net: NetName=GND Pin=U10-3
Added Pin To Net: NetName=GND Pin=U10-3
Added Pin To Net: NetName=NetC72_2 Pin=U10-6
Added Pin To Net: NetName=NetU7_37 Pin=U10-8
Added Pin To Net: NetName=NetU7_36 Pin=U10-9
Added Pin To Net: NetName=NetR66_2 Pin=U10-10
Added Pin To Net: NetName=NetR67_2 Pin=U10-11
Added Pin To Net: NetName=NetC79_1 Pin=U10-16
Added Pin To Net: NetName=NetR62_1 Pin=U10-17
Added Pin To Net: NetName=NetC66_1 Pin=U10-18
Added Pin To Net: NetName=GND Pin=U10-19
Added Pin To Net: NetName=GND Pin=U10-20
Added Pin To Net: NetName=NetC44_2 Pin=U10-21
Added Pin To Net: NetName=NetC76_1 Pin=U10-22
Added Pin To Net: NetName=NetC65_2 Pin=U10-23
Added Pin To Net: NetName=NetC65_2 Pin=U10-24
Added Pin To Net: NetName=NetR63_1 Pin=U10-25
Added Pin To Net: NetName=NetR68_1 Pin=U10-26
Added Pin To Net: NetName=NetC78_1 Pin=U10-27
Added Pin To Net: NetName=NetR69_1 Pin=U10-28
Added Pin To Net: NetName=NetU10_30 Pin=U10-30
Added Pin To Net: NetName=NetR64_1 Pin=U10-31
Added Pin To Net: NetName=NetR65_1 Pin=U10-32
Added Pin To Net: NetName=GND Pin=U10-33
Added Pin To Net: NetName=GND Pin=U10-34
Added Pin To Net: NetName=NetC73_2 Pin=U10-36
Added Pin To Net: NetName=GND Pin=U10-37
Added Pin To Net: NetName=GND Pin=U10-38
Added Pin To Net: NetName=GND Pin=U11-A1
Added Pin To Net: NetName=NetR35_1 Pin=U11-A4
Added Pin To Net: NetName=NetR34_1 Pin=U11-A5
Added Pin To Net: NetName=GND Pin=U11-A6
Added Pin To Net: NetName=TCK Pin=U11-A7
Added Pin To Net: NetName=NetU11_A8 Pin=U11-A8
Added Pin To Net: NetName=GND Pin=U11-A9
Added Pin To Net: NetName=GND Pin=U11-A11
Added Pin To Net: NetName=GND Pin=U11-A14
Added Pin To Net: NetName=NetR5_1 Pin=U11-B1
Added Pin To Net: NetName=NetU11_B2 Pin=U11-B2
Added Pin To Net: NetName=GND Pin=U11-B4
Added Pin To Net: NetName=NetR33_1 Pin=U11-B5
Added Pin To Net: NetName=NetR32_1 Pin=U11-B6
Added Pin To Net: NetName=GND Pin=U11-B7
Added Pin To Net: NetName=GND Pin=U11-B8
Added Pin To Net: NetName=GND Pin=U11-B9
Added Pin To Net: NetName=NetNP7_1 Pin=U11-B10
Added Pin To Net: NetName=NetU11_B11 Pin=U11-B11
Added Pin To Net: NetName=NetU11_B12 Pin=U11-B12
Added Pin To Net: NetName=DB13 Pin=U11-B13
Added Pin To Net: NetName=DB12 Pin=U11-B14
Added Pin To Net: NetName=GND Pin=U11-C2
Added Pin To Net: NetName=GND Pin=U11-C6
Added Pin To Net: NetName=GND Pin=U11-C7
Added Pin To Net: NetName=GND Pin=U11-C8
Added Pin To Net: NetName=GND Pin=U11-C9
Added Pin To Net: NetName=NetR27_1 Pin=U11-C11
Added Pin To Net: NetName=DB11 Pin=U11-C12
Added Pin To Net: NetName=GND Pin=U11-C13
Added Pin To Net: NetName=DB10 Pin=U11-C14
Added Pin To Net: NetName=NetU11_D1 Pin=U11-D1
Added Pin To Net: NetName=NetU11_D3 Pin=U11-D3
Added Pin To Net: NetName=GND Pin=U11-D5
Added Pin To Net: NetName=1V0 Pin=U11-D6
Added Pin To Net: NetName=GND Pin=U11-D7
Added Pin To Net: NetName=1V0 Pin=U11-D8
Added Pin To Net: NetName=GND Pin=U11-D9
Added Pin To Net: NetName=GND Pin=U11-D11
Added Pin To Net: NetName=DB9 Pin=U11-D14
Added Pin To Net: NetName=GND Pin=U11-E1
Added Pin To Net: NetName=GND Pin=U11-E3
Added Pin To Net: NetName=1V0 Pin=U11-E5
Added Pin To Net: NetName=GND Pin=U11-E6
Added Pin To Net: NetName=1V0 Pin=U11-E7
Added Pin To Net: NetName=GND Pin=U11-E8
Added Pin To Net: NetName=1V0 Pin=U11-E9
Added Pin To Net: NetName=GND Pin=U11-E10
Added Pin To Net: NetName=DB8 Pin=U11-E13
Added Pin To Net: NetName=GND Pin=U11-E14
Added Pin To Net: NetName=RXD0 Pin=U11-F1
Added Pin To Net: NetName=RXD1 Pin=U11-F2
Added Pin To Net: NetName=GND Pin=U11-F5
Added Pin To Net: NetName=1V0 Pin=U11-F6
Added Pin To Net: NetName=GND Pin=U11-F7
Added Pin To Net: NetName=1V8 Pin=U11-F8
Added Pin To Net: NetName=GND Pin=U11-F9
Added Pin To Net: NetName=1V8 Pin=U11-F10
Added Pin To Net: NetName=DB7 Pin=U11-F13
Added Pin To Net: NetName=DB6 Pin=U11-F14
Added Pin To Net: NetName=NetU11_G1 Pin=U11-G1
Added Pin To Net: NetName=1V8 Pin=U11-G2
Added Pin To Net: NetName=GND Pin=U11-G3
Added Pin To Net: NetName=1V0 Pin=U11-G5
Added Pin To Net: NetName=GND Pin=U11-G6
Added Pin To Net: NetName=GND Pin=U11-G7
Added Pin To Net: NetName=1V0 Pin=U11-G9
Added Pin To Net: NetName=GND Pin=U11-G10
Added Pin To Net: NetName=GND Pin=U11-G12
Added Pin To Net: NetName=1V8 Pin=U11-G13
Added Pin To Net: NetName=DB5 Pin=U11-G14
Added Pin To Net: NetName=NetU11_H1 Pin=U11-H1
Added Pin To Net: NetName=GND Pin=U11-H5
Added Pin To Net: NetName=1V0 Pin=U11-H6
Added Pin To Net: NetName=GND Pin=U11-H8
Added Pin To Net: NetName=GND Pin=U11-H9
Added Pin To Net: NetName=1V8 Pin=U11-H10
Added Pin To Net: NetName=1V0 Pin=U11-J5
Added Pin To Net: NetName=GND Pin=U11-J6
Added Pin To Net: NetName=1V0 Pin=U11-J9
Added Pin To Net: NetName=GND Pin=U11-J10
Added Pin To Net: NetName=DB4 Pin=U11-J13
Added Pin To Net: NetName=DB3 Pin=U11-J14
Added Pin To Net: NetName=GND Pin=U11-K1
Added Pin To Net: NetName=1V8 Pin=U11-K2
Added Pin To Net: NetName=GND Pin=U11-K5
Added Pin To Net: NetName=1V0 Pin=U11-K6
Added Pin To Net: NetName=GND Pin=U11-K7
Added Pin To Net: NetName=1V0 Pin=U11-K8
Added Pin To Net: NetName=GND Pin=U11-K9
Added Pin To Net: NetName=1V8 Pin=U11-K10
Added Pin To Net: NetName=1V8 Pin=U11-K13
Added Pin To Net: NetName=GND Pin=U11-K14
Added Pin To Net: NetName=GND Pin=U11-L4
Added Pin To Net: NetName=GND Pin=U11-L6
Added Pin To Net: NetName=NetQ1_1 Pin=U11-L7
Added Pin To Net: NetName=GND Pin=U11-L8
Added Pin To Net: NetName=1V8 Pin=U11-L9
Added Pin To Net: NetName=GND Pin=U11-L10
Added Pin To Net: NetName=GND Pin=U11-L11
Added Pin To Net: NetName=DB2 Pin=U11-L14
Added Pin To Net: NetName=TMS Pin=U11-M6
Added Pin To Net: NetName=NetNP4_1 Pin=U11-M7
Added Pin To Net: NetName=NetNP6_1 Pin=U11-M8
Added Pin To Net: NetName=NetNP5_1 Pin=U11-M9
Added Pin To Net: NetName=DB1 Pin=U11-M14
Added Pin To Net: NetName=1V8 Pin=U11-N2
Added Pin To Net: NetName=GND Pin=U11-N3
Added Pin To Net: NetName=GND Pin=U11-N5
Added Pin To Net: NetName=1V8 Pin=U11-N6
Added Pin To Net: NetName=GND Pin=U11-N7
Added Pin To Net: NetName=1V8 Pin=U11-N8
Added Pin To Net: NetName=GND Pin=U11-N9
Added Pin To Net: NetName=NetU7_36 Pin=U11-N11
Added Pin To Net: NetName=GND Pin=U11-N12
Added Pin To Net: NetName=1V8 Pin=U11-N13
Added Pin To Net: NetName=DB0 Pin=U11-N14
Added Pin To Net: NetName=GND Pin=U11-P1
Added Pin To Net: NetName=NetR67_2 Pin=U11-P4
Added Pin To Net: NetName=NetR66_2 Pin=U11-P5
Added Pin To Net: NetName=TDO Pin=U11-P6
Added Pin To Net: NetName=TDI Pin=U11-P7
Added Pin To Net: NetName=NetQ2_1 Pin=U11-P8
Added Pin To Net: NetName=NetD4_1 Pin=U11-P9
Added Pin To Net: NetName=NetR23_2 Pin=U11-P10
Added Pin To Net: NetName=NetU7_37 Pin=U11-P11
Added Pin To Net: NetName=NetR20_1 Pin=U11-P12
Added Pin To Net: NetName=NetCLK_1 Pin=U11-P13
Added Pin To Net: NetName=GND Pin=U11-P14
Added Pin To Net: NetName=3V0 Pin=U13-1
Added Pin To Net: NetName=GND Pin=U13-2
Added Pin To Net: NetName=3V3 Pin=U13-3
Added Pin To Net: NetName=3V3 Pin=U13-4
Added Pin To Net: NetName=GND Pin=U13-5
Added Pin To Net: NetName=VBUS Pin=U21-1
Added Pin To Net: NetName=GND Pin=U21-2
Added Pin To Net: NetName=NetU21_3 Pin=U21-3
Added Pin To Net: NetName=NetU11_A8 Pin=U21-4
Added Pin To Net: NetName=VBUS Pin=U21-5
Added Pin To Net: NetName=1V8 Pin=U21-6
Added Pin To Net: NetName=NetR54_2 Pin=U23-1
Added Pin To Net: NetName=NetU22_3 Pin=U23-2
Added Pin To Net: NetName=NetR53_2 Pin=U23-5
Added Pin To Net: NetName=NetU18_3 Pin=U23-6
Added Pin To Net: NetName=NetU21_3 Pin=U23-8
Added Pin To Net: NetName=NetU19_3 Pin=U23-10
Added Pin To Net: NetName=NetC167_2 Pin=U23-14
Added Pin To Net: NetName=D- Pin=U23-15
Added Pin To Net: NetName=D+ Pin=U23-16
Added Pin To Net: NetName=GND Pin=U23-17
Added Pin To Net: NetName=VBUS Pin=U23-18
Added Pin To Net: NetName=OSC1 Pin=U23-19
Added Pin To Net: NetName=OSC2 Pin=U23-20
Added Pin To Net: NetName=GND Pin=U23-21
Added Member To Class: ClassName=Designator Member=Component R75 Res1
Added Member To Class: ClassName=Designator Member=Component U10 LMX2531LQ1742/NOPB
Added Member To Class: ClassName=Designator Member=Component U13 MIC94310-PYMT-TR
