Removed Pin From Net: NetName=NetC44_1 Pin=U3-8
Added Component: Designator=J7(EXPOSED PAD 0.02X0.02)
Added Component: Designator=J8(EXPOSED PAD 0.02X0.02)
Added Component: Designator=J9(EXPOSED PAD 0.02X0.02)
Added Component: Designator=J10(EXPOSED PAD 0.02X0.02)
Added Component: Designator=J11(EXPOSED PAD 0.02X0.02)
Added Component: Designator=J12(EXPOSED PAD 0.02X0.02)
Added Component: Designator=J13(EXPOSED PAD 0.02X0.02)
Added Component: Designator=J14(EXPOSED PAD 0.02X0.02)
Added Component: Designator=J15(EXPOSED PAD 0.02X0.02)
Added Component: Designator=J16(EXPOSED PAD 0.02X0.02)
Added Component: Designator=J17(EXPOSED PAD 0.02X0.02)
Added Component: Designator=J18(EXPOSED PAD 0.02X0.02)
Added Component: Designator=J19(EXPOSED PAD 0.02X0.02)
Added Component: Designator=J20(EXPOSED PAD 0.02X0.02)
Added Component: Designator=J21(FP-U_FL-R-SMT-1_10-MFG)
Add component (AddParameter): Name = "Body Material"; Value = "Bronze"; VariantName = "[No Variations]"
Add component (AddParameter): Name = "Body Plating"; Value = "Silver"; VariantName = "[No Variations]"
Add component (AddParameter): Name = "Connector Type"; Value = "Coaxial"; VariantName = "[No Variations]"
Add component (AddParameter): Name = "Contact Material"; Value = "Brass"; VariantName = "[No Variations]"
Add component (AddParameter): Name = "Contact Plating"; Value = "Gold"; VariantName = "[No Variations]"
Add component (AddParameter): Name = "Depth"; Value = "3.1mm"; VariantName = "[No Variations]"
Add component (AddParameter): Name = "Dielectric Material"; Value = "Polymer"; VariantName = "[No Variations]"
Add component (AddParameter): Name = "Fastening Type"; Value = "Snap"; VariantName = "[No Variations]"
Add component (AddParameter): Name = "Frequency"; Value = "6GHz"; VariantName = "[No Variations]"
Add component (AddParameter): Name = "Gender"; Value = "Male"; VariantName = "[No Variations]"
Add component (AddParameter): Name = "Housing Color"; Value = "Beige"; VariantName = "[No Variations]"
Add component (AddParameter): Name = "Impedance"; Value = "50R"; VariantName = "[No Variations]"
Add component (AddParameter): Name = "Insulation Resistance"; Value = "500MR"; VariantName = "[No Variations]"
Add component (AddParameter): Name = "Lead Free"; Value = "Lead Free"; VariantName = "[No Variations]"
Add component (AddParameter): Name = "Length"; Value = "3mm"; VariantName = "[No Variations]"
Add component (AddParameter): Name = "Max Frequency"; Value = "6GHz"; VariantName = "[No Variations]"
Add component (AddParameter): Name = "Max Operating Temperature"; Value = "90°C"; VariantName = "[No Variations]"
Add component (AddParameter): Name = "Min Operating Temperature"; Value = "-40°C"; VariantName = "[No Variations]"
Add component (AddParameter): Name = "Mount"; Value = "Surface Mount"; VariantName = "[No Variations]"
Add component (AddParameter): Name = "Orientation"; Value = "Straight"; VariantName = "[No Variations]"
Add component (AddParameter): Name = "Package Quantity"; Value = "2500"; VariantName = "[No Variations]"
Add component (AddParameter): Name = "Packaging"; Value = "Tape and Reel"; VariantName = "[No Variations]"
Add component (AddParameter): Name = "Radiation Hardening"; Value = "No"; VariantName = "[No Variations]"
Add component (AddParameter): Name = "REACH SVHC"; Value = "No SVHC"; VariantName = "[No Variations]"
Add component (AddParameter): Name = "Termination"; Value = "Solder"; VariantName = "[No Variations]"
Add component (AddParameter): Name = "Wire/Cable Type"; Value = "Coaxial"; VariantName = "[No Variations]"
Added Component: Designator=R74(0402-A)
Add component (AddParameter): Name = "LatestRevisionDate"; Value = "17-Jul-2002"; VariantName = "[No Variations]"
Add component (AddParameter): Name = "LatestRevisionNote"; Value = "Re-released for DXP Platform."; VariantName = "[No Variations]"
Add component (AddParameter): Name = "PackageDescription"; Value = "Axial Device, Thru-Hole; 2 Leads; 0.3 in Pin Spacing"; VariantName = "[No Variations]"
Add component (AddParameter): Name = "PackageReference"; Value = "AXIAL-0.3"; VariantName = "[No Variations]"
Add component (AddParameter): Name = "Published"; Value = "8-Jun-2000"; VariantName = "[No Variations]"
Add component (AddParameter): Name = "Publisher"; Value = "Altium Limited"; VariantName = "[No Variations]"
Add component (AddParameter): Name = "Value"; Value = "0"; VariantName = "[No Variations]"
Added Component: Designator=R75(0402-A)
Add component (AddParameter): Name = "LatestRevisionDate"; Value = "17-Jul-2002"; VariantName = "[No Variations]"
Add component (AddParameter): Name = "LatestRevisionNote"; Value = "Re-released for DXP Platform."; VariantName = "[No Variations]"
Add component (AddParameter): Name = "PackageDescription"; Value = "Axial Device, Thru-Hole; 2 Leads; 0.3 in Pin Spacing"; VariantName = "[No Variations]"
Add component (AddParameter): Name = "PackageReference"; Value = "AXIAL-0.3"; VariantName = "[No Variations]"
Add component (AddParameter): Name = "Published"; Value = "8-Jun-2000"; VariantName = "[No Variations]"
Add component (AddParameter): Name = "Publisher"; Value = "Altium Limited"; VariantName = "[No Variations]"
Add component (AddParameter): Name = "Value"; Value = "0"; VariantName = "[No Variations]"
Added Pin To Net: NetName=DB0 Pin=J7-1
Added Pin To Net: NetName=DB1 Pin=J8-1
Added Pin To Net: NetName=DB2 Pin=J9-1
Added Pin To Net: NetName=DB3 Pin=J10-1
Added Pin To Net: NetName=DB4 Pin=J11-1
Added Pin To Net: NetName=DB5 Pin=J12-1
Added Pin To Net: NetName=DB6 Pin=J13-1
Added Pin To Net: NetName=DB7 Pin=J14-1
Added Pin To Net: NetName=DB8 Pin=J15-1
Added Pin To Net: NetName=DB9 Pin=J16-1
Added Pin To Net: NetName=DB10 Pin=J17-1
Added Pin To Net: NetName=DB11 Pin=J18-1
Added Pin To Net: NetName=DB12 Pin=J19-1
Added Pin To Net: NetName=DB13 Pin=J20-1
Added Pin To Net: NetName=GND Pin=J21-2
Added Pin To Net: NetName=GND Pin=J21-3
Added Pin To Net: NetName=NetC44_1 Pin=R74-2
Added Pin To Net: NetName=NetC44_1 Pin=R75-1
Added Pin To Net: NetName=NetJ21_1 Pin=J21-1
Added Pin To Net: NetName=NetJ21_1 Pin=R74-1
Added Net: Name=NetJ21_1
Added Pin To Net: NetName=NetR75_2 Pin=R75-2
Added Pin To Net: NetName=NetR75_2 Pin=U3-8
Added Net: Name=NetR75_2
Added Member To Class: ClassName=Designator Member=Component C44 Cap
Added Member To Class: ClassName=Designator Member=Component J21 U.FL-R-SMT-1(10)
Added Member To Class: ClassName=Designator Member=Component R74 Res1
Added Member To Class: ClassName=Designator Member=Component R75 Res1
