Change Component Footprint: Designator=R4 Old Footprint=1608[0603] New Footprint=0402-A
Change Component Designator: OldDesignator=J7 NewDesignator=DB0
Change Component Designator: OldDesignator=J8 NewDesignator=DB1
Change Component Designator: OldDesignator=J9 NewDesignator=DB2
Change Component Designator: OldDesignator=J10 NewDesignator=DB3
Change Component Designator: OldDesignator=J11 NewDesignator=DB4
Change Component Designator: OldDesignator=J12 NewDesignator=DB5
Change Component Designator: OldDesignator=J13 NewDesignator=DB6
Change Component Designator: OldDesignator=J14 NewDesignator=DB7
Change Component Designator: OldDesignator=J15 NewDesignator=DB8
Change Component Designator: OldDesignator=J16 NewDesignator=DB9
Change Component Designator: OldDesignator=J17 NewDesignator=DB10
Change Component Designator: OldDesignator=J18 NewDesignator=DB11
Change Component Designator: OldDesignator=J19 NewDesignator=DB12
Change Component Designator: OldDesignator=J20 NewDesignator=DB13
Change Component Designator: OldDesignator=J30 NewDesignator=CLK
Change component parameters: Designator = "R12" ("R12"); Footprint = "0402-A"; UniqueID = "\KGWKLAQZ\ADIWOOUC" ("\KGWKLAQZ\ADIWOOUC")
Change component parameters (AddParameter): Name = "LatestRevisionDate"; Value = "17-Jul-2002"; VariantName = "[No Variations]"
Change component parameters (AddParameter): Name = "LatestRevisionNote"; Value = "Re-released for DXP Platform."; VariantName = "[No Variations]"
Change component parameters (AddParameter): Name = "PackageDescription"; Value = "Axial Device, Thru-Hole; 2 Leads; 0.3 in Pin Spacing"; VariantName = "[No Variations]"
Change component parameters (AddParameter): Name = "PackageReference"; Value = "AXIAL-0.3"; VariantName = "[No Variations]"
Change component parameters (AddParameter): Name = "Published"; Value = "8-Jun-2000"; VariantName = "[No Variations]"
Change component parameters (AddParameter): Name = "Publisher"; Value = "Altium Limited"; VariantName = "[No Variations]"
Change component parameters (AddParameter): Name = "Value"; Value = "10k"; VariantName = "[No Variations]"
Change component parameters: Designator = "R17" ("R17"); Footprint = "0402-A"; UniqueID = "\KGWKLAQZ\TMLNCTJC" ("\KGWKLAQZ\TMLNCTJC")
Change component parameters (AddParameter): Name = "LatestRevisionDate"; Value = "17-Jul-2002"; VariantName = "[No Variations]"
Change component parameters (AddParameter): Name = "LatestRevisionNote"; Value = "Re-released for DXP Platform."; VariantName = "[No Variations]"
Change component parameters (AddParameter): Name = "PackageDescription"; Value = "Axial Device, Thru-Hole; 2 Leads; 0.3 in Pin Spacing"; VariantName = "[No Variations]"
Change component parameters (AddParameter): Name = "PackageReference"; Value = "AXIAL-0.3"; VariantName = "[No Variations]"
Change component parameters (AddParameter): Name = "Published"; Value = "8-Jun-2000"; VariantName = "[No Variations]"
Change component parameters (AddParameter): Name = "Publisher"; Value = "Altium Limited"; VariantName = "[No Variations]"
Change component parameters (AddParameter): Name = "Value"; Value = "10k"; VariantName = "[No Variations]"
Change component parameters: Designator = "R21" ("R21"); Footprint = "0402-A"; UniqueID = "\KGWKLAQZ\QGFFHQXP" ("\KGWKLAQZ\QGFFHQXP")
Change component parameters (AddParameter): Name = "LatestRevisionDate"; Value = "17-Jul-2002"; VariantName = "[No Variations]"
Change component parameters (AddParameter): Name = "LatestRevisionNote"; Value = "Re-released for DXP Platform."; VariantName = "[No Variations]"
Change component parameters (AddParameter): Name = "PackageDescription"; Value = "Axial Device, Thru-Hole; 2 Leads; 0.3 in Pin Spacing"; VariantName = "[No Variations]"
Change component parameters (AddParameter): Name = "PackageReference"; Value = "AXIAL-0.3"; VariantName = "[No Variations]"
Change component parameters (AddParameter): Name = "Published"; Value = "8-Jun-2000"; VariantName = "[No Variations]"
Change component parameters (AddParameter): Name = "Publisher"; Value = "Altium Limited"; VariantName = "[No Variations]"
Change component parameters (AddParameter): Name = "Value"; Value = "10k"; VariantName = "[No Variations]"
Change component parameters: Designator = "R58" ("R58"); Footprint = "0402-A"; UniqueID = "\KGWKLAQZ\GRKMMDUQ" ("\KGWKLAQZ\GRKMMDUQ")
Change component parameters (AddParameter): Name = "LatestRevisionDate"; Value = "17-Jul-2002"; VariantName = "[No Variations]"
Change component parameters (AddParameter): Name = "LatestRevisionNote"; Value = "Re-released for DXP Platform."; VariantName = "[No Variations]"
Change component parameters (AddParameter): Name = "PackageDescription"; Value = "Axial Device, Thru-Hole; 2 Leads; 0.3 in Pin Spacing"; VariantName = "[No Variations]"
Change component parameters (AddParameter): Name = "PackageReference"; Value = "AXIAL-0.3"; VariantName = "[No Variations]"
Change component parameters (AddParameter): Name = "Published"; Value = "8-Jun-2000"; VariantName = "[No Variations]"
Change component parameters (AddParameter): Name = "Publisher"; Value = "Altium Limited"; VariantName = "[No Variations]"
Change component parameters (AddParameter): Name = "Value"; Value = "10k"; VariantName = "[No Variations]"
Change Net Name : Old Net Name=NetJ30_1 New Net Name=NetCLK_1
