Removed Pin From Net: NetName=3V3 Pin=C10-2
Removed Pin From Net: NetName=3V3 Pin=C11-2
Removed Pin From Net: NetName=3V3 Pin=C12-2
Removed Pin From Net: NetName=3V3 Pin=C24-2
Removed Pin From Net: NetName=3V3 Pin=C25-2
Removed Pin From Net: NetName=3V3 Pin=C26-2
Removed Pin From Net: NetName=3V3 Pin=C27-2
Removed Pin From Net: NetName=3V3 Pin=C28-2
Removed Pin From Net: NetName=3V3 Pin=L2-1
Removed Pin From Net: NetName=3V3 Pin=NP1-2
Removed Pin From Net: NetName=3V3 Pin=U8-7
Removed Pin From Net: NetName=3V3 Pin=U8-15
Removed Pin From Net: NetName=3V3 Pin=U8-16
Added Pin To Net: NetName=EN Pin=U11-M13
Added Net: Name=EN
Added Pin To Net: NetName=NetC10_2 Pin=C10-2
Added Pin To Net: NetName=NetC10_2 Pin=C11-2
Added Pin To Net: NetName=NetC10_2 Pin=C12-2
Added Pin To Net: NetName=NetC10_2 Pin=NP1-2
Added Pin To Net: NetName=NetC10_2 Pin=U8-15
Added Pin To Net: NetName=NetC10_2 Pin=U8-16
Added Net: Name=NetC10_2
Added Pin To Net: NetName=NetC24_2 Pin=C24-2
Added Pin To Net: NetName=NetC24_2 Pin=C25-2
Added Pin To Net: NetName=NetC24_2 Pin=C26-2
Added Pin To Net: NetName=NetC24_2 Pin=L2-1
Added Net: Name=NetC24_2
Added Pin To Net: NetName=NetC27_2 Pin=C27-2
Added Pin To Net: NetName=NetC27_2 Pin=C28-2
Added Pin To Net: NetName=NetC27_2 Pin=U8-7
Added Net: Name=NetC27_2
