Added Component: Designator=J22(EXPOSED PAD 0.02X0.02)
Added Component: Designator=J23(EXPOSED PAD 0.02X0.02)
Added Component: Designator=J24(EXPOSED PAD 0.02X0.02)
Added Component: Designator=J25(EXPOSED PAD 0.02X0.02)
Added Component: Designator=J26(EXPOSED PAD 0.02X0.02)
Added Component: Designator=J27(EXPOSED PAD 0.02X0.02)
Added Component: Designator=J28(EXPOSED PAD 0.02X0.02)
Added Component: Designator=J29(EXPOSED PAD 0.02X0.02)
Added Component: Designator=J30(EXPOSED PAD 0.02X0.02)
Added Pin To Net: NetName=IOUTP Pin=J22-1
Added Pin To Net: NetName=I0 Pin=J23-1
Added Pin To Net: NetName=I1 Pin=J24-1
Added Pin To Net: NetName=IOUTN Pin=J25-1
Added Pin To Net: NetName=QOUTP Pin=J26-1
Added Pin To Net: NetName=Q0 Pin=J27-1
Added Pin To Net: NetName=Q1 Pin=J28-1
Added Pin To Net: NetName=QOUTN Pin=J29-1
Added Pin To Net: NetName=NetJ30_1 Pin=J30-1
Added Pin To Net: NetName=NetJ30_1 Pin=U7-16
Added Pin To Net: NetName=NetJ30_1 Pin=U7-18
Added Net: Name=NetJ30_1
