Removed Pin From Net: NetName=GND Pin=C9-1
Removed Pin From Net: NetName=VCC Pin=C9-2
Removed Pin From Net: NetName=LED Pin=C?-2
Removed Pin From Net: NetName=GND Pin=D1-1
Removed Pin From Net: NetName=GND Pin=R2-2
Removed Pin From Net: NetName=LED Pin=R?-2
Removed Pin From Net: NetName=LED Pin=U3-1
Removed Pin From Net: NetName=GND Pin=U3-2
Removed Pin From Net: NetName=GND Pin=U3-3
Removed Pin From Net: NetName=5V0 Pin=U3-5
Removed Pin From Net: NetName=VCC Pin=U4-5
Removed Pin From Net: NetName=GND Pin=U9-2
Removed Pin From Net: NetName=VCC Pin=U9-4
Removed Pin From Net: NetName=VCC Pin=U9-5
Removed Member From Class: ClassName=Designator Member=C6
Removed Member From Class: ClassName=Designator Member=C8
Removed Member From Class: ClassName=Designator Member=C9
Removed Member From Class: ClassName=Designator Member=C18
Removed Member From Class: ClassName=Designator Member=C19
Removed Member From Class: ClassName=Designator Member=C165
Removed Member From Class: ClassName=Designator Member=C166
Removed Member From Class: ClassName=Thermocouple Member=R2
Removed Member From Class: ClassName=Designator Member=R6
Removed Member From Class: ClassName=Designator Member=R14
Removed Member From Class: ClassName=Designator Member=U4
Removed Member From Class: ClassName=Designator Member=U5
Removed Member From Class: ClassName=Designator Member=U7
Removed Member From Class: ClassName=Designator Member=U8
Removed Member From Class: ClassName=Thermocouple Member=U9
Removed Member From Class: ClassName=Designator Member=U24
Change Component Comment : Designator=U4 Old Comment=OPA336NA/250 New Comment=D5V0L2B3W-7
Change Component Designator: OldDesignator=L? NewDesignator=L1
Change Managed Component Library Link : Designator=U4 Old VaultGUID=B7D15EC3-160A-466F-A46C-7801FE6295A7 New VaultGUID= Old ItemGUID=15AEC520-1D32-484C-AFC0-BBBB4ABA664E New ItemGUID= Old RevisionGUID=BCD24982-4190-43BF-BD3D-B0F8A3550178 New RevisionGUID=
Change component parameters: Designator = "U4" ("U4"); Footprint = "DBV0005A_M"; UniqueID = "\WDRAXTCM\UYNDRODV" ("\WDRAXTCM\UYNDRODV")
Change component parameters (AddParameter): Name = "Built_By"; Value = "EMA_UL_Team"; VariantName = "[No Variations]"
Change component parameters (AddParameter): Name = "Copyright"; Value = "Copyright (C) 2018 Accelerated Designs. All rights reserved"; VariantName = "[No Variations]"
Change component parameters (AddParameter): Name = "Manufacturer_Part_Number"; Value = "D5V0L2B3W-7"; VariantName = "[No Variations]"
Change component parameters (AddParameter): Name = "RefDes"; Value = "RefDes"; VariantName = "[No Variations]"
Change component parameters (AddParameter): Name = "SourceLibrary"; Value = "DIODESINC_2_2015-08-18"; VariantName = "[No Variations]"
Change component parameters (AddParameter): Name = "Type"; Value = "DEV"; VariantName = "[No Variations]"
Change component parameters (AddParameter): Name = "Vendor"; Value = "Diodes Inc"; VariantName = "[No Variations]"
Added Component: Designator=C9_Thermocouple1(0402-A)
Add component (AddParameter): Name = "LatestRevisionDate"; Value = "17-Jul-2002"; VariantName = "[No Variations]"
Add component (AddParameter): Name = "LatestRevisionNote"; Value = "Re-released for DXP Platform."; VariantName = "[No Variations]"
Add component (AddParameter): Name = "PackageDescription"; Value = "Radial Cap, Thru-Hole; 2 Leads; 0.3 in Pin Spacing"; VariantName = "[No Variations]"
Add component (AddParameter): Name = "PackageReference"; Value = "RAD-0.3"; VariantName = "[No Variations]"
Add component (AddParameter): Name = "Published"; Value = "8-Jun-2000"; VariantName = "[No Variations]"
Add component (AddParameter): Name = "Publisher"; Value = "Altium Limited"; VariantName = "[No Variations]"
Add component (AddParameter): Name = "Value"; Value = "100pF"; VariantName = "[No Variations]"
Added Component: Designator=C9_Thermocouple2(0402-A)
Add component (AddParameter): Name = "LatestRevisionDate"; Value = "17-Jul-2002"; VariantName = "[No Variations]"
Add component (AddParameter): Name = "LatestRevisionNote"; Value = "Re-released for DXP Platform."; VariantName = "[No Variations]"
Add component (AddParameter): Name = "PackageDescription"; Value = "Radial Cap, Thru-Hole; 2 Leads; 0.3 in Pin Spacing"; VariantName = "[No Variations]"
Add component (AddParameter): Name = "PackageReference"; Value = "RAD-0.3"; VariantName = "[No Variations]"
Add component (AddParameter): Name = "Published"; Value = "8-Jun-2000"; VariantName = "[No Variations]"
Add component (AddParameter): Name = "Publisher"; Value = "Altium Limited"; VariantName = "[No Variations]"
Add component (AddParameter): Name = "Value"; Value = "100pF"; VariantName = "[No Variations]"
Added Component: Designator=C9_Thermocouple3(0402-A)
Add component (AddParameter): Name = "LatestRevisionDate"; Value = "17-Jul-2002"; VariantName = "[No Variations]"
Add component (AddParameter): Name = "LatestRevisionNote"; Value = "Re-released for DXP Platform."; VariantName = "[No Variations]"
Add component (AddParameter): Name = "PackageDescription"; Value = "Radial Cap, Thru-Hole; 2 Leads; 0.3 in Pin Spacing"; VariantName = "[No Variations]"
Add component (AddParameter): Name = "PackageReference"; Value = "RAD-0.3"; VariantName = "[No Variations]"
Add component (AddParameter): Name = "Published"; Value = "8-Jun-2000"; VariantName = "[No Variations]"
Add component (AddParameter): Name = "Publisher"; Value = "Altium Limited"; VariantName = "[No Variations]"
Add component (AddParameter): Name = "Value"; Value = "100pF"; VariantName = "[No Variations]"
Added Component: Designator=C9_Thermocouple4(0402-A)
Add component (AddParameter): Name = "LatestRevisionDate"; Value = "17-Jul-2002"; VariantName = "[No Variations]"
Add component (AddParameter): Name = "LatestRevisionNote"; Value = "Re-released for DXP Platform."; VariantName = "[No Variations]"
Add component (AddParameter): Name = "PackageDescription"; Value = "Radial Cap, Thru-Hole; 2 Leads; 0.3 in Pin Spacing"; VariantName = "[No Variations]"
Add component (AddParameter): Name = "PackageReference"; Value = "RAD-0.3"; VariantName = "[No Variations]"
Add component (AddParameter): Name = "Published"; Value = "8-Jun-2000"; VariantName = "[No Variations]"
Add component (AddParameter): Name = "Publisher"; Value = "Altium Limited"; VariantName = "[No Variations]"
Add component (AddParameter): Name = "Value"; Value = "100pF"; VariantName = "[No Variations]"
Added Component: Designator=C13_Photo-Diode Board1(0402-A)
Add component (AddParameter): Name = "LatestRevisionDate"; Value = "17-Jul-2002"; VariantName = "[No Variations]"
Add component (AddParameter): Name = "LatestRevisionNote"; Value = "Re-released for DXP Platform."; VariantName = "[No Variations]"
Add component (AddParameter): Name = "PackageDescription"; Value = "Radial Cap, Thru-Hole; 2 Leads; 0.3 in Pin Spacing"; VariantName = "[No Variations]"
Add component (AddParameter): Name = "PackageReference"; Value = "RAD-0.3"; VariantName = "[No Variations]"
Add component (AddParameter): Name = "Published"; Value = "8-Jun-2000"; VariantName = "[No Variations]"
Add component (AddParameter): Name = "Publisher"; Value = "Altium Limited"; VariantName = "[No Variations]"
Add component (AddParameter): Name = "Value"; Value = "100pF"; VariantName = "[No Variations]"
Added Component: Designator=C13_Photo-Diode Board2(0402-A)
Add component (AddParameter): Name = "LatestRevisionDate"; Value = "17-Jul-2002"; VariantName = "[No Variations]"
Add component (AddParameter): Name = "LatestRevisionNote"; Value = "Re-released for DXP Platform."; VariantName = "[No Variations]"
Add component (AddParameter): Name = "PackageDescription"; Value = "Radial Cap, Thru-Hole; 2 Leads; 0.3 in Pin Spacing"; VariantName = "[No Variations]"
Add component (AddParameter): Name = "PackageReference"; Value = "RAD-0.3"; VariantName = "[No Variations]"
Add component (AddParameter): Name = "Published"; Value = "8-Jun-2000"; VariantName = "[No Variations]"
Add component (AddParameter): Name = "Publisher"; Value = "Altium Limited"; VariantName = "[No Variations]"
Add component (AddParameter): Name = "Value"; Value = "100pF"; VariantName = "[No Variations]"
Added Component: Designator=D1_Photo-Diode Board1(PIN2)
Add component (AddParameter): Name = "LatestRevisionDate"; Value = "17-Jul-2002"; VariantName = "[No Variations]"
Add component (AddParameter): Name = "LatestRevisionNote"; Value = "Re-released for DXP Platform."; VariantName = "[No Variations]"
Add component (AddParameter): Name = "PackageReference"; Value = "PIN2"; VariantName = "[No Variations]"
Add component (AddParameter): Name = "Published"; Value = "24-Mar-1999"; VariantName = "[No Variations]"
Add component (AddParameter): Name = "Publisher"; Value = "Altium Limited"; VariantName = "[No Variations]"
Added Component: Designator=D1_Photo-Diode Board2(PIN2)
Add component (AddParameter): Name = "LatestRevisionDate"; Value = "17-Jul-2002"; VariantName = "[No Variations]"
Add component (AddParameter): Name = "LatestRevisionNote"; Value = "Re-released for DXP Platform."; VariantName = "[No Variations]"
Add component (AddParameter): Name = "PackageReference"; Value = "PIN2"; VariantName = "[No Variations]"
Add component (AddParameter): Name = "Published"; Value = "24-Mar-1999"; VariantName = "[No Variations]"
Add component (AddParameter): Name = "Publisher"; Value = "Altium Limited"; VariantName = "[No Variations]"
Added Component: Designator=R1_Photo-Diode Board1(1608[0603])
Add component (AddParameter): Name = "LatestRevisionDate"; Value = "17-Jul-2002"; VariantName = "[No Variations]"
Add component (AddParameter): Name = "LatestRevisionNote"; Value = "Re-released for DXP Platform."; VariantName = "[No Variations]"
Add component (AddParameter): Name = "PackageDescription"; Value = "Axial Device, Thru-Hole; 2 Leads; 0.3 in Pin Spacing"; VariantName = "[No Variations]"
Add component (AddParameter): Name = "PackageReference"; Value = "AXIAL-0.3"; VariantName = "[No Variations]"
Add component (AddParameter): Name = "Published"; Value = "8-Jun-2000"; VariantName = "[No Variations]"
Add component (AddParameter): Name = "Publisher"; Value = "Altium Limited"; VariantName = "[No Variations]"
Add component (AddParameter): Name = "Value"; Value = "100M"; VariantName = "[No Variations]"
Added Component: Designator=R1_Photo-Diode Board2(1608[0603])
Add component (AddParameter): Name = "LatestRevisionDate"; Value = "17-Jul-2002"; VariantName = "[No Variations]"
Add component (AddParameter): Name = "LatestRevisionNote"; Value = "Re-released for DXP Platform."; VariantName = "[No Variations]"
Add component (AddParameter): Name = "PackageDescription"; Value = "Axial Device, Thru-Hole; 2 Leads; 0.3 in Pin Spacing"; VariantName = "[No Variations]"
Add component (AddParameter): Name = "PackageReference"; Value = "AXIAL-0.3"; VariantName = "[No Variations]"
Add component (AddParameter): Name = "Published"; Value = "8-Jun-2000"; VariantName = "[No Variations]"
Add component (AddParameter): Name = "Publisher"; Value = "Altium Limited"; VariantName = "[No Variations]"
Add component (AddParameter): Name = "Value"; Value = "100M"; VariantName = "[No Variations]"
Added Component: Designator=R2_Thermocouple1(0402-A)
Add component (AddParameter): Name = "LatestRevisionDate"; Value = "17-Jul-2002"; VariantName = "[No Variations]"
Add component (AddParameter): Name = "LatestRevisionNote"; Value = "Re-released for DXP Platform."; VariantName = "[No Variations]"
Add component (AddParameter): Name = "PackageDescription"; Value = "Axial Device, Thru-Hole; 2 Leads; 0.3 in Pin Spacing"; VariantName = "[No Variations]"
Add component (AddParameter): Name = "PackageReference"; Value = "AXIAL-0.3"; VariantName = "[No Variations]"
Add component (AddParameter): Name = "Published"; Value = "8-Jun-2000"; VariantName = "[No Variations]"
Add component (AddParameter): Name = "Publisher"; Value = "Altium Limited"; VariantName = "[No Variations]"
Add component (AddParameter): Name = "Value"; Value = "1k"; VariantName = "[No Variations]"
Added Component: Designator=R2_Thermocouple2(0402-A)
Add component (AddParameter): Name = "LatestRevisionDate"; Value = "17-Jul-2002"; VariantName = "[No Variations]"
Add component (AddParameter): Name = "LatestRevisionNote"; Value = "Re-released for DXP Platform."; VariantName = "[No Variations]"
Add component (AddParameter): Name = "PackageDescription"; Value = "Axial Device, Thru-Hole; 2 Leads; 0.3 in Pin Spacing"; VariantName = "[No Variations]"
Add component (AddParameter): Name = "PackageReference"; Value = "AXIAL-0.3"; VariantName = "[No Variations]"
Add component (AddParameter): Name = "Published"; Value = "8-Jun-2000"; VariantName = "[No Variations]"
Add component (AddParameter): Name = "Publisher"; Value = "Altium Limited"; VariantName = "[No Variations]"
Add component (AddParameter): Name = "Value"; Value = "1k"; VariantName = "[No Variations]"
Added Component: Designator=R2_Thermocouple3(0402-A)
Add component (AddParameter): Name = "LatestRevisionDate"; Value = "17-Jul-2002"; VariantName = "[No Variations]"
Add component (AddParameter): Name = "LatestRevisionNote"; Value = "Re-released for DXP Platform."; VariantName = "[No Variations]"
Add component (AddParameter): Name = "PackageDescription"; Value = "Axial Device, Thru-Hole; 2 Leads; 0.3 in Pin Spacing"; VariantName = "[No Variations]"
Add component (AddParameter): Name = "PackageReference"; Value = "AXIAL-0.3"; VariantName = "[No Variations]"
Add component (AddParameter): Name = "Published"; Value = "8-Jun-2000"; VariantName = "[No Variations]"
Add component (AddParameter): Name = "Publisher"; Value = "Altium Limited"; VariantName = "[No Variations]"
Add component (AddParameter): Name = "Value"; Value = "1k"; VariantName = "[No Variations]"
Added Component: Designator=R2_Thermocouple4(0402-A)
Add component (AddParameter): Name = "LatestRevisionDate"; Value = "17-Jul-2002"; VariantName = "[No Variations]"
Add component (AddParameter): Name = "LatestRevisionNote"; Value = "Re-released for DXP Platform."; VariantName = "[No Variations]"
Add component (AddParameter): Name = "PackageDescription"; Value = "Axial Device, Thru-Hole; 2 Leads; 0.3 in Pin Spacing"; VariantName = "[No Variations]"
Add component (AddParameter): Name = "PackageReference"; Value = "AXIAL-0.3"; VariantName = "[No Variations]"
Add component (AddParameter): Name = "Published"; Value = "8-Jun-2000"; VariantName = "[No Variations]"
Add component (AddParameter): Name = "Publisher"; Value = "Altium Limited"; VariantName = "[No Variations]"
Add component (AddParameter): Name = "Value"; Value = "1k"; VariantName = "[No Variations]"
Added Component: Designator=R6_Thermocouple1(0402-A)
Add component (AddParameter): Name = "LatestRevisionDate"; Value = "17-Jul-2002"; VariantName = "[No Variations]"
Add component (AddParameter): Name = "LatestRevisionNote"; Value = "Re-released for DXP Platform."; VariantName = "[No Variations]"
Add component (AddParameter): Name = "PackageDescription"; Value = "Axial Device, Thru-Hole; 2 Leads; 0.3 in Pin Spacing"; VariantName = "[No Variations]"
Add component (AddParameter): Name = "PackageReference"; Value = "AXIAL-0.3"; VariantName = "[No Variations]"
Add component (AddParameter): Name = "Published"; Value = "8-Jun-2000"; VariantName = "[No Variations]"
Add component (AddParameter): Name = "Publisher"; Value = "Altium Limited"; VariantName = "[No Variations]"
Add component (AddParameter): Name = "Value"; Value = "1M"; VariantName = "[No Variations]"
Added Component: Designator=R6_Thermocouple2(0402-A)
Add component (AddParameter): Name = "LatestRevisionDate"; Value = "17-Jul-2002"; VariantName = "[No Variations]"
Add component (AddParameter): Name = "LatestRevisionNote"; Value = "Re-released for DXP Platform."; VariantName = "[No Variations]"
Add component (AddParameter): Name = "PackageDescription"; Value = "Axial Device, Thru-Hole; 2 Leads; 0.3 in Pin Spacing"; VariantName = "[No Variations]"
Add component (AddParameter): Name = "PackageReference"; Value = "AXIAL-0.3"; VariantName = "[No Variations]"
Add component (AddParameter): Name = "Published"; Value = "8-Jun-2000"; VariantName = "[No Variations]"
Add component (AddParameter): Name = "Publisher"; Value = "Altium Limited"; VariantName = "[No Variations]"
Add component (AddParameter): Name = "Value"; Value = "1M"; VariantName = "[No Variations]"
Added Component: Designator=R6_Thermocouple3(0402-A)
Add component (AddParameter): Name = "LatestRevisionDate"; Value = "17-Jul-2002"; VariantName = "[No Variations]"
Add component (AddParameter): Name = "LatestRevisionNote"; Value = "Re-released for DXP Platform."; VariantName = "[No Variations]"
Add component (AddParameter): Name = "PackageDescription"; Value = "Axial Device, Thru-Hole; 2 Leads; 0.3 in Pin Spacing"; VariantName = "[No Variations]"
Add component (AddParameter): Name = "PackageReference"; Value = "AXIAL-0.3"; VariantName = "[No Variations]"
Add component (AddParameter): Name = "Published"; Value = "8-Jun-2000"; VariantName = "[No Variations]"
Add component (AddParameter): Name = "Publisher"; Value = "Altium Limited"; VariantName = "[No Variations]"
Add component (AddParameter): Name = "Value"; Value = "1M"; VariantName = "[No Variations]"
Added Component: Designator=R6_Thermocouple4(0402-A)
Add component (AddParameter): Name = "LatestRevisionDate"; Value = "17-Jul-2002"; VariantName = "[No Variations]"
Add component (AddParameter): Name = "LatestRevisionNote"; Value = "Re-released for DXP Platform."; VariantName = "[No Variations]"
Add component (AddParameter): Name = "PackageDescription"; Value = "Axial Device, Thru-Hole; 2 Leads; 0.3 in Pin Spacing"; VariantName = "[No Variations]"
Add component (AddParameter): Name = "PackageReference"; Value = "AXIAL-0.3"; VariantName = "[No Variations]"
Add component (AddParameter): Name = "Published"; Value = "8-Jun-2000"; VariantName = "[No Variations]"
Add component (AddParameter): Name = "Publisher"; Value = "Altium Limited"; VariantName = "[No Variations]"
Add component (AddParameter): Name = "Value"; Value = "1M"; VariantName = "[No Variations]"
Added Component: Designator=U3_Photo-Diode Board1(DBV0005A_M)
Add component (AddParameter): Name = "Channel"; Value = ""; VariantName = "[No Variations]"
Add component (AddParameter): Name = "CMRR(Min)(dB)"; Value = "76"; VariantName = "[No Variations]"
Add component (AddParameter): Name = "Code_JEDEC"; Value = "MO-178"; VariantName = "[No Variations]"
Add component (AddParameter): Name = "ComponentLink1Description"; Value = "Manufacturer URL"; VariantName = "[No Variations]"
Add component (AddParameter): Name = "ComponentLink1URL"; Value = "http://www.ti.com/"; VariantName = "[No Variations]"
Add component (AddParameter): Name = "ComponentLink2Description"; Value = "Datasheet"; VariantName = "[No Variations]"
Add component (AddParameter): Name = "ComponentLink2URL"; Value = "http://www.ti.com/general/docs/lit/getliterature.tsp?genericPartNumber=OPA336&fileType=pdf"; VariantName = "[No Variations]"
Add component (AddParameter): Name = "ComponentLink3Description"; Value = "Package Specification"; VariantName = "[No Variations]"
Add component (AddParameter): Name = "ComponentLink3URL"; Value = "http://www.ti.com/litv/pdf/mpds018i"; VariantName = "[No Variations]"
Add component (AddParameter): Name = "DatasheetVersion"; Value = "SBOS068C"; VariantName = "[No Variations]"
Add component (AddParameter): Name = "Eco-Plan"; Value = "Green (RoHS & no Sb/Br)"; VariantName = "[No Variations]"
Add component (AddParameter): Name = "Gain Bandwidth"; Value = ""; VariantName = "[No Variations]"
Add component (AddParameter): Name = "GBW(Typ)(MHz)"; Value = ""; VariantName = "[No Variations]"
Add component (AddParameter): Name = "IIB(Max)(pA)"; Value = "10"; VariantName = "[No Variations]"
Add component (AddParameter): Name = "Iq per channel(Max)(mA)"; Value = "0.032"; VariantName = "[No Variations]"
Add component (AddParameter): Name = "Manufacturer"; Value = "Texas Instruments"; VariantName = "[No Variations]"
Add component (AddParameter): Name = "Mounting Technology"; Value = "Surface Mount"; VariantName = "[No Variations]"
Add component (AddParameter): Name = "Number of Channels"; Value = "1"; VariantName = "[No Variations]"
Add component (AddParameter): Name = "Offset Drift(Typ)(uV/C)"; Value = "1.5"; VariantName = "[No Variations]"
Add component (AddParameter): Name = "PackageDescription"; Value = "5-Pin Plastic Small Outline, Body 1.6 x 2.9 mm, Pitch 0.95 mm"; VariantName = "[No Variations]"
Add component (AddParameter): Name = "PackageReference"; Value = "DBV0005A"; VariantName = "[No Variations]"
Add component (AddParameter): Name = "PackageVersion"; Value = "4073253-4/K, 03/2006"; VariantName = "[No Variations]"
Add component (AddParameter): Name = "Packing"; Value = ""; VariantName = "[No Variations]"
Add component (AddParameter): Name = "PartNumber"; Value = "OPA336NA/250"; VariantName = "[No Variations]"
Add component (AddParameter): Name = "Rating"; Value = ""; VariantName = "[No Variations]"
Add component (AddParameter): Name = "RevisionNote"; Value = ""; VariantName = "[No Variations]"
Add component (AddParameter): Name = "RoHS"; Value = ""; VariantName = "[No Variations]"
Add component (AddParameter): Name = "Slew Rate"; Value = ""; VariantName = "[No Variations]"
Add component (AddParameter): Name = "Slew Rate(Typ)(V/us)"; Value = "0.03"; VariantName = "[No Variations]"
Add component (AddParameter): Name = "Sub Family"; Value = "Low Input Bias Current Amp (<=10pA), Low Offset Voltage Amplifier (<=500uV), Low Power Amp (<=500uA), Low Supply Voltage Amplifier (<=2.7V), Precision Amplifier"; VariantName = "[No Variations]"
Add component (AddParameter): Name = "SubFamily"; Value = ""; VariantName = "[No Variations]"
Add component (AddParameter): Name = "Supply Voltage Max"; Value = ""; VariantName = "[No Variations]"
Add component (AddParameter): Name = "Supply Voltage Min"; Value = ""; VariantName = "[No Variations]"
Add component (AddParameter): Name = "Temperature Max"; Value = ""; VariantName = "[No Variations]"
Add component (AddParameter): Name = "Temperature Min"; Value = ""; VariantName = "[No Variations]"
Add component (AddParameter): Name = "Total Supply Voltage(Max)(+5V is 5, +/-5V is 10)"; Value = "5.5"; VariantName = "[No Variations]"
Add component (AddParameter): Name = "Total Supply Voltage(Min)(+5V is 5, +/-5V is 10)"; Value = "2.3"; VariantName = "[No Variations]"
Add component (AddParameter): Name = "Vio (25C)(Max)(mV)"; Value = "0.5"; VariantName = "[No Variations]"
Add component (AddParameter): Name = "Vmax(V)"; Value = ""; VariantName = "[No Variations]"
Add component (AddParameter): Name = "Vmin(V)"; Value = ""; VariantName = "[No Variations]"
Add component (AddParameter): Name = "Vn at 1kHz(Typ)(nV/rtHz)"; Value = "40"; VariantName = "[No Variations]"
Added Component: Designator=U3_Photo-Diode Board2(DBV0005A_M)
Add component (AddParameter): Name = "Channel"; Value = ""; VariantName = "[No Variations]"
Add component (AddParameter): Name = "CMRR(Min)(dB)"; Value = "76"; VariantName = "[No Variations]"
Add component (AddParameter): Name = "Code_JEDEC"; Value = "MO-178"; VariantName = "[No Variations]"
Add component (AddParameter): Name = "ComponentLink1Description"; Value = "Manufacturer URL"; VariantName = "[No Variations]"
Add component (AddParameter): Name = "ComponentLink1URL"; Value = "http://www.ti.com/"; VariantName = "[No Variations]"
Add component (AddParameter): Name = "ComponentLink2Description"; Value = "Datasheet"; VariantName = "[No Variations]"
Add component (AddParameter): Name = "ComponentLink2URL"; Value = "http://www.ti.com/general/docs/lit/getliterature.tsp?genericPartNumber=OPA336&fileType=pdf"; VariantName = "[No Variations]"
Add component (AddParameter): Name = "ComponentLink3Description"; Value = "Package Specification"; VariantName = "[No Variations]"
Add component (AddParameter): Name = "ComponentLink3URL"; Value = "http://www.ti.com/litv/pdf/mpds018i"; VariantName = "[No Variations]"
Add component (AddParameter): Name = "DatasheetVersion"; Value = "SBOS068C"; VariantName = "[No Variations]"
Add component (AddParameter): Name = "Eco-Plan"; Value = "Green (RoHS & no Sb/Br)"; VariantName = "[No Variations]"
Add component (AddParameter): Name = "Gain Bandwidth"; Value = ""; VariantName = "[No Variations]"
Add component (AddParameter): Name = "GBW(Typ)(MHz)"; Value = ""; VariantName = "[No Variations]"
Add component (AddParameter): Name = "IIB(Max)(pA)"; Value = "10"; VariantName = "[No Variations]"
Add component (AddParameter): Name = "Iq per channel(Max)(mA)"; Value = "0.032"; VariantName = "[No Variations]"
Add component (AddParameter): Name = "Manufacturer"; Value = "Texas Instruments"; VariantName = "[No Variations]"
Add component (AddParameter): Name = "Mounting Technology"; Value = "Surface Mount"; VariantName = "[No Variations]"
Add component (AddParameter): Name = "Number of Channels"; Value = "1"; VariantName = "[No Variations]"
Add component (AddParameter): Name = "Offset Drift(Typ)(uV/C)"; Value = "1.5"; VariantName = "[No Variations]"
Add component (AddParameter): Name = "PackageDescription"; Value = "5-Pin Plastic Small Outline, Body 1.6 x 2.9 mm, Pitch 0.95 mm"; VariantName = "[No Variations]"
Add component (AddParameter): Name = "PackageReference"; Value = "DBV0005A"; VariantName = "[No Variations]"
Add component (AddParameter): Name = "PackageVersion"; Value = "4073253-4/K, 03/2006"; VariantName = "[No Variations]"
Add component (AddParameter): Name = "Packing"; Value = ""; VariantName = "[No Variations]"
Add component (AddParameter): Name = "PartNumber"; Value = "OPA336NA/250"; VariantName = "[No Variations]"
Add component (AddParameter): Name = "Rating"; Value = ""; VariantName = "[No Variations]"
Add component (AddParameter): Name = "RevisionNote"; Value = ""; VariantName = "[No Variations]"
Add component (AddParameter): Name = "RoHS"; Value = ""; VariantName = "[No Variations]"
Add component (AddParameter): Name = "Slew Rate"; Value = ""; VariantName = "[No Variations]"
Add component (AddParameter): Name = "Slew Rate(Typ)(V/us)"; Value = "0.03"; VariantName = "[No Variations]"
Add component (AddParameter): Name = "Sub Family"; Value = "Low Input Bias Current Amp (<=10pA), Low Offset Voltage Amplifier (<=500uV), Low Power Amp (<=500uA), Low Supply Voltage Amplifier (<=2.7V), Precision Amplifier"; VariantName = "[No Variations]"
Add component (AddParameter): Name = "SubFamily"; Value = ""; VariantName = "[No Variations]"
Add component (AddParameter): Name = "Supply Voltage Max"; Value = ""; VariantName = "[No Variations]"
Add component (AddParameter): Name = "Supply Voltage Min"; Value = ""; VariantName = "[No Variations]"
Add component (AddParameter): Name = "Temperature Max"; Value = ""; VariantName = "[No Variations]"
Add component (AddParameter): Name = "Temperature Min"; Value = ""; VariantName = "[No Variations]"
Add component (AddParameter): Name = "Total Supply Voltage(Max)(+5V is 5, +/-5V is 10)"; Value = "5.5"; VariantName = "[No Variations]"
Add component (AddParameter): Name = "Total Supply Voltage(Min)(+5V is 5, +/-5V is 10)"; Value = "2.3"; VariantName = "[No Variations]"
Add component (AddParameter): Name = "Vio (25C)(Max)(mV)"; Value = "0.5"; VariantName = "[No Variations]"
Add component (AddParameter): Name = "Vmax(V)"; Value = ""; VariantName = "[No Variations]"
Add component (AddParameter): Name = "Vmin(V)"; Value = ""; VariantName = "[No Variations]"
Add component (AddParameter): Name = "Vn at 1kHz(Typ)(nV/rtHz)"; Value = "40"; VariantName = "[No Variations]"
Added Component: Designator=U4_Thermocouple1(DBV0005A_M)
Add component (AddParameter): Name = "Channel"; Value = ""; VariantName = "[No Variations]"
Add component (AddParameter): Name = "CMRR(Min)(dB)"; Value = "76"; VariantName = "[No Variations]"
Add component (AddParameter): Name = "Code_JEDEC"; Value = "MO-178"; VariantName = "[No Variations]"
Add component (AddParameter): Name = "ComponentLink1Description"; Value = "Manufacturer URL"; VariantName = "[No Variations]"
Add component (AddParameter): Name = "ComponentLink1URL"; Value = "http://www.ti.com/"; VariantName = "[No Variations]"
Add component (AddParameter): Name = "ComponentLink2Description"; Value = "Datasheet"; VariantName = "[No Variations]"
Add component (AddParameter): Name = "ComponentLink2URL"; Value = "http://www.ti.com/general/docs/lit/getliterature.tsp?genericPartNumber=OPA336&fileType=pdf"; VariantName = "[No Variations]"
Add component (AddParameter): Name = "ComponentLink3Description"; Value = "Package Specification"; VariantName = "[No Variations]"
Add component (AddParameter): Name = "ComponentLink3URL"; Value = "http://www.ti.com/litv/pdf/mpds018i"; VariantName = "[No Variations]"
Add component (AddParameter): Name = "DatasheetVersion"; Value = "SBOS068C"; VariantName = "[No Variations]"
Add component (AddParameter): Name = "Eco-Plan"; Value = "Green (RoHS & no Sb/Br)"; VariantName = "[No Variations]"
Add component (AddParameter): Name = "Gain Bandwidth"; Value = ""; VariantName = "[No Variations]"
Add component (AddParameter): Name = "GBW(Typ)(MHz)"; Value = ""; VariantName = "[No Variations]"
Add component (AddParameter): Name = "IIB(Max)(pA)"; Value = "10"; VariantName = "[No Variations]"
Add component (AddParameter): Name = "Iq per channel(Max)(mA)"; Value = "0.032"; VariantName = "[No Variations]"
Add component (AddParameter): Name = "Manufacturer"; Value = "Texas Instruments"; VariantName = "[No Variations]"
Add component (AddParameter): Name = "Mounting Technology"; Value = "Surface Mount"; VariantName = "[No Variations]"
Add component (AddParameter): Name = "Number of Channels"; Value = "1"; VariantName = "[No Variations]"
Add component (AddParameter): Name = "Offset Drift(Typ)(uV/C)"; Value = "1.5"; VariantName = "[No Variations]"
Add component (AddParameter): Name = "PackageDescription"; Value = "5-Pin Plastic Small Outline, Body 1.6 x 2.9 mm, Pitch 0.95 mm"; VariantName = "[No Variations]"
Add component (AddParameter): Name = "PackageReference"; Value = "DBV0005A"; VariantName = "[No Variations]"
Add component (AddParameter): Name = "PackageVersion"; Value = "4073253-4/K, 03/2006"; VariantName = "[No Variations]"
Add component (AddParameter): Name = "Packing"; Value = ""; VariantName = "[No Variations]"
Add component (AddParameter): Name = "PartNumber"; Value = "OPA336NA/250"; VariantName = "[No Variations]"
Add component (AddParameter): Name = "Rating"; Value = ""; VariantName = "[No Variations]"
Add component (AddParameter): Name = "RevisionNote"; Value = ""; VariantName = "[No Variations]"
Add component (AddParameter): Name = "RoHS"; Value = ""; VariantName = "[No Variations]"
Add component (AddParameter): Name = "Slew Rate"; Value = ""; VariantName = "[No Variations]"
Add component (AddParameter): Name = "Slew Rate(Typ)(V/us)"; Value = "0.03"; VariantName = "[No Variations]"
Add component (AddParameter): Name = "Sub Family"; Value = "Low Input Bias Current Amp (<=10pA), Low Offset Voltage Amplifier (<=500uV), Low Power Amp (<=500uA), Low Supply Voltage Amplifier (<=2.7V), Precision Amplifier"; VariantName = "[No Variations]"
Add component (AddParameter): Name = "SubFamily"; Value = ""; VariantName = "[No Variations]"
Add component (AddParameter): Name = "Supply Voltage Max"; Value = ""; VariantName = "[No Variations]"
Add component (AddParameter): Name = "Supply Voltage Min"; Value = ""; VariantName = "[No Variations]"
Add component (AddParameter): Name = "Temperature Max"; Value = ""; VariantName = "[No Variations]"
Add component (AddParameter): Name = "Temperature Min"; Value = ""; VariantName = "[No Variations]"
Add component (AddParameter): Name = "Total Supply Voltage(Max)(+5V is 5, +/-5V is 10)"; Value = "5.5"; VariantName = "[No Variations]"
Add component (AddParameter): Name = "Total Supply Voltage(Min)(+5V is 5, +/-5V is 10)"; Value = "2.3"; VariantName = "[No Variations]"
Add component (AddParameter): Name = "Vio (25C)(Max)(mV)"; Value = "0.5"; VariantName = "[No Variations]"
Add component (AddParameter): Name = "Vmax(V)"; Value = ""; VariantName = "[No Variations]"
Add component (AddParameter): Name = "Vmin(V)"; Value = ""; VariantName = "[No Variations]"
Add component (AddParameter): Name = "Vn at 1kHz(Typ)(nV/rtHz)"; Value = "40"; VariantName = "[No Variations]"
Added Component: Designator=U4_Thermocouple2(DBV0005A_M)
Add component (AddParameter): Name = "Channel"; Value = ""; VariantName = "[No Variations]"
Add component (AddParameter): Name = "CMRR(Min)(dB)"; Value = "76"; VariantName = "[No Variations]"
Add component (AddParameter): Name = "Code_JEDEC"; Value = "MO-178"; VariantName = "[No Variations]"
Add component (AddParameter): Name = "ComponentLink1Description"; Value = "Manufacturer URL"; VariantName = "[No Variations]"
Add component (AddParameter): Name = "ComponentLink1URL"; Value = "http://www.ti.com/"; VariantName = "[No Variations]"
Add component (AddParameter): Name = "ComponentLink2Description"; Value = "Datasheet"; VariantName = "[No Variations]"
Add component (AddParameter): Name = "ComponentLink2URL"; Value = "http://www.ti.com/general/docs/lit/getliterature.tsp?genericPartNumber=OPA336&fileType=pdf"; VariantName = "[No Variations]"
Add component (AddParameter): Name = "ComponentLink3Description"; Value = "Package Specification"; VariantName = "[No Variations]"
Add component (AddParameter): Name = "ComponentLink3URL"; Value = "http://www.ti.com/litv/pdf/mpds018i"; VariantName = "[No Variations]"
Add component (AddParameter): Name = "DatasheetVersion"; Value = "SBOS068C"; VariantName = "[No Variations]"
Add component (AddParameter): Name = "Eco-Plan"; Value = "Green (RoHS & no Sb/Br)"; VariantName = "[No Variations]"
Add component (AddParameter): Name = "Gain Bandwidth"; Value = ""; VariantName = "[No Variations]"
Add component (AddParameter): Name = "GBW(Typ)(MHz)"; Value = ""; VariantName = "[No Variations]"
Add component (AddParameter): Name = "IIB(Max)(pA)"; Value = "10"; VariantName = "[No Variations]"
Add component (AddParameter): Name = "Iq per channel(Max)(mA)"; Value = "0.032"; VariantName = "[No Variations]"
Add component (AddParameter): Name = "Manufacturer"; Value = "Texas Instruments"; VariantName = "[No Variations]"
Add component (AddParameter): Name = "Mounting Technology"; Value = "Surface Mount"; VariantName = "[No Variations]"
Add component (AddParameter): Name = "Number of Channels"; Value = "1"; VariantName = "[No Variations]"
Add component (AddParameter): Name = "Offset Drift(Typ)(uV/C)"; Value = "1.5"; VariantName = "[No Variations]"
Add component (AddParameter): Name = "PackageDescription"; Value = "5-Pin Plastic Small Outline, Body 1.6 x 2.9 mm, Pitch 0.95 mm"; VariantName = "[No Variations]"
Add component (AddParameter): Name = "PackageReference"; Value = "DBV0005A"; VariantName = "[No Variations]"
Add component (AddParameter): Name = "PackageVersion"; Value = "4073253-4/K, 03/2006"; VariantName = "[No Variations]"
Add component (AddParameter): Name = "Packing"; Value = ""; VariantName = "[No Variations]"
Add component (AddParameter): Name = "PartNumber"; Value = "OPA336NA/250"; VariantName = "[No Variations]"
Add component (AddParameter): Name = "Rating"; Value = ""; VariantName = "[No Variations]"
Add component (AddParameter): Name = "RevisionNote"; Value = ""; VariantName = "[No Variations]"
Add component (AddParameter): Name = "RoHS"; Value = ""; VariantName = "[No Variations]"
Add component (AddParameter): Name = "Slew Rate"; Value = ""; VariantName = "[No Variations]"
Add component (AddParameter): Name = "Slew Rate(Typ)(V/us)"; Value = "0.03"; VariantName = "[No Variations]"
Add component (AddParameter): Name = "Sub Family"; Value = "Low Input Bias Current Amp (<=10pA), Low Offset Voltage Amplifier (<=500uV), Low Power Amp (<=500uA), Low Supply Voltage Amplifier (<=2.7V), Precision Amplifier"; VariantName = "[No Variations]"
Add component (AddParameter): Name = "SubFamily"; Value = ""; VariantName = "[No Variations]"
Add component (AddParameter): Name = "Supply Voltage Max"; Value = ""; VariantName = "[No Variations]"
Add component (AddParameter): Name = "Supply Voltage Min"; Value = ""; VariantName = "[No Variations]"
Add component (AddParameter): Name = "Temperature Max"; Value = ""; VariantName = "[No Variations]"
Add component (AddParameter): Name = "Temperature Min"; Value = ""; VariantName = "[No Variations]"
Add component (AddParameter): Name = "Total Supply Voltage(Max)(+5V is 5, +/-5V is 10)"; Value = "5.5"; VariantName = "[No Variations]"
Add component (AddParameter): Name = "Total Supply Voltage(Min)(+5V is 5, +/-5V is 10)"; Value = "2.3"; VariantName = "[No Variations]"
Add component (AddParameter): Name = "Vio (25C)(Max)(mV)"; Value = "0.5"; VariantName = "[No Variations]"
Add component (AddParameter): Name = "Vmax(V)"; Value = ""; VariantName = "[No Variations]"
Add component (AddParameter): Name = "Vmin(V)"; Value = ""; VariantName = "[No Variations]"
Add component (AddParameter): Name = "Vn at 1kHz(Typ)(nV/rtHz)"; Value = "40"; VariantName = "[No Variations]"
Added Component: Designator=U4_Thermocouple3(DBV0005A_M)
Add component (AddParameter): Name = "Channel"; Value = ""; VariantName = "[No Variations]"
Add component (AddParameter): Name = "CMRR(Min)(dB)"; Value = "76"; VariantName = "[No Variations]"
Add component (AddParameter): Name = "Code_JEDEC"; Value = "MO-178"; VariantName = "[No Variations]"
Add component (AddParameter): Name = "ComponentLink1Description"; Value = "Manufacturer URL"; VariantName = "[No Variations]"
Add component (AddParameter): Name = "ComponentLink1URL"; Value = "http://www.ti.com/"; VariantName = "[No Variations]"
Add component (AddParameter): Name = "ComponentLink2Description"; Value = "Datasheet"; VariantName = "[No Variations]"
Add component (AddParameter): Name = "ComponentLink2URL"; Value = "http://www.ti.com/general/docs/lit/getliterature.tsp?genericPartNumber=OPA336&fileType=pdf"; VariantName = "[No Variations]"
Add component (AddParameter): Name = "ComponentLink3Description"; Value = "Package Specification"; VariantName = "[No Variations]"
Add component (AddParameter): Name = "ComponentLink3URL"; Value = "http://www.ti.com/litv/pdf/mpds018i"; VariantName = "[No Variations]"
Add component (AddParameter): Name = "DatasheetVersion"; Value = "SBOS068C"; VariantName = "[No Variations]"
Add component (AddParameter): Name = "Eco-Plan"; Value = "Green (RoHS & no Sb/Br)"; VariantName = "[No Variations]"
Add component (AddParameter): Name = "Gain Bandwidth"; Value = ""; VariantName = "[No Variations]"
Add component (AddParameter): Name = "GBW(Typ)(MHz)"; Value = ""; VariantName = "[No Variations]"
Add component (AddParameter): Name = "IIB(Max)(pA)"; Value = "10"; VariantName = "[No Variations]"
Add component (AddParameter): Name = "Iq per channel(Max)(mA)"; Value = "0.032"; VariantName = "[No Variations]"
Add component (AddParameter): Name = "Manufacturer"; Value = "Texas Instruments"; VariantName = "[No Variations]"
Add component (AddParameter): Name = "Mounting Technology"; Value = "Surface Mount"; VariantName = "[No Variations]"
Add component (AddParameter): Name = "Number of Channels"; Value = "1"; VariantName = "[No Variations]"
Add component (AddParameter): Name = "Offset Drift(Typ)(uV/C)"; Value = "1.5"; VariantName = "[No Variations]"
Add component (AddParameter): Name = "PackageDescription"; Value = "5-Pin Plastic Small Outline, Body 1.6 x 2.9 mm, Pitch 0.95 mm"; VariantName = "[No Variations]"
Add component (AddParameter): Name = "PackageReference"; Value = "DBV0005A"; VariantName = "[No Variations]"
Add component (AddParameter): Name = "PackageVersion"; Value = "4073253-4/K, 03/2006"; VariantName = "[No Variations]"
Add component (AddParameter): Name = "Packing"; Value = ""; VariantName = "[No Variations]"
Add component (AddParameter): Name = "PartNumber"; Value = "OPA336NA/250"; VariantName = "[No Variations]"
Add component (AddParameter): Name = "Rating"; Value = ""; VariantName = "[No Variations]"
Add component (AddParameter): Name = "RevisionNote"; Value = ""; VariantName = "[No Variations]"
Add component (AddParameter): Name = "RoHS"; Value = ""; VariantName = "[No Variations]"
Add component (AddParameter): Name = "Slew Rate"; Value = ""; VariantName = "[No Variations]"
Add component (AddParameter): Name = "Slew Rate(Typ)(V/us)"; Value = "0.03"; VariantName = "[No Variations]"
Add component (AddParameter): Name = "Sub Family"; Value = "Low Input Bias Current Amp (<=10pA), Low Offset Voltage Amplifier (<=500uV), Low Power Amp (<=500uA), Low Supply Voltage Amplifier (<=2.7V), Precision Amplifier"; VariantName = "[No Variations]"
Add component (AddParameter): Name = "SubFamily"; Value = ""; VariantName = "[No Variations]"
Add component (AddParameter): Name = "Supply Voltage Max"; Value = ""; VariantName = "[No Variations]"
Add component (AddParameter): Name = "Supply Voltage Min"; Value = ""; VariantName = "[No Variations]"
Add component (AddParameter): Name = "Temperature Max"; Value = ""; VariantName = "[No Variations]"
Add component (AddParameter): Name = "Temperature Min"; Value = ""; VariantName = "[No Variations]"
Add component (AddParameter): Name = "Total Supply Voltage(Max)(+5V is 5, +/-5V is 10)"; Value = "5.5"; VariantName = "[No Variations]"
Add component (AddParameter): Name = "Total Supply Voltage(Min)(+5V is 5, +/-5V is 10)"; Value = "2.3"; VariantName = "[No Variations]"
Add component (AddParameter): Name = "Vio (25C)(Max)(mV)"; Value = "0.5"; VariantName = "[No Variations]"
Add component (AddParameter): Name = "Vmax(V)"; Value = ""; VariantName = "[No Variations]"
Add component (AddParameter): Name = "Vmin(V)"; Value = ""; VariantName = "[No Variations]"
Add component (AddParameter): Name = "Vn at 1kHz(Typ)(nV/rtHz)"; Value = "40"; VariantName = "[No Variations]"
Added Component: Designator=U4_Thermocouple4(DBV0005A_M)
Add component (AddParameter): Name = "Channel"; Value = ""; VariantName = "[No Variations]"
Add component (AddParameter): Name = "CMRR(Min)(dB)"; Value = "76"; VariantName = "[No Variations]"
Add component (AddParameter): Name = "Code_JEDEC"; Value = "MO-178"; VariantName = "[No Variations]"
Add component (AddParameter): Name = "ComponentLink1Description"; Value = "Manufacturer URL"; VariantName = "[No Variations]"
Add component (AddParameter): Name = "ComponentLink1URL"; Value = "http://www.ti.com/"; VariantName = "[No Variations]"
Add component (AddParameter): Name = "ComponentLink2Description"; Value = "Datasheet"; VariantName = "[No Variations]"
Add component (AddParameter): Name = "ComponentLink2URL"; Value = "http://www.ti.com/general/docs/lit/getliterature.tsp?genericPartNumber=OPA336&fileType=pdf"; VariantName = "[No Variations]"
Add component (AddParameter): Name = "ComponentLink3Description"; Value = "Package Specification"; VariantName = "[No Variations]"
Add component (AddParameter): Name = "ComponentLink3URL"; Value = "http://www.ti.com/litv/pdf/mpds018i"; VariantName = "[No Variations]"
Add component (AddParameter): Name = "DatasheetVersion"; Value = "SBOS068C"; VariantName = "[No Variations]"
Add component (AddParameter): Name = "Eco-Plan"; Value = "Green (RoHS & no Sb/Br)"; VariantName = "[No Variations]"
Add component (AddParameter): Name = "Gain Bandwidth"; Value = ""; VariantName = "[No Variations]"
Add component (AddParameter): Name = "GBW(Typ)(MHz)"; Value = ""; VariantName = "[No Variations]"
Add component (AddParameter): Name = "IIB(Max)(pA)"; Value = "10"; VariantName = "[No Variations]"
Add component (AddParameter): Name = "Iq per channel(Max)(mA)"; Value = "0.032"; VariantName = "[No Variations]"
Add component (AddParameter): Name = "Manufacturer"; Value = "Texas Instruments"; VariantName = "[No Variations]"
Add component (AddParameter): Name = "Mounting Technology"; Value = "Surface Mount"; VariantName = "[No Variations]"
Add component (AddParameter): Name = "Number of Channels"; Value = "1"; VariantName = "[No Variations]"
Add component (AddParameter): Name = "Offset Drift(Typ)(uV/C)"; Value = "1.5"; VariantName = "[No Variations]"
Add component (AddParameter): Name = "PackageDescription"; Value = "5-Pin Plastic Small Outline, Body 1.6 x 2.9 mm, Pitch 0.95 mm"; VariantName = "[No Variations]"
Add component (AddParameter): Name = "PackageReference"; Value = "DBV0005A"; VariantName = "[No Variations]"
Add component (AddParameter): Name = "PackageVersion"; Value = "4073253-4/K, 03/2006"; VariantName = "[No Variations]"
Add component (AddParameter): Name = "Packing"; Value = ""; VariantName = "[No Variations]"
Add component (AddParameter): Name = "PartNumber"; Value = "OPA336NA/250"; VariantName = "[No Variations]"
Add component (AddParameter): Name = "Rating"; Value = ""; VariantName = "[No Variations]"
Add component (AddParameter): Name = "RevisionNote"; Value = ""; VariantName = "[No Variations]"
Add component (AddParameter): Name = "RoHS"; Value = ""; VariantName = "[No Variations]"
Add component (AddParameter): Name = "Slew Rate"; Value = ""; VariantName = "[No Variations]"
Add component (AddParameter): Name = "Slew Rate(Typ)(V/us)"; Value = "0.03"; VariantName = "[No Variations]"
Add component (AddParameter): Name = "Sub Family"; Value = "Low Input Bias Current Amp (<=10pA), Low Offset Voltage Amplifier (<=500uV), Low Power Amp (<=500uA), Low Supply Voltage Amplifier (<=2.7V), Precision Amplifier"; VariantName = "[No Variations]"
Add component (AddParameter): Name = "SubFamily"; Value = ""; VariantName = "[No Variations]"
Add component (AddParameter): Name = "Supply Voltage Max"; Value = ""; VariantName = "[No Variations]"
Add component (AddParameter): Name = "Supply Voltage Min"; Value = ""; VariantName = "[No Variations]"
Add component (AddParameter): Name = "Temperature Max"; Value = ""; VariantName = "[No Variations]"
Add component (AddParameter): Name = "Temperature Min"; Value = ""; VariantName = "[No Variations]"
Add component (AddParameter): Name = "Total Supply Voltage(Max)(+5V is 5, +/-5V is 10)"; Value = "5.5"; VariantName = "[No Variations]"
Add component (AddParameter): Name = "Total Supply Voltage(Min)(+5V is 5, +/-5V is 10)"; Value = "2.3"; VariantName = "[No Variations]"
Add component (AddParameter): Name = "Vio (25C)(Max)(mV)"; Value = "0.5"; VariantName = "[No Variations]"
Add component (AddParameter): Name = "Vmax(V)"; Value = ""; VariantName = "[No Variations]"
Add component (AddParameter): Name = "Vmin(V)"; Value = ""; VariantName = "[No Variations]"
Add component (AddParameter): Name = "Vn at 1kHz(Typ)(nV/rtHz)"; Value = "40"; VariantName = "[No Variations]"
Added Component: Designator=U9_Thermocouple1(DBV0005A_M)
Add component (AddParameter): Name = "Channel"; Value = ""; VariantName = "[No Variations]"
Add component (AddParameter): Name = "CMRR(Min)(dB)"; Value = "76"; VariantName = "[No Variations]"
Add component (AddParameter): Name = "Code_JEDEC"; Value = "MO-178"; VariantName = "[No Variations]"
Add component (AddParameter): Name = "ComponentLink1Description"; Value = "Manufacturer URL"; VariantName = "[No Variations]"
Add component (AddParameter): Name = "ComponentLink1URL"; Value = "http://www.ti.com/"; VariantName = "[No Variations]"
Add component (AddParameter): Name = "ComponentLink2Description"; Value = "Datasheet"; VariantName = "[No Variations]"
Add component (AddParameter): Name = "ComponentLink2URL"; Value = "http://www.ti.com/general/docs/lit/getliterature.tsp?genericPartNumber=OPA336&fileType=pdf"; VariantName = "[No Variations]"
Add component (AddParameter): Name = "ComponentLink3Description"; Value = "Package Specification"; VariantName = "[No Variations]"
Add component (AddParameter): Name = "ComponentLink3URL"; Value = "http://www.ti.com/litv/pdf/mpds018i"; VariantName = "[No Variations]"
Add component (AddParameter): Name = "DatasheetVersion"; Value = "SBOS068C"; VariantName = "[No Variations]"
Add component (AddParameter): Name = "Eco-Plan"; Value = "Green (RoHS & no Sb/Br)"; VariantName = "[No Variations]"
Add component (AddParameter): Name = "Gain Bandwidth"; Value = ""; VariantName = "[No Variations]"
Add component (AddParameter): Name = "GBW(Typ)(MHz)"; Value = ""; VariantName = "[No Variations]"
Add component (AddParameter): Name = "IIB(Max)(pA)"; Value = "10"; VariantName = "[No Variations]"
Add component (AddParameter): Name = "Iq per channel(Max)(mA)"; Value = "0.032"; VariantName = "[No Variations]"
Add component (AddParameter): Name = "Manufacturer"; Value = "Texas Instruments"; VariantName = "[No Variations]"
Add component (AddParameter): Name = "Mounting Technology"; Value = "Surface Mount"; VariantName = "[No Variations]"
Add component (AddParameter): Name = "Number of Channels"; Value = "1"; VariantName = "[No Variations]"
Add component (AddParameter): Name = "Offset Drift(Typ)(uV/C)"; Value = "1.5"; VariantName = "[No Variations]"
Add component (AddParameter): Name = "PackageDescription"; Value = "5-Pin Plastic Small Outline, Body 1.6 x 2.9 mm, Pitch 0.95 mm"; VariantName = "[No Variations]"
Add component (AddParameter): Name = "PackageReference"; Value = "DBV0005A"; VariantName = "[No Variations]"
Add component (AddParameter): Name = "PackageVersion"; Value = "4073253-4/K, 03/2006"; VariantName = "[No Variations]"
Add component (AddParameter): Name = "Packing"; Value = ""; VariantName = "[No Variations]"
Add component (AddParameter): Name = "PartNumber"; Value = "OPA336NA/250"; VariantName = "[No Variations]"
Add component (AddParameter): Name = "Rating"; Value = ""; VariantName = "[No Variations]"
Add component (AddParameter): Name = "RevisionNote"; Value = ""; VariantName = "[No Variations]"
Add component (AddParameter): Name = "RoHS"; Value = ""; VariantName = "[No Variations]"
Add component (AddParameter): Name = "Slew Rate"; Value = ""; VariantName = "[No Variations]"
Add component (AddParameter): Name = "Slew Rate(Typ)(V/us)"; Value = "0.03"; VariantName = "[No Variations]"
Add component (AddParameter): Name = "Sub Family"; Value = "Low Input Bias Current Amp (<=10pA), Low Offset Voltage Amplifier (<=500uV), Low Power Amp (<=500uA), Low Supply Voltage Amplifier (<=2.7V), Precision Amplifier"; VariantName = "[No Variations]"
Add component (AddParameter): Name = "SubFamily"; Value = ""; VariantName = "[No Variations]"
Add component (AddParameter): Name = "Supply Voltage Max"; Value = ""; VariantName = "[No Variations]"
Add component (AddParameter): Name = "Supply Voltage Min"; Value = ""; VariantName = "[No Variations]"
Add component (AddParameter): Name = "Temperature Max"; Value = ""; VariantName = "[No Variations]"
Add component (AddParameter): Name = "Temperature Min"; Value = ""; VariantName = "[No Variations]"
Add component (AddParameter): Name = "Total Supply Voltage(Max)(+5V is 5, +/-5V is 10)"; Value = "5.5"; VariantName = "[No Variations]"
Add component (AddParameter): Name = "Total Supply Voltage(Min)(+5V is 5, +/-5V is 10)"; Value = "2.3"; VariantName = "[No Variations]"
Add component (AddParameter): Name = "Vio (25C)(Max)(mV)"; Value = "0.5"; VariantName = "[No Variations]"
Add component (AddParameter): Name = "Vmax(V)"; Value = ""; VariantName = "[No Variations]"
Add component (AddParameter): Name = "Vmin(V)"; Value = ""; VariantName = "[No Variations]"
Add component (AddParameter): Name = "Vn at 1kHz(Typ)(nV/rtHz)"; Value = "40"; VariantName = "[No Variations]"
Added Component: Designator=U9_Thermocouple2(DBV0005A_M)
Add component (AddParameter): Name = "Channel"; Value = ""; VariantName = "[No Variations]"
Add component (AddParameter): Name = "CMRR(Min)(dB)"; Value = "76"; VariantName = "[No Variations]"
Add component (AddParameter): Name = "Code_JEDEC"; Value = "MO-178"; VariantName = "[No Variations]"
Add component (AddParameter): Name = "ComponentLink1Description"; Value = "Manufacturer URL"; VariantName = "[No Variations]"
Add component (AddParameter): Name = "ComponentLink1URL"; Value = "http://www.ti.com/"; VariantName = "[No Variations]"
Add component (AddParameter): Name = "ComponentLink2Description"; Value = "Datasheet"; VariantName = "[No Variations]"
Add component (AddParameter): Name = "ComponentLink2URL"; Value = "http://www.ti.com/general/docs/lit/getliterature.tsp?genericPartNumber=OPA336&fileType=pdf"; VariantName = "[No Variations]"
Add component (AddParameter): Name = "ComponentLink3Description"; Value = "Package Specification"; VariantName = "[No Variations]"
Add component (AddParameter): Name = "ComponentLink3URL"; Value = "http://www.ti.com/litv/pdf/mpds018i"; VariantName = "[No Variations]"
Add component (AddParameter): Name = "DatasheetVersion"; Value = "SBOS068C"; VariantName = "[No Variations]"
Add component (AddParameter): Name = "Eco-Plan"; Value = "Green (RoHS & no Sb/Br)"; VariantName = "[No Variations]"
Add component (AddParameter): Name = "Gain Bandwidth"; Value = ""; VariantName = "[No Variations]"
Add component (AddParameter): Name = "GBW(Typ)(MHz)"; Value = ""; VariantName = "[No Variations]"
Add component (AddParameter): Name = "IIB(Max)(pA)"; Value = "10"; VariantName = "[No Variations]"
Add component (AddParameter): Name = "Iq per channel(Max)(mA)"; Value = "0.032"; VariantName = "[No Variations]"
Add component (AddParameter): Name = "Manufacturer"; Value = "Texas Instruments"; VariantName = "[No Variations]"
Add component (AddParameter): Name = "Mounting Technology"; Value = "Surface Mount"; VariantName = "[No Variations]"
Add component (AddParameter): Name = "Number of Channels"; Value = "1"; VariantName = "[No Variations]"
Add component (AddParameter): Name = "Offset Drift(Typ)(uV/C)"; Value = "1.5"; VariantName = "[No Variations]"
Add component (AddParameter): Name = "PackageDescription"; Value = "5-Pin Plastic Small Outline, Body 1.6 x 2.9 mm, Pitch 0.95 mm"; VariantName = "[No Variations]"
Add component (AddParameter): Name = "PackageReference"; Value = "DBV0005A"; VariantName = "[No Variations]"
Add component (AddParameter): Name = "PackageVersion"; Value = "4073253-4/K, 03/2006"; VariantName = "[No Variations]"
Add component (AddParameter): Name = "Packing"; Value = ""; VariantName = "[No Variations]"
Add component (AddParameter): Name = "PartNumber"; Value = "OPA336NA/250"; VariantName = "[No Variations]"
Add component (AddParameter): Name = "Rating"; Value = ""; VariantName = "[No Variations]"
Add component (AddParameter): Name = "RevisionNote"; Value = ""; VariantName = "[No Variations]"
Add component (AddParameter): Name = "RoHS"; Value = ""; VariantName = "[No Variations]"
Add component (AddParameter): Name = "Slew Rate"; Value = ""; VariantName = "[No Variations]"
Add component (AddParameter): Name = "Slew Rate(Typ)(V/us)"; Value = "0.03"; VariantName = "[No Variations]"
Add component (AddParameter): Name = "Sub Family"; Value = "Low Input Bias Current Amp (<=10pA), Low Offset Voltage Amplifier (<=500uV), Low Power Amp (<=500uA), Low Supply Voltage Amplifier (<=2.7V), Precision Amplifier"; VariantName = "[No Variations]"
Add component (AddParameter): Name = "SubFamily"; Value = ""; VariantName = "[No Variations]"
Add component (AddParameter): Name = "Supply Voltage Max"; Value = ""; VariantName = "[No Variations]"
Add component (AddParameter): Name = "Supply Voltage Min"; Value = ""; VariantName = "[No Variations]"
Add component (AddParameter): Name = "Temperature Max"; Value = ""; VariantName = "[No Variations]"
Add component (AddParameter): Name = "Temperature Min"; Value = ""; VariantName = "[No Variations]"
Add component (AddParameter): Name = "Total Supply Voltage(Max)(+5V is 5, +/-5V is 10)"; Value = "5.5"; VariantName = "[No Variations]"
Add component (AddParameter): Name = "Total Supply Voltage(Min)(+5V is 5, +/-5V is 10)"; Value = "2.3"; VariantName = "[No Variations]"
Add component (AddParameter): Name = "Vio (25C)(Max)(mV)"; Value = "0.5"; VariantName = "[No Variations]"
Add component (AddParameter): Name = "Vmax(V)"; Value = ""; VariantName = "[No Variations]"
Add component (AddParameter): Name = "Vmin(V)"; Value = ""; VariantName = "[No Variations]"
Add component (AddParameter): Name = "Vn at 1kHz(Typ)(nV/rtHz)"; Value = "40"; VariantName = "[No Variations]"
Added Component: Designator=U9_Thermocouple3(DBV0005A_M)
Add component (AddParameter): Name = "Channel"; Value = ""; VariantName = "[No Variations]"
Add component (AddParameter): Name = "CMRR(Min)(dB)"; Value = "76"; VariantName = "[No Variations]"
Add component (AddParameter): Name = "Code_JEDEC"; Value = "MO-178"; VariantName = "[No Variations]"
Add component (AddParameter): Name = "ComponentLink1Description"; Value = "Manufacturer URL"; VariantName = "[No Variations]"
Add component (AddParameter): Name = "ComponentLink1URL"; Value = "http://www.ti.com/"; VariantName = "[No Variations]"
Add component (AddParameter): Name = "ComponentLink2Description"; Value = "Datasheet"; VariantName = "[No Variations]"
Add component (AddParameter): Name = "ComponentLink2URL"; Value = "http://www.ti.com/general/docs/lit/getliterature.tsp?genericPartNumber=OPA336&fileType=pdf"; VariantName = "[No Variations]"
Add component (AddParameter): Name = "ComponentLink3Description"; Value = "Package Specification"; VariantName = "[No Variations]"
Add component (AddParameter): Name = "ComponentLink3URL"; Value = "http://www.ti.com/litv/pdf/mpds018i"; VariantName = "[No Variations]"
Add component (AddParameter): Name = "DatasheetVersion"; Value = "SBOS068C"; VariantName = "[No Variations]"
Add component (AddParameter): Name = "Eco-Plan"; Value = "Green (RoHS & no Sb/Br)"; VariantName = "[No Variations]"
Add component (AddParameter): Name = "Gain Bandwidth"; Value = ""; VariantName = "[No Variations]"
Add component (AddParameter): Name = "GBW(Typ)(MHz)"; Value = ""; VariantName = "[No Variations]"
Add component (AddParameter): Name = "IIB(Max)(pA)"; Value = "10"; VariantName = "[No Variations]"
Add component (AddParameter): Name = "Iq per channel(Max)(mA)"; Value = "0.032"; VariantName = "[No Variations]"
Add component (AddParameter): Name = "Manufacturer"; Value = "Texas Instruments"; VariantName = "[No Variations]"
Add component (AddParameter): Name = "Mounting Technology"; Value = "Surface Mount"; VariantName = "[No Variations]"
Add component (AddParameter): Name = "Number of Channels"; Value = "1"; VariantName = "[No Variations]"
Add component (AddParameter): Name = "Offset Drift(Typ)(uV/C)"; Value = "1.5"; VariantName = "[No Variations]"
Add component (AddParameter): Name = "PackageDescription"; Value = "5-Pin Plastic Small Outline, Body 1.6 x 2.9 mm, Pitch 0.95 mm"; VariantName = "[No Variations]"
Add component (AddParameter): Name = "PackageReference"; Value = "DBV0005A"; VariantName = "[No Variations]"
Add component (AddParameter): Name = "PackageVersion"; Value = "4073253-4/K, 03/2006"; VariantName = "[No Variations]"
Add component (AddParameter): Name = "Packing"; Value = ""; VariantName = "[No Variations]"
Add component (AddParameter): Name = "PartNumber"; Value = "OPA336NA/250"; VariantName = "[No Variations]"
Add component (AddParameter): Name = "Rating"; Value = ""; VariantName = "[No Variations]"
Add component (AddParameter): Name = "RevisionNote"; Value = ""; VariantName = "[No Variations]"
Add component (AddParameter): Name = "RoHS"; Value = ""; VariantName = "[No Variations]"
Add component (AddParameter): Name = "Slew Rate"; Value = ""; VariantName = "[No Variations]"
Add component (AddParameter): Name = "Slew Rate(Typ)(V/us)"; Value = "0.03"; VariantName = "[No Variations]"
Add component (AddParameter): Name = "Sub Family"; Value = "Low Input Bias Current Amp (<=10pA), Low Offset Voltage Amplifier (<=500uV), Low Power Amp (<=500uA), Low Supply Voltage Amplifier (<=2.7V), Precision Amplifier"; VariantName = "[No Variations]"
Add component (AddParameter): Name = "SubFamily"; Value = ""; VariantName = "[No Variations]"
Add component (AddParameter): Name = "Supply Voltage Max"; Value = ""; VariantName = "[No Variations]"
Add component (AddParameter): Name = "Supply Voltage Min"; Value = ""; VariantName = "[No Variations]"
Add component (AddParameter): Name = "Temperature Max"; Value = ""; VariantName = "[No Variations]"
Add component (AddParameter): Name = "Temperature Min"; Value = ""; VariantName = "[No Variations]"
Add component (AddParameter): Name = "Total Supply Voltage(Max)(+5V is 5, +/-5V is 10)"; Value = "5.5"; VariantName = "[No Variations]"
Add component (AddParameter): Name = "Total Supply Voltage(Min)(+5V is 5, +/-5V is 10)"; Value = "2.3"; VariantName = "[No Variations]"
Add component (AddParameter): Name = "Vio (25C)(Max)(mV)"; Value = "0.5"; VariantName = "[No Variations]"
Add component (AddParameter): Name = "Vmax(V)"; Value = ""; VariantName = "[No Variations]"
Add component (AddParameter): Name = "Vmin(V)"; Value = ""; VariantName = "[No Variations]"
Add component (AddParameter): Name = "Vn at 1kHz(Typ)(nV/rtHz)"; Value = "40"; VariantName = "[No Variations]"
Added Component: Designator=U9_Thermocouple4(DBV0005A_M)
Add component (AddParameter): Name = "Channel"; Value = ""; VariantName = "[No Variations]"
Add component (AddParameter): Name = "CMRR(Min)(dB)"; Value = "76"; VariantName = "[No Variations]"
Add component (AddParameter): Name = "Code_JEDEC"; Value = "MO-178"; VariantName = "[No Variations]"
Add component (AddParameter): Name = "ComponentLink1Description"; Value = "Manufacturer URL"; VariantName = "[No Variations]"
Add component (AddParameter): Name = "ComponentLink1URL"; Value = "http://www.ti.com/"; VariantName = "[No Variations]"
Add component (AddParameter): Name = "ComponentLink2Description"; Value = "Datasheet"; VariantName = "[No Variations]"
Add component (AddParameter): Name = "ComponentLink2URL"; Value = "http://www.ti.com/general/docs/lit/getliterature.tsp?genericPartNumber=OPA336&fileType=pdf"; VariantName = "[No Variations]"
Add component (AddParameter): Name = "ComponentLink3Description"; Value = "Package Specification"; VariantName = "[No Variations]"
Add component (AddParameter): Name = "ComponentLink3URL"; Value = "http://www.ti.com/litv/pdf/mpds018i"; VariantName = "[No Variations]"
Add component (AddParameter): Name = "DatasheetVersion"; Value = "SBOS068C"; VariantName = "[No Variations]"
Add component (AddParameter): Name = "Eco-Plan"; Value = "Green (RoHS & no Sb/Br)"; VariantName = "[No Variations]"
Add component (AddParameter): Name = "Gain Bandwidth"; Value = ""; VariantName = "[No Variations]"
Add component (AddParameter): Name = "GBW(Typ)(MHz)"; Value = ""; VariantName = "[No Variations]"
Add component (AddParameter): Name = "IIB(Max)(pA)"; Value = "10"; VariantName = "[No Variations]"
Add component (AddParameter): Name = "Iq per channel(Max)(mA)"; Value = "0.032"; VariantName = "[No Variations]"
Add component (AddParameter): Name = "Manufacturer"; Value = "Texas Instruments"; VariantName = "[No Variations]"
Add component (AddParameter): Name = "Mounting Technology"; Value = "Surface Mount"; VariantName = "[No Variations]"
Add component (AddParameter): Name = "Number of Channels"; Value = "1"; VariantName = "[No Variations]"
Add component (AddParameter): Name = "Offset Drift(Typ)(uV/C)"; Value = "1.5"; VariantName = "[No Variations]"
Add component (AddParameter): Name = "PackageDescription"; Value = "5-Pin Plastic Small Outline, Body 1.6 x 2.9 mm, Pitch 0.95 mm"; VariantName = "[No Variations]"
Add component (AddParameter): Name = "PackageReference"; Value = "DBV0005A"; VariantName = "[No Variations]"
Add component (AddParameter): Name = "PackageVersion"; Value = "4073253-4/K, 03/2006"; VariantName = "[No Variations]"
Add component (AddParameter): Name = "Packing"; Value = ""; VariantName = "[No Variations]"
Add component (AddParameter): Name = "PartNumber"; Value = "OPA336NA/250"; VariantName = "[No Variations]"
Add component (AddParameter): Name = "Rating"; Value = ""; VariantName = "[No Variations]"
Add component (AddParameter): Name = "RevisionNote"; Value = ""; VariantName = "[No Variations]"
Add component (AddParameter): Name = "RoHS"; Value = ""; VariantName = "[No Variations]"
Add component (AddParameter): Name = "Slew Rate"; Value = ""; VariantName = "[No Variations]"
Add component (AddParameter): Name = "Slew Rate(Typ)(V/us)"; Value = "0.03"; VariantName = "[No Variations]"
Add component (AddParameter): Name = "Sub Family"; Value = "Low Input Bias Current Amp (<=10pA), Low Offset Voltage Amplifier (<=500uV), Low Power Amp (<=500uA), Low Supply Voltage Amplifier (<=2.7V), Precision Amplifier"; VariantName = "[No Variations]"
Add component (AddParameter): Name = "SubFamily"; Value = ""; VariantName = "[No Variations]"
Add component (AddParameter): Name = "Supply Voltage Max"; Value = ""; VariantName = "[No Variations]"
Add component (AddParameter): Name = "Supply Voltage Min"; Value = ""; VariantName = "[No Variations]"
Add component (AddParameter): Name = "Temperature Max"; Value = ""; VariantName = "[No Variations]"
Add component (AddParameter): Name = "Temperature Min"; Value = ""; VariantName = "[No Variations]"
Add component (AddParameter): Name = "Total Supply Voltage(Max)(+5V is 5, +/-5V is 10)"; Value = "5.5"; VariantName = "[No Variations]"
Add component (AddParameter): Name = "Total Supply Voltage(Min)(+5V is 5, +/-5V is 10)"; Value = "2.3"; VariantName = "[No Variations]"
Add component (AddParameter): Name = "Vio (25C)(Max)(mV)"; Value = "0.5"; VariantName = "[No Variations]"
Add component (AddParameter): Name = "Vmax(V)"; Value = ""; VariantName = "[No Variations]"
Add component (AddParameter): Name = "Vmin(V)"; Value = ""; VariantName = "[No Variations]"
Add component (AddParameter): Name = "Vn at 1kHz(Typ)(nV/rtHz)"; Value = "40"; VariantName = "[No Variations]"
Added Pin To Net: NetName=GND Pin=C9_Thermocouple1-1
Added Pin To Net: NetName=VCC Pin=C9_Thermocouple1-2
Added Pin To Net: NetName=GND Pin=C9_Thermocouple2-1
Added Pin To Net: NetName=VCC Pin=C9_Thermocouple2-2
Added Pin To Net: NetName=GND Pin=C9_Thermocouple3-1
Added Pin To Net: NetName=VCC Pin=C9_Thermocouple3-2
Added Pin To Net: NetName=GND Pin=C9_Thermocouple4-1
Added Pin To Net: NetName=VCC Pin=C9_Thermocouple4-2
Added Pin To Net: NetName=LED Pin=C13_Photo-Diode Board1-2
Added Pin To Net: NetName=LED Pin=C13_Photo-Diode Board2-2
Added Pin To Net: NetName=GND Pin=D1_Photo-Diode Board1-1
Added Pin To Net: NetName=GND Pin=D1_Photo-Diode Board2-1
Added Pin To Net: NetName=LED Pin=R1_Photo-Diode Board1-2
Added Pin To Net: NetName=LED Pin=R1_Photo-Diode Board2-2
Added Pin To Net: NetName=GND Pin=R2_Thermocouple1-2
Added Pin To Net: NetName=GND Pin=R2_Thermocouple2-2
Added Pin To Net: NetName=GND Pin=R2_Thermocouple3-2
Added Pin To Net: NetName=GND Pin=R2_Thermocouple4-2
Added Pin To Net: NetName=LED Pin=U3_Photo-Diode Board1-1
Added Pin To Net: NetName=GND Pin=U3_Photo-Diode Board1-2
Added Pin To Net: NetName=GND Pin=U3_Photo-Diode Board1-3
Added Pin To Net: NetName=5V0 Pin=U3_Photo-Diode Board1-5
Added Pin To Net: NetName=LED Pin=U3_Photo-Diode Board2-1
Added Pin To Net: NetName=GND Pin=U3_Photo-Diode Board2-2
Added Pin To Net: NetName=GND Pin=U3_Photo-Diode Board2-3
Added Pin To Net: NetName=5V0 Pin=U3_Photo-Diode Board2-5
Added Pin To Net: NetName=NetC5_2 Pin=U4-1
Added Pin To Net: NetName=GND Pin=U4-3
Added Pin To Net: NetName=GND Pin=U4_Thermocouple1-2
Added Pin To Net: NetName=VCC Pin=U4_Thermocouple1-5
Added Pin To Net: NetName=GND Pin=U4_Thermocouple2-2
Added Pin To Net: NetName=VCC Pin=U4_Thermocouple2-5
Added Pin To Net: NetName=GND Pin=U4_Thermocouple3-2
Added Pin To Net: NetName=VCC Pin=U4_Thermocouple3-5
Added Pin To Net: NetName=GND Pin=U4_Thermocouple4-2
Added Pin To Net: NetName=VCC Pin=U4_Thermocouple4-5
Added Pin To Net: NetName=GND Pin=U9_Thermocouple1-2
Added Pin To Net: NetName=VCC Pin=U9_Thermocouple1-4
Added Pin To Net: NetName=VCC Pin=U9_Thermocouple1-5
Added Pin To Net: NetName=GND Pin=U9_Thermocouple2-2
Added Pin To Net: NetName=VCC Pin=U9_Thermocouple2-4
Added Pin To Net: NetName=VCC Pin=U9_Thermocouple2-5
Added Pin To Net: NetName=GND Pin=U9_Thermocouple3-2
Added Pin To Net: NetName=VCC Pin=U9_Thermocouple3-4
Added Pin To Net: NetName=VCC Pin=U9_Thermocouple3-5
Added Pin To Net: NetName=GND Pin=U9_Thermocouple4-2
Added Pin To Net: NetName=VCC Pin=U9_Thermocouple4-4
Added Pin To Net: NetName=VCC Pin=U9_Thermocouple4-5
Added Pin To Net: NetName=NetC13_Photo-Diode Board1_1 Pin=C13_Photo-Diode Board1-1
Added Pin To Net: NetName=NetC13_Photo-Diode Board1_1 Pin=D1_Photo-Diode Board1-2
Added Pin To Net: NetName=NetC13_Photo-Diode Board1_1 Pin=R1_Photo-Diode Board1-1
Added Pin To Net: NetName=NetC13_Photo-Diode Board1_1 Pin=U3_Photo-Diode Board1-4
Added Net: Name=NetC13_Photo-Diode Board1_1
Added Pin To Net: NetName=NetC13_Photo-Diode Board2_1 Pin=C13_Photo-Diode Board2-1
Added Pin To Net: NetName=NetC13_Photo-Diode Board2_1 Pin=D1_Photo-Diode Board2-2
Added Pin To Net: NetName=NetC13_Photo-Diode Board2_1 Pin=R1_Photo-Diode Board2-1
Added Pin To Net: NetName=NetC13_Photo-Diode Board2_1 Pin=U3_Photo-Diode Board2-4
Added Net: Name=NetC13_Photo-Diode Board2_1
Added Pin To Net: NetName=NetJ3_Thermocouple1_1 Pin=U4_Thermocouple1-1
Added Pin To Net: NetName=NetJ3_Thermocouple1_1 Pin=U4_Thermocouple1-4
Added Net: Name=NetJ3_Thermocouple1_1
Added Pin To Net: NetName=NetJ3_Thermocouple2_1 Pin=U4_Thermocouple2-1
Added Pin To Net: NetName=NetJ3_Thermocouple2_1 Pin=U4_Thermocouple2-4
Added Net: Name=NetJ3_Thermocouple2_1
Added Pin To Net: NetName=NetJ3_Thermocouple3_1 Pin=U4_Thermocouple3-1
Added Pin To Net: NetName=NetJ3_Thermocouple3_1 Pin=U4_Thermocouple3-4
Added Net: Name=NetJ3_Thermocouple3_1
Added Pin To Net: NetName=NetJ3_Thermocouple4_1 Pin=U4_Thermocouple4-1
Added Pin To Net: NetName=NetJ3_Thermocouple4_1 Pin=U4_Thermocouple4-4
Added Net: Name=NetJ3_Thermocouple4_1
Added Pin To Net: NetName=NetR2_Thermocouple1_1 Pin=R2_Thermocouple1-1
Added Pin To Net: NetName=NetR2_Thermocouple1_1 Pin=R6_Thermocouple1-2
Added Pin To Net: NetName=NetR2_Thermocouple1_1 Pin=U9_Thermocouple1-3
Added Net: Name=NetR2_Thermocouple1_1
Added Pin To Net: NetName=NetR2_Thermocouple2_1 Pin=R2_Thermocouple2-1
Added Pin To Net: NetName=NetR2_Thermocouple2_1 Pin=R6_Thermocouple2-2
Added Pin To Net: NetName=NetR2_Thermocouple2_1 Pin=U9_Thermocouple2-3
Added Net: Name=NetR2_Thermocouple2_1
Added Pin To Net: NetName=NetR2_Thermocouple3_1 Pin=R2_Thermocouple3-1
Added Pin To Net: NetName=NetR2_Thermocouple3_1 Pin=R6_Thermocouple3-2
Added Pin To Net: NetName=NetR2_Thermocouple3_1 Pin=U9_Thermocouple3-3
Added Net: Name=NetR2_Thermocouple3_1
Added Pin To Net: NetName=NetR2_Thermocouple4_1 Pin=R2_Thermocouple4-1
Added Pin To Net: NetName=NetR2_Thermocouple4_1 Pin=R6_Thermocouple4-2
Added Pin To Net: NetName=NetR2_Thermocouple4_1 Pin=U9_Thermocouple4-3
Added Net: Name=NetR2_Thermocouple4_1
Added Pin To Net: NetName=NetR6_Thermocouple1_1 Pin=R6_Thermocouple1-1
Added Pin To Net: NetName=NetR6_Thermocouple1_1 Pin=U4_Thermocouple1-3
Added Pin To Net: NetName=NetR6_Thermocouple1_1 Pin=U9_Thermocouple1-1
Added Net: Name=NetR6_Thermocouple1_1
Added Pin To Net: NetName=NetR6_Thermocouple2_1 Pin=R6_Thermocouple2-1
Added Pin To Net: NetName=NetR6_Thermocouple2_1 Pin=U4_Thermocouple2-3
Added Pin To Net: NetName=NetR6_Thermocouple2_1 Pin=U9_Thermocouple2-1
Added Net: Name=NetR6_Thermocouple2_1
Added Pin To Net: NetName=NetR6_Thermocouple3_1 Pin=R6_Thermocouple3-1
Added Pin To Net: NetName=NetR6_Thermocouple3_1 Pin=U4_Thermocouple3-3
Added Pin To Net: NetName=NetR6_Thermocouple3_1 Pin=U9_Thermocouple3-1
Added Net: Name=NetR6_Thermocouple3_1
Added Pin To Net: NetName=NetR6_Thermocouple4_1 Pin=R6_Thermocouple4-1
Added Pin To Net: NetName=NetR6_Thermocouple4_1 Pin=U4_Thermocouple4-3
Added Pin To Net: NetName=NetR6_Thermocouple4_1 Pin=U9_Thermocouple4-1
Added Net: Name=NetR6_Thermocouple4_1
Change Class Name : Old Net Name=Thermocouple New Net Name=Designator
Added Class: Name=Photo-Diode Board1
Added Class: Name=Photo-Diode Board2
Added Class: Name=Pressure1
Added Class: Name=Pressure2
Added Class: Name=Thermocouple1
Added Class: Name=Thermocouple2
Added Class: Name=Thermocouple3
Added Class: Name=Thermocouple4
Added Class: Name=Photo-Diode Board
Added Class: Name=Pressure
Added Class: Name=Thermocouple
Added Member To Class: ClassName=Designator Member=Component C5 Cap
Added Member To Class: ClassName=Designator Member=Component C6 Cap
Added Member To Class: ClassName=Designator Member=Component C7 Cap
Added Member To Class: ClassName=Designator Member=Component C8 Cap
Added Member To Class: ClassName=Designator Member=Component R5 Res1
Added Member To Class: ClassName=Designator Member=Component U5 MCP2515-I/SO
Added Member To Class: ClassName=Designator Member=Component U7 TCAN334DR
Change Room Name: Old Name=Designator_3 New Name=Designator
Change Room Name: Old Name=Designator_2 New Name=Designator
Change Room Name: Old Name=Photo-Diode Board New Name=Thermocouple1
Change Room Scope: Old Scope=InComponentClass('Photo-Diode Board') New Scope=InComponentClass('Thermocouple1')
Change Room Name: Old Name=Thermocouple New Name=Pressure2
Change Room Scope: Old Scope=InComponentClass('Thermocouple') New Scope=InComponentClass('Pressure2')
Added Room: Name=Designator
Added Room: Name=Photo-Diode Board1
Added Room: Name=Photo-Diode Board2
Added Room: Name=Pressure1
Added Room: Name=Thermocouple2
Added Room: Name=Thermocouple3
Added Room: Name=Thermocouple4
