Removed Pin From Net: NetName=MCLR Pin=P1-1
Removed Pin From Net: NetName=VCC Pin=P1-2
Removed Pin From Net: NetName=GND Pin=P1-3
Removed Pin From Net: NetName=DAT Pin=P1-4
Removed Pin From Net: NetName=CLK Pin=P1-5
Added Component: Designator=P1(HDR1X5)
Add component (AddParameter): Name = "LatestRevisionDate"; Value = "17-Jul-2002"; VariantName = "[No Variations]"
Add component (AddParameter): Name = "LatestRevisionNote"; Value = "Re-released for DXP Platform."; VariantName = "[No Variations]"
Add component (AddParameter): Name = "Publisher"; Value = "Altium Limited"; VariantName = "[No Variations]"
Added Pin To Net: NetName=MCLR Pin=P1-1
Added Pin To Net: NetName=VCC Pin=P1-2
Added Pin To Net: NetName=GND Pin=P1-3
Added Pin To Net: NetName=DAT Pin=P1-4
Added Pin To Net: NetName=CLK Pin=P1-5
Change Net Name : Old Net Name=NetC18_2 New Net Name=TMPOUT
Change Net Name : Old Net Name=NetU2_10 New Net Name=SS ACC
Change Net Name : Old Net Name=NetU2_32 New Net Name=TX2RTS
Change Net Name : Old Net Name=NetU2_35 New Net Name=TX1RTS
Change Net Name : Old Net Name=NetU2_36 New Net Name=TX0RTS
Added Member To Class: ClassName=Thermo2 Member=Component U4_Thermo2 (U4) OPA336NA/250
