Added Pin To Net: NetName=3v3 Pin=C3-2
Added Pin To Net: NetName=3v3 Pin=C7-2
Added Pin To Net: NetName=MCLR Pin=P1-1
Added Pin To Net: NetName=THERMO1 Pin=U2-19
Added Pin To Net: NetName=THERMO2 Pin=U2-20
Added Pin To Net: NetName=THERMO2 Pin=U2-21
Added Pin To Net: NetName=THERMO1 Pin=U2-22
Change Net Name : Old Net Name=3v3 New Net Name=VDD
Added Pin To Net: NetName=CLK Pin=P1-5
Added Pin To Net: NetName=CLK Pin=U2-12
Added Net: Name=CLK
Added Pin To Net: NetName=DAT Pin=P1-4
Added Pin To Net: NetName=DAT Pin=U2-13
Added Net: Name=DAT
Added Pin To Net: NetName=LED1 Pin=J4-3
Added Pin To Net: NetName=LED1 Pin=U2-8
Added Net: Name=LED1
Added Pin To Net: NetName=LED2 Pin=J5-3
Added Pin To Net: NetName=LED2 Pin=U2-9
Added Net: Name=LED2
Added Member To Class: ClassName=LED[1..2] Member=Element[0]: LED
Added Member To Class: ClassName=LED[1..2] Member=Element[1]: LED
