Added Component: Designator=J?(CONN_B4B-XH-A (LF)(SN)_JST)
Add component (AddParameter): Name = "Built_By"; Value = "EMA_Cory"; VariantName = "[No Variations]"
Add component (AddParameter): Name = "Copyright"; Value = "Copyright (C) 2018 Accelerated Designs. All rights reserved"; VariantName = "[No Variations]"
Add component (AddParameter): Name = "Datasheet"; Value = "http://www.jst-mfg.com/product/pdf/eng/eXH.pdf"; VariantName = "[No Variations]"
Add component (AddParameter): Name = "Manufacturer_Part_Number"; Value = "B4B-XH-A (LF)(SN)"; VariantName = "[No Variations]"
Add component (AddParameter): Name = "RefDes"; Value = "RefDes"; VariantName = "[No Variations]"
Add component (AddParameter): Name = "SourceLibrary"; Value = "JST_2020-02-03"; VariantName = "[No Variations]"
Add component (AddParameter): Name = "Type"; Value = "DEV"; VariantName = "[No Variations]"
Add component (AddParameter): Name = "Vendor"; Value = "JST"; VariantName = "[No Variations]"
Added Component: Designator=U10(SOT-323_DIO)
Add component (AddParameter): Name = "Built_By"; Value = "EMA_UL_Team"; VariantName = "[No Variations]"
Add component (AddParameter): Name = "Copyright"; Value = "Copyright (C) 2018 Accelerated Designs. All rights reserved"; VariantName = "[No Variations]"
Add component (AddParameter): Name = "Manufacturer_Part_Number"; Value = "D5V0L2B3W-7"; VariantName = "[No Variations]"
Add component (AddParameter): Name = "RefDes"; Value = "RefDes"; VariantName = "[No Variations]"
Add component (AddParameter): Name = "SourceLibrary"; Value = "DIODESINC_2_2015-08-18"; VariantName = "[No Variations]"
Add component (AddParameter): Name = "Type"; Value = "DEV"; VariantName = "[No Variations]"
Add component (AddParameter): Name = "Vendor"; Value = "Diodes Inc"; VariantName = "[No Variations]"
Added Pin To Net: NetName=VDD Pin=C8-1
Added Pin To Net: NetName=VDD Pin=C16-2
Added Pin To Net: NetName=NetC15_2 Pin=J?-1
Added Pin To Net: NetName=NetC5_2 Pin=J?-2
Added Pin To Net: NetName=VDD Pin=J?-3
Added Pin To Net: NetName=GND Pin=J?-4
Added Pin To Net: NetName=NetC5_2 Pin=U10-1
Added Pin To Net: NetName=NetC15_2 Pin=U10-2
Added Pin To Net: NetName=GND Pin=U10-3
Change Net Name : Old Net Name=VDD New Net Name=VCC
Added Pin To Net: NetName=RXD Pin=U5-2
Added Pin To Net: NetName=RXD Pin=U7-4
Added Net: Name=RXD
