Added Component: Designator=J3_Thermo1(CONN_B2B-EH-A (LF)(SN)_JST)
Add component (AddParameter): Name = "Built_By"; Value = "EMA_TJ"; VariantName = "[No Variations]"
Add component (AddParameter): Name = "Copyright"; Value = "Copyright (C) 2018 Accelerated Designs. All rights reserved"; VariantName = "[No Variations]"
Add component (AddParameter): Name = "Manufacturer_Part_Number"; Value = "B2B-EH-A (LF)(SN)"; VariantName = "[No Variations]"
Add component (AddParameter): Name = "RefDes"; Value = "RefDes"; VariantName = "[No Variations]"
Add component (AddParameter): Name = "SourceLibrary"; Value = "JST_2019-01-31"; VariantName = "[No Variations]"
Add component (AddParameter): Name = "Type"; Value = "DEV"; VariantName = "[No Variations]"
Add component (AddParameter): Name = "Vendor"; Value = "JST"; VariantName = "[No Variations]"
Added Component: Designator=J3_Thermo2(CONN_B2B-EH-A (LF)(SN)_JST)
Add component (AddParameter): Name = "Built_By"; Value = "EMA_TJ"; VariantName = "[No Variations]"
Add component (AddParameter): Name = "Copyright"; Value = "Copyright (C) 2018 Accelerated Designs. All rights reserved"; VariantName = "[No Variations]"
Add component (AddParameter): Name = "Manufacturer_Part_Number"; Value = "B2B-EH-A (LF)(SN)"; VariantName = "[No Variations]"
Add component (AddParameter): Name = "RefDes"; Value = "RefDes"; VariantName = "[No Variations]"
Add component (AddParameter): Name = "SourceLibrary"; Value = "JST_2019-01-31"; VariantName = "[No Variations]"
Add component (AddParameter): Name = "Type"; Value = "DEV"; VariantName = "[No Variations]"
Add component (AddParameter): Name = "Vendor"; Value = "JST"; VariantName = "[No Variations]"
Added Component: Designator=J3_Thermo3(CONN_B2B-EH-A (LF)(SN)_JST)
Add component (AddParameter): Name = "Built_By"; Value = "EMA_TJ"; VariantName = "[No Variations]"
Add component (AddParameter): Name = "Copyright"; Value = "Copyright (C) 2018 Accelerated Designs. All rights reserved"; VariantName = "[No Variations]"
Add component (AddParameter): Name = "Manufacturer_Part_Number"; Value = "B2B-EH-A (LF)(SN)"; VariantName = "[No Variations]"
Add component (AddParameter): Name = "RefDes"; Value = "RefDes"; VariantName = "[No Variations]"
Add component (AddParameter): Name = "SourceLibrary"; Value = "JST_2019-01-31"; VariantName = "[No Variations]"
Add component (AddParameter): Name = "Type"; Value = "DEV"; VariantName = "[No Variations]"
Add component (AddParameter): Name = "Vendor"; Value = "JST"; VariantName = "[No Variations]"
Added Component: Designator=J3_Thermo4(CONN_B2B-EH-A (LF)(SN)_JST)
Add component (AddParameter): Name = "Built_By"; Value = "EMA_TJ"; VariantName = "[No Variations]"
Add component (AddParameter): Name = "Copyright"; Value = "Copyright (C) 2018 Accelerated Designs. All rights reserved"; VariantName = "[No Variations]"
Add component (AddParameter): Name = "Manufacturer_Part_Number"; Value = "B2B-EH-A (LF)(SN)"; VariantName = "[No Variations]"
Add component (AddParameter): Name = "RefDes"; Value = "RefDes"; VariantName = "[No Variations]"
Add component (AddParameter): Name = "SourceLibrary"; Value = "JST_2019-01-31"; VariantName = "[No Variations]"
Add component (AddParameter): Name = "Type"; Value = "DEV"; VariantName = "[No Variations]"
Add component (AddParameter): Name = "Vendor"; Value = "JST"; VariantName = "[No Variations]"
Added Pin To Net: NetName=GND Pin=J3_Thermo1-1
Added Pin To Net: NetName=NetC9_Thermo1_2 Pin=J3_Thermo1-2
Added Pin To Net: NetName=GND Pin=J3_Thermo2-1
Added Pin To Net: NetName=NetC9_Thermo2_2 Pin=J3_Thermo2-2
Added Pin To Net: NetName=GND Pin=J3_Thermo3-1
Added Pin To Net: NetName=NetC9_Thermo3_2 Pin=J3_Thermo3-2
Added Pin To Net: NetName=GND Pin=J3_Thermo4-1
Added Pin To Net: NetName=NetC9_Thermo4_2 Pin=J3_Thermo4-2
Added Member To Class: ClassName=Thermo1 Member=Component J3_Thermo1 (J3) B2B-EH-A (LF)(SN)
Added Member To Class: ClassName=Thermo2 Member=Component J3_Thermo2 (J3) B2B-EH-A (LF)(SN)
Added Member To Class: ClassName=Thermo3 Member=Component J3_Thermo3 (J3) B2B-EH-A (LF)(SN)
Added Member To Class: ClassName=Thermo4 Member=Component J3_Thermo4 (J3) B2B-EH-A (LF)(SN)
Added Member To Class: ClassName=LED[1..2] Member=Element[0]: LED
Added Member To Class: ClassName=LED[1..2] Member=Element[1]: LED
