Change Physical Footprint: Designator=20 Old Footprint=ECS-4X-3IL New Footprint=ECS-4X-3IL
Change Physical Footprint: Designator=C1 Old Footprint=0402-A New Footprint=0402-A
Change Physical Footprint: Designator=C2 Old Footprint=0402-A New Footprint=0402-A
Change Physical Footprint: Designator=C3 Old Footprint=1608[0603] New Footprint=1608[0603]
Change Physical Footprint: Designator=C4 Old Footprint=6-0805_M New Footprint=6-0805_M
Change Physical Footprint: Designator=C5 Old Footprint=1608[0603] New Footprint=1608[0603]
Change Physical Footprint: Designator=C7 Old Footprint=1608[0603] New Footprint=1608[0603]
Change Physical Footprint: Designator=C8 Old Footprint=1608[0603] New Footprint=1608[0603]
Change Physical Footprint: Designator=C9 Old Footprint=0402-A New Footprint=0402-A
Change Physical Footprint: Designator=C9 Old Footprint=0402-A New Footprint=0402-A
Change Physical Footprint: Designator=C9 Old Footprint=0402-A New Footprint=0402-A
Change Physical Footprint: Designator=C9 Old Footprint=0402-A New Footprint=0402-A
Change Physical Footprint: Designator=C10 Old Footprint=1608[0603] New Footprint=1608[0603]
Change Physical Footprint: Designator=C11 Old Footprint=6-0805_M New Footprint=6-0805_M
Change Physical Footprint: Designator=C12 Old Footprint=6-0805_M New Footprint=6-0805_M
Change Physical Footprint: Designator=C14 Old Footprint=1608[0603] New Footprint=1608[0603]
Change Physical Footprint: Designator=C15 Old Footprint=1608[0603] New Footprint=1608[0603]
Change Physical Footprint: Designator=C16 Old Footprint=1608[0603] New Footprint=1608[0603]
Change Physical Footprint: Designator=C18 Old Footprint=1608[0603] New Footprint=1608[0603]
Change Physical Footprint: Designator=C19 Old Footprint=1608[0603] New Footprint=1608[0603]
Change Physical Footprint: Designator=C165 Old Footprint=1608[0603] New Footprint=1608[0603]
Change Physical Footprint: Designator=C166 Old Footprint=1608[0603] New Footprint=1608[0603]
Change Physical Footprint: Designator=D3 Old Footprint=CDBA5 New Footprint=CDBA5
Change Physical Footprint: Designator=J3_Thermo1 Old Footprint=CONN_B2B-EH-A (LF)(SN)_JST New Footprint=CONN_B2B-EH-A (LF)(SN)_JST
Change Physical Footprint: Designator=J3_Thermo2 Old Footprint=CONN_B2B-EH-A (LF)(SN)_JST New Footprint=CONN_B2B-EH-A (LF)(SN)_JST
Change Physical Footprint: Designator=J3_Thermo3 Old Footprint=CONN_B2B-EH-A (LF)(SN)_JST New Footprint=CONN_B2B-EH-A (LF)(SN)_JST
Change Physical Footprint: Designator=J3_Thermo4 Old Footprint=CONN_B2B-EH-A (LF)(SN)_JST New Footprint=CONN_B2B-EH-A (LF)(SN)_JST
Change Physical Footprint: Designator=J6 Old Footprint=CONN_B4B-XH-A (LF)(SN)_JST New Footprint=CONN_B4B-XH-A (LF)(SN)_JST
Change Physical Footprint: Designator=L1 Old Footprint=SMD 2510 New Footprint=SMD 2510
Change Physical Footprint: Designator=P1 Old Footprint=HDR1X5 New Footprint=HDR1X5
Change Physical Footprint: Designator=P2 Old Footprint=CONN_B5B-XH-A (LF)(SN)_JST New Footprint=CONN_B5B-XH-A (LF)(SN)_JST
Change Physical Footprint: Designator=P3 Old Footprint=CONN_B5B-XH-A (LF)(SN)_JST New Footprint=CONN_B5B-XH-A (LF)(SN)_JST
Change Physical Footprint: Designator=R2 Old Footprint=0402-A New Footprint=0402-A
Change Physical Footprint: Designator=R2 Old Footprint=0402-A New Footprint=0402-A
Change Physical Footprint: Designator=R2 Old Footprint=0402-A New Footprint=0402-A
Change Physical Footprint: Designator=R2 Old Footprint=0402-A New Footprint=0402-A
Change Physical Footprint: Designator=R4 Old Footprint=1608[0603] New Footprint=1608[0603]
Change Physical Footprint: Designator=R5 Old Footprint=0402-A New Footprint=0402-A
Change Physical Footprint: Designator=R6 Old Footprint=0402-A New Footprint=0402-A
Change Physical Footprint: Designator=R6 Old Footprint=0402-A New Footprint=0402-A
Change Physical Footprint: Designator=R6 Old Footprint=0402-A New Footprint=0402-A
Change Physical Footprint: Designator=R6 Old Footprint=0402-A New Footprint=0402-A
Change Physical Footprint: Designator=R7 Old Footprint=1608[0603] New Footprint=1608[0603]
Change Physical Footprint: Designator=R8 Old Footprint=1608[0603] New Footprint=1608[0603]
Change Physical Footprint: Designator=R9 Old Footprint=0402-A New Footprint=0402-A
Change Physical Footprint: Designator=R14 Old Footprint=0402-A New Footprint=0402-A
Change Physical Footprint: Designator=U1 Old Footprint=SOT95P280X145-5N New Footprint=SOT95P280X145-5N
Change Physical Footprint: Designator=U2 Old Footprint=MCHP-TQFP-PT44_L New Footprint=MCHP-TQFP-PT44_L
Change Physical Footprint: Designator=U4 Old Footprint=DBV0005A_M New Footprint=DBV0005A_M
Change Physical Footprint: Designator=U4 Old Footprint=DBV0005A_M New Footprint=DBV0005A_M
Change Physical Footprint: Designator=U4 Old Footprint=DBV0005A_M New Footprint=DBV0005A_M
Change Physical Footprint: Designator=U4 Old Footprint=DBV0005A_M New Footprint=DBV0005A_M
Change Physical Footprint: Designator=U5 Old Footprint=SOIC-SO18_L New Footprint=SOIC-SO18_L
Change Physical Footprint: Designator=U7 Old Footprint=D0008A_N New Footprint=D0008A_N
Change Physical Footprint: Designator=U8 Old Footprint=FP-DBZ0003A-MFG New Footprint=FP-DBZ0003A-MFG
Change Physical Footprint: Designator=U9 Old Footprint=DBV0005A_M New Footprint=DBV0005A_M
Change Physical Footprint: Designator=U9 Old Footprint=DBV0005A_M New Footprint=DBV0005A_M
Change Physical Footprint: Designator=U9 Old Footprint=DBV0005A_M New Footprint=DBV0005A_M
Change Physical Footprint: Designator=U9 Old Footprint=DBV0005A_M New Footprint=DBV0005A_M
Change Physical Footprint: Designator=U10 Old Footprint=SOT-323_DIO New Footprint=SOT-323_DIO
Change Physical Footprint: Designator=U24 Old Footprint=FP-LGA-14L-DM00249496-MFG New Footprint=FP-LGA-14L-DM00249496-MFG
