Remove Pin=C3-2 From Net=VDD
Remove Pin=C7-2 From Net=VDD
Remove Pin=J4-3 From Net=LED
Remove Pin=J5-3 From Net=LED
Remove Pin=P1-1 From Net=MCLR
Remove Pin=P1-4 From Net=DAT
Remove Pin=P1-5 From Net=CLK
Remove Pin=U2-7 From Net=VDD
Remove Pin=U2-8 From Net=LED
Remove Pin=U2-9 From Net=LED
Remove Pin=U2-12 From Net=CLK
Remove Pin=U2-13 From Net=DAT
Remove Pin=U2-19 From Net=THERMO
Remove Pin=U2-20 From Net=THERMO
Remove Pin=U2-21 From Net=THERMO
Remove Pin=U2-22 From Net=THERMO
Remove Pin=U2-28 From Net=VDD
Remove Pin=U5-2 From Net=RXD
Remove Pin=U7-3 From Net=VCC
Remove Pin=U7-4 From Net=RXD
