Removed Pin From Net: NetName=GND Pin=R11-1
Removed Pin From Net: NetName=5V0 Pin=R11-2
Removed Member From Class: ClassName=Sheet1 Member=R11
Change Component Footprint: Designator=R16 Old Footprint=0402-A New Footprint=6-0805_M
Added Component: Designator=P5(HDR1X3)
Add component (AddParameter): Name = "LatestRevisionDate"; Value = "17-Jul-2002"; VariantName = "[No Variations]"
Add component (AddParameter): Name = "LatestRevisionNote"; Value = "Re-released for DXP Platform."; VariantName = "[No Variations]"
Add component (AddParameter): Name = "Publisher"; Value = "Altium Limited"; VariantName = "[No Variations]"
Added Component: Designator=P6(HDR1X2)
Add component (AddParameter): Name = "LatestRevisionDate"; Value = "17-Jul-2002"; VariantName = "[No Variations]"
Add component (AddParameter): Name = "LatestRevisionNote"; Value = "Re-released for DXP Platform."; VariantName = "[No Variations]"
Add component (AddParameter): Name = "Publisher"; Value = "Altium Limited"; VariantName = "[No Variations]"
Added Pin To Net: NetName=GND Pin=P5-1
Added Pin To Net: NetName=GND Pin=P6-1
Added Pin To Net: NetName=7V4 Pin=P6-2
Added Pin To Net: NetName=NetP5_2 Pin=P5-2
Added Pin To Net: NetName=NetP5_2 Pin=U2-3
Added Net: Name=NetP5_2
Added Member To Class: ClassName=Sheet1 Member=Component P5 Header 3
Added Member To Class: ClassName=Sheet1 Member=Component P6 Header 2
Added Room: Name=Sheet1
